c ## Tool Version: PdTRAV 3.5.0
c ## DD Version: Cudd-2.5.0
c ## Compile Date: sab 26 mar 2022, 12.00.22, CET
c ## Command: pdt40t -performAbcOpt 1 -strategy itp1ice -itpAigCore 1000 -itpCore 1000 -verbosity 4 -igrSide 0 -itpExactBoundDouble 0 -satTimeLimit 300 -itpDrup 3 ../aig/6s148.aig 
## Running Date: Sun Jul 17 08:16:47 2022
## Hostname: gpcserver-VirtualBox
CPU time adjustment: 0.49 s (norm 0.47 s) - scale factor: 1.042222
-- DDI Manager Init.
-- FSM Manager Init.
-- FSM Loading.
(Loading File ../aig/6s148.aig).
Delta: 3337 -> 2395
Lambda: 1 -> 1
latches: 2395 -> 2395
inputs: 480 -> 479
Property: !o0.
Design Statistics: 479 Inputs / 2395 State Vars / 37258 delta AIG Gates / 3 lambda AIG Gates
|Constraint|=0 nodes.
|Property|=3 nodes.
|Constraint|=0 nodes.
-- FSM Manager Init.
Warning: l1352 has Constant Input with Different Init Value.
Found 144 Peripheral Latches (84 1 s.) - 2252 Latches Remaining.
  Peripheral Latch Reduction; Delta Size: 37264 -> 32808.
Warning: l2032 has Constant Input with Different Init Value.
Warning: l1370 has Constant Input with Different Init Value.
Found 5 Peripheral Latches (5 1 s.) - 2247 Latches Remaining.
  Peripheral Latch Reduction; Delta Size: 32808 -> 32656.
Warning: l1368 has Constant Input with Different Init Value.
Found 1 Peripheral Latches (1 1 s.) - 2246 Latches Remaining.
  Peripheral Latch Reduction; Delta Size: 32656 -> 32655.
Warning: l1360 has Constant Input with Different Init Value.
Found 1 Peripheral Latches (1 1 s.) - 2245 Latches Remaining.
  Peripheral Latch Reduction; Delta Size: 32655 -> 32634.
Found 0 Peripheral Latches (0 1 s.) - 2245 Latches Remaining.
  Peripheral Latch Reduction; Delta Size: 32634 -> 32634.
Clock found; Name: l1320
clocked regs: n1=152, n0=149
Two phase reduction: 32634 -> 62650 (ph: 0)
-- TRAV Manager Init.
COI Reduction Performed: Kept 2245 State Vars out of 2246.
Original Delta: Size=62650; #Partitions=2246.
Reduced Delta: Size=62650; #Partitions=2245.
Original Delta: Size=62650; #Partitions=2245.
Remove var l3032
Remove var l3030
Remove var l3022
Remove var l3020
Remove var l3018
Remove var l3008
Remove var l3006
Remove var l3002
Remove var l2996
Remove var l2654
Remove var l2652
Remove var l2650
Remove var l2642
Remove var l2636
Remove var l2634
Remove var l2630
Remove var l2628
Remove var l2618
Remove var l2484
Remove var l2482
Remove var l2476
Remove var l2474
Remove var l2462
Remove var l2458
Remove var l2456
Remove var l2446
Remove var l2438
Remove var l2252
Remove var l2250
Remove var l2248
Remove var l2240
Remove var l2238
Remove var l2232
Remove var l2228
Remove var l2226
Remove var l2216
Remove var l1906
Remove var l1902
Remove var l1900
Remove var l1898
Remove var l1886
Remove var l1876
Remove var l1854
Remove var l1838
Remove var l1820
Remove var l1788
Remove var l1786
Remove var l1766
Remove var l1760
Remove var l1752
Remove var l1740
Remove var l1728
Remove var l1708
Remove var l1694
Remove var l1654
Remove var l1652
Remove var l1650
Remove var l1648
Remove var l1642
Remove var l1640
Remove var l1454
Remove var l1452
Remove var l1444
Remove var l1438
Remove var l1436
Remove var l1434
Remove var l1430
Remove var l1428
Remove var l1418
Remove var l1318
Remove var l1314
Remove var l1284
Remove var l1272
Remove var l1256
Remove var l1244
Remove var l1224
Remove var l1206
Remove var l1192
Remove var l1110
Remove var l962
Found 80 Constants; Reduced Delta: Size=55872; #Partitions=2245.
  SEQ equiv found(167 <- 182): l1316 <- l1356.
  SEQ equiv found(167 <- 207): l1316 <- l1414.
  SEQ equiv found(167 <- 219): l1316 <- l1456.
  SEQ equiv found(241 <- 257): l1504 <- l1572.
  SEQ equiv found(167 <- 260): l1316 <- l1578.
  SEQ equiv found(167 <- 288): l1316 <- l1634.
  SEQ equiv found(167 <- 289): l1316 <- l1636.
  SEQ equiv found(167 <- 291): l1316 <- l1644.
  SEQ equiv found(167 <- 292): l1316 <- l1646.
  SEQ equiv found(167 <- 351): l1316 <- l1790.
  SEQ equiv found(167 <- 356): l1316 <- l1800.
  SEQ equiv found(167 <- 401): l1316 <- l1908.
  SEQ equiv found(167 <- 402): l1316 <- l1910.
  SEQ equiv found(458 <- 467): l2022 <- l2042.
  SEQ equiv found(454 <- 471): l2014 <- l2050.
  SEQ equiv found(444 <- 481): l1994 <- l2070.
  SEQ equiv found(243 <- 508): l1508 <- l2124.
  SEQ equiv found(242 <- 521): l1506 <- l2154.
  SEQ equiv found(240 <- 525): l1502 <- l2162.
  SEQ equiv found(167 <- 550): l1316 <- l2212.
  SEQ equiv found(167 <- 562): l1316 <- l2254.
  SEQ equiv found(167 <- 620): l1316 <- l2410.
  SEQ equiv found(167 <- 649): l1316 <- l2486.
  SEQ equiv found(167 <- 681): l1316 <- l2586.
  SEQ equiv found(167 <- 707): l1316 <- l2656.
  SEQ equiv found(167 <- 722): l1316 <- l2686.
  SEQ equiv found(167 <- 731): l1316 <- l2706.
  SEQ equiv found(167 <- 732): l1316 <- l2708.
  SEQ equiv found(167 <- 774): l1316 <- l2830.
  SEQ equiv found(167 <- 787): l1316 <- l2856.
  SEQ equiv found(167 <- 788): l1316 <- l2858.
  SEQ equiv found(167 <- 799): l1316 <- l2880.
  SEQ equiv found(167 <- 804): l1316 <- l2890.
  SEQ equiv found(167 <- 809): l1316 <- l2900.
  SEQ equiv found(167 <- 810): l1316 <- l2902.
  SEQ equiv found(167 <- 824): l1316 <- l2930.
  SEQ equiv found(167 <- 829): l1316 <- l2940.
  SEQ equiv found(167 <- 833): l1316 <- l2948.
  SEQ equiv found(167 <- 834): l1316 <- l2950.
  SEQ equiv found(167 <- 835): l1316 <- l2952.
  SEQ equiv found(167 <- 839): l1316 <- l2960.
  SEQ equiv found(167 <- 842): l1316 <- l2966.
  SEQ equiv found(167 <- 843): l1316 <- l2968.
  SEQ equiv found(167 <- 844): l1316 <- l2970.
  SEQ equiv found(167 <- 852): l1316 <- l2986.
  SEQ equiv found(167 <- 855): l1316 <- l2992.
  SEQ equiv found(167 <- 867): l1316 <- l3034.
  SEQ equiv found(167 <- 911): l1316 <- l3158.
  SEQ equiv found(167 <- 912): l1316 <- l3160.
  SEQ equiv found(167 <- 913): l1316 <- l3162.
  SEQ equiv found(167 <- 914): l1316 <- l3164.
  SEQ equiv found(167 <- 915): l1316 <- l3166.
  SEQ equiv found(167 <- 916): l1316 <- l3168.
  SEQ equiv found(167 <- 917): l1316 <- l3170.
  SEQ equiv found(167 <- 918): l1316 <- l3172.
  SEQ equiv found(167 <- 926): l1316 <- l3188.
  SEQ equiv found(167 <- 929): l1316 <- l3194.
  SEQ equiv found(167 <- 930): l1316 <- l3196.
  SEQ equiv found(167 <- 935): l1316 <- l3206.
  SEQ equiv found(167 <- 938): l1316 <- l3212.
  SEQ equiv found(167 <- 939): l1316 <- l3214.
  SEQ equiv found(167 <- 944): l1316 <- l3224.
  SEQ equiv found(167 <- 949): l1316 <- l3234.
  SEQ equiv found(167 <- 951): l1316 <- l3238.
  SEQ equiv found(167 <- 1148): l1316 <- l3688.
  SEQ equiv found(167 <- 1152): l1316 <- l3696.
  SEQ equiv found(167 <- 1154): l1316 <- l3700.
  SEQ equiv found(167 <- 1164): l1316 <- l3720.
  SEQ equiv found(167 <- 1168): l1316 <- l3728.
  SEQ equiv found(167 <- 1172): l1316 <- l3736.
  SEQ equiv found(167 <- 1173): l1316 <- l3738.
  SEQ equiv found(167 <- 1174): l1316 <- l3740.
  SEQ equiv found(167 <- 1176): l1316 <- l3744.
  SEQ equiv found(167 <- 1181): l1316 <- l3754.
  SEQ equiv found(167 <- 1200): l1316 <- l3792.
  SEQ equiv found(167 <- 1201): l1316 <- l3794.
  SEQ equiv found(167 <- 1202): l1316 <- l3796.
  SEQ equiv found(167 <- 1203): l1316 <- l3798.
  SEQ equiv found(167 <- 1204): l1316 <- l3800.
  SEQ equiv found(167 <- 1205): l1316 <- l3802.
  SEQ equiv found(167 <- 1206): l1316 <- l3804.
  SEQ equiv found(167 <- 1207): l1316 <- l3806.
  SEQ equiv found(167 <- 1221): l1316 <- l3834.
  SEQ equiv found(167 <- 1361): l1316 <- l4134.
  SEQ equiv found(167 <- 1362): l1316 <- l4136.
  SEQ equiv found(167 <- 1363): l1316 <- l4138.
  SEQ equiv found(167 <- 1387): l1316 <- l4186.
  SEQ equiv found(167 <- 1388): l1316 <- l4188.
  SEQ equiv found(167 <- 1398): l1316 <- l4208.
  SEQ equiv found(167 <- 1478): l1316 <- l4368.
  SEQ equiv found(167 <- 1479): l1316 <- l4370.
  SEQ equiv found(167 <- 1482): l1316 <- l4376.
  SEQ equiv found(167 <- 1483): l1316 <- l4378.
  SEQ equiv found(167 <- 1486): l1316 <- l4384.
  SEQ equiv found(167 <- 1487): l1316 <- l4386.
  SEQ equiv found(167 <- 1490): l1316 <- l4392.
  SEQ equiv found(167 <- 1491): l1316 <- l4394.
  SEQ equiv found(167 <- 1495): l1316 <- l4402.
  SEQ equiv found(167 <- 1496): l1316 <- l4404.
  SEQ equiv found(167 <- 1497): l1316 <- l4406.
  SEQ equiv found(167 <- 1498): l1316 <- l4408.
  SEQ equiv found(167 <- 1499): l1316 <- l4410.
  SEQ equiv found(167 <- 1500): l1316 <- l4412.
  SEQ equiv found(167 <- 1501): l1316 <- l4414.
  SEQ equiv found(167 <- 1502): l1316 <- l4416.
  SEQ equiv found(167 <- 1524): l1316 <- l4464.
  SEQ equiv found(167 <- 1549): l1316 <- l4516.
  SEQ equiv found(167 <- 1550): l1316 <- l4518.
  SEQ equiv found(167 <- 1553): l1316 <- l4524.
  SEQ equiv found(167 <- 1554): l1316 <- l4526.
  SEQ equiv found(167 <- 1557): l1316 <- l4532.
  SEQ equiv found(167 <- 1558): l1316 <- l4534.
  SEQ equiv found(167 <- 1561): l1316 <- l4540.
  SEQ equiv found(167 <- 1562): l1316 <- l4542.
Found 114 seq EQ - Reduced DELTA - size: 55584 - components: 2165
Original Delta: Size=55584; #Partitions=2051.
Ternary Simulation: (1759)(1241)(187)(53)(11)(11)(11)(11)(11)(11)(11)(11)(11)(43)(11)(11)(11)(11)(11)(11)(11)TSIM found 538 EQUIVALENCES
Original Delta: Size=53716; #Partitions=2051.
Remove var l1316
Found 1 Constants; Reduced Delta: Size=53716; #Partitions=2051.

Ternary Simulation Performed: 21 iterations in 0.10 s; |R|=2575.
COI Reduction Performed: Kept 1775 State Vars out of 2050.
Original Delta: Size=53716; #Partitions=2050.
Reduced Delta: Size=49282; #Partitions=1775.
Circuit AIG stats: 459 inp / 1775 state vars / 49282 AIG gates.
Reduction run time: 1.3.
Invarspec: 3.
Init: 0.
148 stalled latches found
STEP: 0.
lazyRate: 1.000000 - itpOpt: 0 - optLevel: 1.
Using bwd cone at bound 0 (cone(aux): 3(0) - care: 0).
{COI: 1} curr NODE ID: 965449, baig Nodes: 176349.
 BMC (AIG size: 0/3/3) Full Cone (Aux): 3(0))
Interpolant FINITE RUN: cone=3, care=0.
fp chkTime: 0.02 s (norm 0.01 s)
  Aig interpolant inner iteration 0: |from:8207| -> ITP (|A|=6432,|B|=3)
ITP time limit: 10000
Solver stats: 6433/9016 vars/clauses (elim v/cl:0/0)
Solver stats: 0/1777/0 dec./prop./confl.
Solver stats: time = 0.00 s (norm 0.00 s)
ITP (|A|=6432,|B|=3)
ITP time limit: 10000
Solver stats: 6433/7239 vars/clauses
Solver stats: 0/0/0(0) dec./prop./confl.(small)
Solver stored decisions: 0
Solver stats: time = 0.00 s (norm 0.00 s)
computing interpolant from refutation proof of size 9550
ITP proof unit res. cl,: 0(A:0/B:0/AB:0 - equiv:0)
ITP proof two res. cl: 0(AB:0)
ITP core: (3,798 + 2) / 9551
core size 2 vars / 3 clauses (res core: 0)
Core   stats: 2/0 vars/clauses
Core   stats: 0/0/0(0) dec./prop./confl.(small)
Core   stats: time = 0.00 s (norm 0.00 s)
computing interpolant from refutation proof of size 4 (AIG nodes: 178923)
ITP proof unit res. cl,: 1(A:0/B:1/AB:0 - equiv:0)
ITP proof two res. cl: 0(AB:0)
ITP core: (3,0 + 2) / 5
ITP proof core: (root: 5,0 + chain: 2 (res: 2) - ref2: 1) / tot:7
ITP proof remapped roots: 3 - eq nodes: 2 - tot: 3
ROOT stats - zero: 0 - one: 2 - lit: 1 - clause: 0
ITP proof core: (root: 3,0 + chain: 0 (res: 0) - ref2: 0) / tot:3
ITP proof remapped roots: 3 - eq nodes: 0 - tot: 3
ROOT stats - zero: 0 - one: 0 - lit: 1 - clause: 0
ITP proof core: (root: 3,0 + chain: 0 (res: 0) - ref2: 0) / tot:3
ITP proof dupv: 0 [impl: 0] - implNodes: 0
ITP proof core: (root: 3,0 + chain: 0 (res: 0) - ref2: 0) / tot:3
ITP proof remapped roots: 3 - eq nodes: 0 - tot: 3
ROOT stats - zero: 0 - one: 0 - lit: 1 - clause: 0
ITP proof core: (root: 3,0 + chain: 0 (res: 0) - ref2: 0) / tot:3
ITP proof red Simpl (impl: 0): 0
ITP proof core: (root: 3,0 + chain: 0 (res: 0) - ref2: 0) / tot:3
ITP proof remapped roots: 3 - eq nodes: 0 - tot: 3
ROOT stats - zero: 0 - one: 0 - lit: 1 - clause: 0
ITP proof core: (root: 3,0 + chain: 0 (res: 0) - ref2: 0) / tot:3
ITP proof dupv: 0 - implNodesOdc: 0
ITP proof core: (root: 3,0 + chain: 0 (res: 0) - ref2: 0) / tot:3
ITP proof dupv: 0 [impl: 0] - implNodes: 0
interpolant OPT: 0 (0,0)
interpolant AUXV: 0 - AIG nodes 178923
interpolant stats: clause terms/a/o/ao -> 0/0/0/0 - A nodes: 0 (and->or): 0
ANALYZE CORE found 2/2 in core out of 3 nodes
itp opt: 1 -> 1
itp opt: 1 -> 1
TO: 1 (supp: 1) - AIG nodes 178923
|to:1|.
   |tr|=8205 |reached|=1.
*** Trav time: 0.10 s (norm 0.10 s) ***
fp chkTime: 0.15 s (norm 0.14 s)
  Aig interpolant inner iteration 1: |from:56780| -> ITP (|A|=55004,|B|=3)
ITP time limit: 10000
Solver stats: 55005/85774 vars/clauses (elim v/cl:0/0)
Solver stats: 34045/55005/0 dec./prop./confl.
Solver stats: time = 0.01 s (norm 0.01 s)
Inner loop REACHES back cone.

Using bwd cone at bound 1 (cone(aux): 47(0) - care: 0).
{COI: 1} curr NODE ID: 1019596, baig Nodes: 179381.
 BMC (AIG size: 0/47/3) Full Cone (Aux): 47(0))

Using bwd cone at bound 2 (cone(aux): 1271(0) - care: 0).
{COI: 1} curr NODE ID: 1024147, baig Nodes: 179864.
 BMC (AIG size: 0/1271/3) Full Cone (Aux): 1271(0))
Interpolant FINITE RUN: cone=1271, care=0.
fp chkTime: 0.02 s (norm 0.01 s)
  Aig interpolant inner iteration 0: |from:8207| -> ITP (|A|=6432,|B|=1271)
ITP time limit: 10000
Solver stats: 7526/9644 vars/clauses (elim v/cl:0/0)
Solver stats: 0/2268/0 dec./prop./confl.
Solver stats: time = 0.00 s (norm 0.00 s)
ITP (|A|=6432,|B|=1271)
ITP time limit: 10000
Solver stats: 7526/7376 vars/clauses
Solver stats: 0/0/0(0) dec./prop./confl.(small)
Solver stored decisions: 0
Solver stats: time = 0.00 s (norm 0.00 s)
computing interpolant from refutation proof of size 10725
ITP proof unit res. cl,: 0(A:0/B:0/AB:0 - equiv:0)
ITP proof two res. cl: 0(AB:0)
ITP core: (30,1455 + 22) / 10726
core size 29 vars / 30 clauses (res core: 0)
Core   stats: 29/0 vars/clauses
Core   stats: 0/0/0(0) dec./prop./confl.(small)
Core   stats: time = 0.00 s (norm 0.00 s)
computing interpolant from refutation proof of size 51 (AIG nodes: 180953)
ITP proof unit res. cl,: 21(A:0/B:21/AB:0 - equiv:0)
ITP proof two res. cl: 0(AB:0)
ITP core: (30,0 + 22) / 52
ITP proof core: (root: 32,0 + chain: 22 (res: 32) - ref2: 19) / tot:54
ITP proof remapped roots: 10 - eq nodes: 13 - tot: 19
ROOT stats - zero: 0 - one: 22 - lit: 8 - clause: 0
ITP proof core: (root: 10,0 + chain: 9 (res: 10) - ref2: 7) / tot:19
ITP proof remapped roots: 10 - eq nodes: 0 - tot: 19
ROOT stats - zero: 0 - one: 0 - lit: 8 - clause: 0
ITP proof core: (root: 10,0 + chain: 9 (res: 10) - ref2: 7) / tot:19
ITP proof dupv: 0 [impl: 0] - implNodes: 0
ITP proof core: (root: 10,0 + chain: 9 (res: 10) - ref2: 7) / tot:19
ITP proof remapped roots: 10 - eq nodes: 0 - tot: 19
ROOT stats - zero: 0 - one: 0 - lit: 8 - clause: 0
ITP proof core: (root: 10,0 + chain: 9 (res: 10) - ref2: 7) / tot:19
ITP proof red Simpl (impl: 0): 0
ITP proof core: (root: 10,0 + chain: 9 (res: 10) - ref2: 7) / tot:19
ITP proof remapped roots: 10 - eq nodes: 0 - tot: 19
ROOT stats - zero: 0 - one: 0 - lit: 8 - clause: 0
ITP proof core: (root: 10,0 + chain: 9 (res: 10) - ref2: 7) / tot:19
ITP proof dupv: 0 - implNodesOdc: 0
ITP proof core: (root: 10,0 + chain: 9 (res: 10) - ref2: 7) / tot:19
ITP proof dupv: 0 [impl: 0] - implNodes: 0
interpolant OPT: 0 (0,0)
interpolant AUXV: 0 - AIG nodes 180962
interpolant stats: clause terms/a/o/ao -> 9/0/0/9 - A nodes: 9 (and->or): 0
ANALYZE CORE found 29/29 in core out of 1271 nodes
itp opt: 17 -> 17
itp opt: 17 -> 17
TO: 17 (supp: 8) - AIG nodes 180962
|to:17|.
   |tr|=8205 |reached|=17.
*** Trav time: 0.56 s (norm 0.54 s) ***
fp chkTime: 0.14 s (norm 0.14 s)
  Aig interpolant inner iteration 1: |from:54938| -> ITP (|A|=53155,|B|=1271)
ITP time limit: 10000
Solver stats: 54249/84373 vars/clauses (elim v/cl:0/0)
Solver stats: 103613/195310/10 dec./prop./confl.
Solver stats: time = 0.02 s (norm 0.02 s)
Inner loop REACHES back cone.

Using bwd cone at bound 3 (cone(aux): 14421(0) - care: 0).
{COI: 1} curr NODE ID: 1076248, baig Nodes: 181395.
 BMC (AIG size: 0/14421/3) Full Cone (Aux): 14421(0))

Using bwd cone at bound 4 (cone(aux): 57496(0) - care: 0).
{COI: 1} curr NODE ID: 1081717, baig Nodes: 193774.
 BMC (AIG size: 27410/57496/3) Full Cone (Aux): 57496(0))
Interpolant FINITE RUN: cone=57496, care=0.
fp chkTime: 0.02 s (norm 0.02 s)
  Aig interpolant inner iteration 0: |from:8207| -> ITP (|A|=6432,|B|=57496)
ITP time limit: 10000
Solver stats: 62159/72959 vars/clauses (elim v/cl:0/0)
Solver stats: 14018/160686/437 dec./prop./confl.
Solver stats: time = 0.02 s (norm 0.02 s)
Solver Validation time = 0.00 s (norm 0.00 s) - prop:249293
Solver Replay time = 0.01 s (norm 0.01 s) - prop: 281519
computing interpolant from refutation proof of size 437 (AIG nodes: 248384)
RES PROOF REMOVED 140 redundant  literals
RES PROOF RECYCL PIV. REMOVED 937 resolutions
RESTRUCT PROOF REMOVED 64 redundant resolutions
RES PROOF PROCESSED: 1659 A, 8493 B, 10 resA, 17 resB, 8249 res (tot: 18428)
RES PROOF has 18385 core and 43 out of core nodes
RES PROOF compacted from 18428 to 18383 nodes
RES PROOF SWAPPED 472 resolution vars
resB: 0
GET PROOF 1666 A (0 resA) - 8470 B (0 resB) - 8247 res - 0 red
RES PROOF (noop) MOVED from (A:0+B:0) 0 B->A: 0 resA, 0 resB, 8247 res, 0 redundant (red root: 0)
resB: 0
GET PROOF 1666 A (0 resA) - 8470 B (0 resB) - 8247 res - 0 red
# A cl: 1666/10136
ITP proof core: (root: 1706,8432 + chain: 736 (res: 12285) - ref2: 546) / tot:18385
ITP proof remapped roots: 275 - eq nodes: 282 - tot: 729
ROOT stats - zero: 440 - one: 991 - lit: 273 - clause: 0
ITP proof core: (root: 275,0 + chain: 454 (res: 2328) - ref2: 339) / tot:729
ITP proof red Simpl (impl: 0): 0
ITP proof core: (root: 275,0 + chain: 454 (res: 2328) - ref2: 339) / tot:729
ITP proof remapped roots: 292 - eq nodes: 9 - tot: 736
ROOT stats - zero: 0 - one: 0 - lit: 273 - clause: 0
ITP proof core: (root: 292,0 + chain: 444 (res: 2296) - ref2: 334) / tot:736
ITP proof dupv: 0 [impl: 0] - implNodes: 0
ITP proof core: (root: 292,0 + chain: 444 (res: 2296) - ref2: 334) / tot:736
ITP proof remapped roots: 292 - eq nodes: 0 - tot: 736
ROOT stats - zero: 0 - one: 0 - lit: 273 - clause: 17
ITP proof core: (root: 292,0 + chain: 444 (res: 2296) - ref2: 334) / tot:736
ITP proof dupv: 0 - implNodesOdc: 61
ITP proof core: (root: 292,0 + chain: 444 (res: 2235) - ref2: 334) / tot:736
ITP proof dupv: 0 [impl: 0] - implNodes: 0
STRUCT ODC[OR:7]: 2199 -> 2167
TOT NNF SIMPL: 2167 -> (abcBal: 1689) -> 1420 (2 iterations)
RERUN PARTIAL ITP SIZE: 1420 - 0 auxv used

Solver RERUN1 with partial itp time = 0.00 s (norm 0.00 s))
Solver RERUN1 stats: 62159/10136 vars/clauses
RERUN1 proof has size size 720
Solver RERUN1 stats: 70377/101218/381 dec./prop./confl.

CHECK Solver Validation time = 0.00 s (norm 0.00 s))
RERUN Solver Replay time = 0.01 s (norm 0.01 s))
RERUN Solver res: 18369 - resolvents: 8290
# A cl: 1639/10090
ITP proof core: (root: 1672,8420 + chain: 737 (res: 12036) - ref2: 544) / tot:18359
ITP proof remapped roots: 274 - eq nodes: 271 - tot: 740
ROOT stats - zero: 415 - one: 983 - lit: 272 - clause: 0
ITP proof core: (root: 274,0 + chain: 466 (res: 2404) - ref2: 345) / tot:740
ITP proof red Simpl (impl: 0): 0
ITP proof core: (root: 274,0 + chain: 466 (res: 2404) - ref2: 345) / tot:740
ITP proof remapped roots: 293 - eq nodes: 9 - tot: 750
ROOT stats - zero: 0 - one: 0 - lit: 272 - clause: 0
ITP proof core: (root: 293,0 + chain: 457 (res: 2368) - ref2: 341) / tot:750
ITP proof dupv: 0 [impl: 0] - implNodes: 0
ITP proof core: (root: 293,0 + chain: 457 (res: 2368) - ref2: 341) / tot:750
ITP proof remapped roots: 293 - eq nodes: 0 - tot: 750
ROOT stats - zero: 0 - one: 0 - lit: 272 - clause: 19
ITP proof core: (root: 293,0 + chain: 457 (res: 2368) - ref2: 341) / tot:750
ITP proof dupv: 0 - implNodesOdc: 74
ITP proof core: (root: 293,0 + chain: 457 (res: 2294) - ref2: 341) / tot:750
ITP proof dupv: 0 [impl: 0] - implNodes: 0
STRUCT ODC[OR:5]: 2291 -> 2280
TOT NNF SIMPL: 2280 -> (abcBal: 1761) -> 1471 (2 iterations)
RERUN PARTIAL ITP2 SIZE: 1471

NNF PBA Solver time = 0.01 s (norm 0.01 s))
NNF PBA Solver stats: 58897/157924/479 dec./prop./confl.
NNF PBA Solver Validation time = 0.00 s (norm 0.00 s))
# AIG core -> gates: 1404 / 1553 (maxCut: 0)
NNF PBA size: 1471 -> 1322
# A cl: 1666/10136
interpolant OPT: 0 (0,0)
interpolant AUXV: 0 - AIG nodes 249699
itp stats: clause terms/a/o/ao -> 901/0/0/901 - A nodes: 0 (and->or): 32766
STRUCT ODC[OR:3]: 1322 -> 1322
TOT NNF SIMPL: 1322 -> (abcBal: 1316) -> 1310 (1 iterations)
ABC / nnf simp: 1140/1310
itp opt: 1310 -> 1310
TO: 1310 (supp: 190) - AIG nodes 249687
|to:1310|.
   |tr|=8205 |reached|=1310.
*** Trav time: 1.63 s (norm 1.56 s) ***
fp chkTime: 0.16 s (norm 0.16 s)
  Aig interpolant inner iteration 1: |from:57891| -> min/avg/max red id: 762/823/940
FOUND 3 const REDUNDANCIES
red size: 37 - F size 1310 -> 1310
computing interpolant in TO+
ITP (|A|=56115,|B|=57516)
ITP time limit: 10000
Solver stats: 111862/185406 vars/clauses (elim v/cl:0/0)
Solver stats: 363591/1741305/2735 dec./prop./confl.
Solver stats: time = 0.15 s (norm 0.14 s)
Solver Validation time = 0.02 s (norm 0.02 s) - prop:2026904
Solver Replay time = 0.02 s (norm 0.02 s) - prop: 2167853
computing interpolant from refutation proof of size 2737 (AIG nodes: 250806)
RES PROOF REMOVED 268 redundant  literals
RES PROOF RECYCL PIV. REMOVED 3038 resolutions
RESTRUCT PROOF REMOVED 741 redundant resolutions
RES PROOF PROCESSED: 2693 A, 1546 B, 763 resA, 96 resB, 1580 res (tot: 6678)
RES PROOF has 5435 core and 1243 out of core nodes
RES PROOF compacted from 6678 to 5430 nodes
RES PROOF SWAPPED 1252 resolution vars
resB: 0
GET PROOF 2417 A (0 resA) - 1438 B (0 resB) - 1575 res - 0 red
RES PROOF (noop) MOVED from (A:0+B:0) 0 B->A: 0 resA, 0 resB, 1575 res, 0 redundant (red root: 0)
resB: 0
GET PROOF 2417 A (0 resA) - 1438 B (0 resB) - 1575 res - 0 red
# A cl: 2417/3855
ITP proof core: (root: 3776,81 + chain: 1389 (res: 34221) - ref2: 822) / tot:5432
ITP proof remapped roots: 269 - eq nodes: 258 - tot: 1400
ROOT stats - zero: 2127 - one: 1380 - lit: 267 - clause: 0
ITP proof core: (root: 269,0 + chain: 1131 (res: 5413) - ref2: 630) / tot:1400
ITP proof red Simpl (impl: 0): 0
ITP proof core: (root: 269,0 + chain: 1131 (res: 5413) - ref2: 630) / tot:1400
ITP proof remapped roots: 366 - eq nodes: 7 - tot: 1422
ROOT stats - zero: 0 - one: 0 - lit: 267 - clause: 0
ITP proof core: (root: 344,0 + chain: 1056 (res: 5130) - ref2: 574) / tot:1422
ITP proof dupv: 0 [impl: 0] - implNodes: 0
ITP proof core: (root: 344,0 + chain: 1056 (res: 5130) - ref2: 574) / tot:1422
ITP proof remapped roots: 351 - eq nodes: 0 - tot: 1401
ROOT stats - zero: 0 - one: 0 - lit: 245 - clause: 97
ITP proof core: (root: 343,0 + chain: 1050 (res: 5117) - ref2: 570) / tot:1401
ITP proof dupv: 0 - implNodesOdc: 67
ITP proof core: (root: 343,0 + chain: 1050 (res: 5050) - ref2: 570) / tot:1401
ITP proof dupv: 0 [impl: 0] - implNodes: 0
STRUCT ODC[AND:52]: 4420 -> 3463
TOT NNF SIMPL: 3463 -> (abcBal: 2712) -> 2651 (1 iterations)
RERUN PARTIAL ITP SIZE: 2651 - 0 auxv used

Solver RERUN1 with partial itp time = 0.02 s (norm 0.02 s))
Solver RERUN1 stats: 111862/3855 vars/clauses
RERUN1 proof has size size 1901
Solver RERUN1 stats: 198223/383404/1899 dec./prop./confl.

CHECK Solver Validation time = 0.01 s (norm 0.01 s))
RERUN Solver Replay time = 0.01 s (norm 0.01 s))
RERUN Solver res: 4916 - resolvents: 1520
# A cl: 2228/3435
ITP proof core: (root: 3344,93 + chain: 1167 (res: 32571) - ref2: 689) / tot:4764
ITP proof remapped roots: 250 - eq nodes: 175 - tot: 1242
ROOT stats - zero: 1964 - one: 1130 - lit: 248 - clause: 0
ITP proof core: (root: 250,0 + chain: 992 (res: 5212) - ref2: 550) / tot:1242
ITP proof red Simpl (impl: 0): 0
ITP proof core: (root: 250,0 + chain: 992 (res: 5212) - ref2: 550) / tot:1242
ITP proof remapped roots: 330 - eq nodes: 2 - tot: 1270
ROOT stats - zero: 0 - one: 0 - lit: 248 - clause: 0
ITP proof core: (root: 308,0 + chain: 940 (res: 4966) - ref2: 509) / tot:1270
ITP proof dupv: 0 [impl: 0] - implNodes: 0
ITP proof core: (root: 308,0 + chain: 940 (res: 4966) - ref2: 509) / tot:1270
ITP proof remapped roots: 311 - eq nodes: 0 - tot: 1248
ROOT stats - zero: 0 - one: 0 - lit: 226 - clause: 80
ITP proof core: (root: 306,0 + chain: 937 (res: 4960) - ref2: 509) / tot:1248
ITP proof dupv: 0 - implNodesOdc: 39
ITP proof core: (root: 306,0 + chain: 937 (res: 4921) - ref2: 509) / tot:1248
ITP proof dupv: 0 [impl: 0] - implNodes: 0
STRUCT ODC[AND:41]: 4156 -> 3277
TOT NNF SIMPL: 3277 -> (abcBal: 2595) -> 2549 (1 iterations)
RERUN PARTIAL ITP2 SIZE: 2549

NNF PBA Solver time = 0.01 s (norm 0.01 s))
NNF PBA Solver stats: 75735/266959/954 dec./prop./confl.
NNF PBA Solver Validation time = 0.00 s (norm 0.00 s))
# AIG core -> gates: 1722 / 2655 (maxCut: 0)
NNF PBA size: 2549 -> 1620
# A cl: 2417/3855
interpolant OPT: 0 (0,0)
interpolant AUXV: 0 - AIG nodes 252024
itp stats: clause terms/a/o/ao -> 1987/0/0/1987 - A nodes: 0 (and->or): 32766
STRUCT ODC[AND:36]: 1620 -> 1618
TOT NNF SIMPL: 1618 -> (abcBal: 1556) -> 1525 (1 iterations)
ABC / nnf simp: 1094/1525
itp opt: 1525 -> 1525
29/32 (r:3) INDUCTIVE components found in TO+ (size: 1486)
|to simplify: 1525->1486|.
TO: 1486 (supp: 153) - AIG nodes 251889
TO*TO+: 1500 (supp: 153)
|to:1500|.
   |tr|=56780 |reached|=2391.
*** Trav time: 3.35 s (norm 3.21 s) ***
fp chkTime: 0.16 s (norm 0.15 s)
  Aig interpolant inner iteration 2: |from:57352| -> min/avg/max red id: 915/1225/1455
FOUND 8 const REDUNDANCIES
red size: 874 - F size 1469 -> 1469
computing interpolant in TO+
ITP (|A|=55545,|B|=58577)
ITP time limit: 10000
Solver stats: 112353/186591 vars/clauses (elim v/cl:0/0)
Solver stats: 570776/1781681/569 dec./prop./confl.
Solver stats: time = 0.20 s (norm 0.19 s)
Inner loop REACHES back cone.

Using bwd cone at bound 5 (cone(aux): 103314(0) - care: 0).
{COI: 1} curr NODE ID: 1196926, baig Nodes: 236474.
Full Cone (Aux): 103314(0))
Interpolant FINITE RUN: cone=103314, care=0.
fp chkTime: 0.02 s (norm 0.02 s)
  Aig interpolant inner iteration 0: |from:8207| -> ITP (|A|=6432,|B|=103314)
ITP time limit: 10000
Solver stats: 107977/145534 vars/clauses (elim v/cl:0/0)
Solver stats: 18775/1437823/3681 dec./prop./confl.
Solver stats: time = 0.13 s (norm 0.13 s)
Solver Validation time = 0.05 s (norm 0.05 s) - prop:2122609
Solver Replay time = 0.04 s (norm 0.04 s) - prop: 2374495
computing interpolant from refutation proof of size 4798 (AIG nodes: 335582)
RES PROOF REMOVED 411 redundant  literals
RES PROOF RECYCL PIV. REMOVED 3496 resolutions
RESTRUCT PROOF REMOVED 512 redundant resolutions
RES PROOF PROCESSED: 1739 A, 12096 B, 40 resA, 241 resB, 12169 res (tot: 26285)
RES PROOF has 26046 core and 239 out of core nodes
RES PROOF compacted from 26285 to 26040 nodes
RES PROOF SWAPPED 1212 resolution vars
resB: 0
GET PROOF 1755 A (0 resA) - 12122 B (0 resB) - 12163 res - 0 red
RES PROOF (noop) MOVED from (A:0+B:0) 0 B->A: 0 resA, 0 resB, 12163 res, 0 redundant (red root: 0)
resB: 0
GET PROOF 1755 A (0 resA) - 12122 B (0 resB) - 12163 res - 0 red
# A cl: 1755/13877
ITP proof core: (root: 3382,10497 + chain: 2464 (res: 63460) - ref2: 1571) / tot:26042
ITP proof remapped roots: 317 - eq nodes: 557 - tot: 2224
ROOT stats - zero: 483 - one: 2582 - lit: 315 - clause: 0
ITP proof core: (root: 317,0 + chain: 1907 (res: 11494) - ref2: 1161) / tot:2224
ITP proof red Simpl (impl: 0): 0
ITP proof core: (root: 317,0 + chain: 1907 (res: 11494) - ref2: 1161) / tot:2224
ITP proof remapped roots: 384 - eq nodes: 9 - tot: 2278
ROOT stats - zero: 0 - one: 0 - lit: 315 - clause: 0
ITP proof core: (root: 384,0 + chain: 1894 (res: 11316) - ref2: 1154) / tot:2278
ITP proof dupv: 0 [impl: 0] - implNodes: 0
ITP proof core: (root: 384,0 + chain: 1894 (res: 11316) - ref2: 1154) / tot:2278
ITP proof remapped roots: 385 - eq nodes: 0 - tot: 2279
ROOT stats - zero: 0 - one: 0 - lit: 315 - clause: 67
ITP proof core: (root: 385,0 + chain: 1894 (res: 11315) - ref2: 1154) / tot:2279
ITP proof dupv: 0 - implNodesOdc: 108
ITP proof core: (root: 385,0 + chain: 1894 (res: 11207) - ref2: 1154) / tot:2279
ITP proof dupv: 0 [impl: 0] - implNodes: 0
STRUCT ODC[OR:2]: 9083 -> 9083
TOT NNF SIMPL: 9083 -> (abcBal: 5919) -> 3869 (3 iterations)
RERUN PARTIAL ITP SIZE: 3869 - 0 auxv used

Solver RERUN1 with partial itp time = 0.02 s (norm 0.02 s))
Solver RERUN1 stats: 107977/13877 vars/clauses
RERUN1 proof has size size 4339
Solver RERUN1 stats: 87454/277715/2400 dec./prop./confl.

CHECK Solver Validation time = 0.02 s (norm 0.02 s))
RERUN Solver Replay time = 0.03 s (norm 0.03 s))
RERUN Solver res: 25417 - resolvents: 11918
# A cl: 1729/13562
ITP proof core: (root: 2997,10567 + chain: 2072 (res: 53368) - ref2: 1371) / tot:25358
ITP proof remapped roots: 290 - eq nodes: 457 - tot: 1905
ROOT stats - zero: 467 - one: 2240 - lit: 288 - clause: 0
ITP proof core: (root: 290,0 + chain: 1615 (res: 9683) - ref2: 1026) / tot:1905
ITP proof red Simpl (impl: 0): 0
ITP proof core: (root: 290,0 + chain: 1615 (res: 9683) - ref2: 1026) / tot:1905
ITP proof remapped roots: 366 - eq nodes: 7 - tot: 1969
ROOT stats - zero: 0 - one: 0 - lit: 288 - clause: 0
ITP proof core: (root: 366,0 + chain: 1603 (res: 9458) - ref2: 1018) / tot:1969
ITP proof dupv: 0 [impl: 0] - implNodes: 0
ITP proof core: (root: 366,0 + chain: 1603 (res: 9458) - ref2: 1018) / tot:1969
ITP proof remapped roots: 366 - eq nodes: 0 - tot: 1969
ROOT stats - zero: 0 - one: 0 - lit: 288 - clause: 76
ITP proof core: (root: 366,0 + chain: 1603 (res: 9458) - ref2: 1018) / tot:1969
ITP proof dupv: 0 - implNodesOdc: 107
ITP proof core: (root: 366,0 + chain: 1603 (res: 9351) - ref2: 1018) / tot:1969
ITP proof dupv: 0 [impl: 0] - implNodes: 0
STRUCT ODC[AND:588]: 7910 -> 4839
TOT NNF SIMPL: 4839 -> (abcBal: 3611) -> 3551 (1 iterations)
RERUN PARTIAL ITP2 SIZE: 3551

NNF PBA Solver time = 0.04 s (norm 0.03 s))
NNF PBA Solver stats: 105762/526006/2179 dec./prop./confl.
NNF PBA Solver Validation time = 0.01 s (norm 0.01 s))
# AIG core -> gates: 1847 / 3639 (maxCut: 0)
NNF PBA size: 3551 -> 1762
# A cl: 1755/13877
interpolant OPT: 0 (0,0)
interpolant AUXV: 0 - AIG nodes 337196
itp stats: clause terms/a/o/ao -> 3497/0/0/3497 - A nodes: 0 (and->or): 32766
STRUCT ODC[AND:288]: 1762 -> 1752
TOT NNF SIMPL: 1752 -> (abcBal: 1688) -> 1672 (1 iterations)
ABC / nnf simp: 1355/1672
itp opt: 1672 -> 1672
TO: 1672 (supp: 175) - AIG nodes 337106
|to:1672|.
   |tr|=8205 |reached|=1672.
*** Trav time: 6.35 s (norm 6.09 s) ***
fp chkTime: 0.16 s (norm 0.15 s)
  Aig interpolant inner iteration 1: |from:54998| -> min/avg/max red id: 227/958/1386
FOUND 192 const REDUNDANCIES
red size: 1035 - F size 1387 -> 1387
computing interpolant in TO+
ITP (|A|=52937,|B|=104962)
ITP time limit: 10000
Solver stats: 156130/261513 vars/clauses (elim v/cl:0/0)
Solver stats: 1840904/7423058/1866 dec./prop./confl.
Solver stats: time = 0.86 s (norm 0.82 s)
Inner loop REACHES back cone.

Using bwd cone at bound 6 (cone(aux): 149132(0) - care: 0).
{COI: 1} curr NODE ID: 1281577, baig Nodes: 282325.
 BMC (AIG size: 111161/149132/3) Full Cone (Aux): 149132(0))

Using bwd cone at bound 7 (cone(aux): 194950(0) - care: 0).
{COI: 1} curr NODE ID: 1288437, baig Nodes: 328143.
 BMC (AIG size: 156511/194950/3) Full Cone (Aux): 194950(0))
Interpolant FINITE RUN: cone=194950, care=0.
fp chkTime: 0.02 s (norm 0.02 s)
  Aig interpolant inner iteration 0: |from:8207| -> ITP (|A|=6432,|B|=194950)
ITP time limit: 10000
Solver stats: 199613/303724 vars/clauses (elim v/cl:0/0)
Solver stats: 687117/73729884/94534 dec./prop./confl.
Solver stats: time = 10.32 s (norm 9.90 s)
Solver Validation time = 2.32 s (norm 2.22 s) - prop:94816929
Solver Replay time = 0.78 s (norm 0.75 s) - prop: 99414517
computing interpolant from refutation proof of size 150190 (AIG nodes: 516247)
RES PROOF REMOVED 40427 redundant  literals
RES PROOF RECYCL PIV. REMOVED 34135 resolutions
RESTRUCT PROOF REMOVED 8342 redundant resolutions
RES PROOF PROCESSED: 2319 A, 21377 B, 402 resA, 3805 resB, 30966 res (tot: 58869)
RES PROOF has 56647 core and 2222 out of core nodes
RES PROOF compacted from 58869 to 56527 nodes
RES PROOF SWAPPED 7024 resolution vars
resB: 0
GET PROOF 2609 A (0 resA) - 23072 B (0 resB) - 30846 res - 0 red
RES PROOF (noop) MOVED from (A:0+B:0) 0 B->A: 0 resA, 0 resB, 30846 res, 0 redundant (red root: 0)
resB: 0
GET PROOF 2609 A (0 resA) - 23072 B (0 resB) - 30846 res - 0 red
# A cl: 2609/25681
ITP proof core: (root: 16459,9224 + chain: 21573 (res: 515133) - ref2: 12388) / tot:56529
ITP proof remapped roots: 615 - eq nodes: 4329 - tot: 17859
ROOT stats - zero: 1238 - one: 14606 - lit: 613 - clause: 0
ITP proof core: (root: 615,0 + chain: 17244 (res: 104758) - ref2: 9653) / tot:17859
ITP proof red Simpl (impl: 0): 0
ITP proof core: (root: 615,0 + chain: 17244 (res: 104758) - ref2: 9653) / tot:17859
ITP proof remapped roots: 769 - eq nodes: 71 - tot: 17841
ROOT stats - zero: 0 - one: 0 - lit: 613 - clause: 0
ITP proof core: (root: 768,0 + chain: 17072 (res: 102910) - ref2: 9567) / tot:17841
ITP proof dupv: 0 [impl: 0] - implNodes: 0
ITP proof core: (root: 768,0 + chain: 17072 (res: 102910) - ref2: 9567) / tot:17841
ITP proof remapped roots: 772 - eq nodes: 0 - tot: 17843
ROOT stats - zero: 0 - one: 0 - lit: 612 - clause: 154
ITP proof core: (root: 768,0 + chain: 17071 (res: 102904) - ref2: 9566) / tot:17843
ITP proof dupv: 0 - implNodesOdc: 4496
ITP proof core: (root: 768,0 + chain: 17071 (res: 98408) - ref2: 9566) / tot:17843
ITP proof dupv: 0 [impl: 0] - implNodes: 0
STRUCT ODC[AND:935]: 72414 -> 37503
TOT NNF SIMPL: 37503 -> (abcBal: 26747) -> 23985 (2 iterations)
RERUN PARTIAL ITP SIZE: 23985 - 0 auxv used

Solver RERUN1 with partial itp time = 1.55 s (norm 1.49 s))
Solver RERUN1 stats: 199613/25681 vars/clauses
RERUN1 proof has size size 95474
Solver RERUN1 stats: 426283/8800455/69087 dec./prop./confl.

CHECK Solver Validation time = 0.43 s (norm 0.41 s))
RERUN Solver Replay time = 0.42 s (norm 0.40 s))
RERUN Solver res: 52564 - resolvents: 29787
# A cl: 2538/24187
ITP proof core: (root: 15076,9113 + chain: 18047 (res: 370417) - ref2: 11052) / tot:51616
ITP proof remapped roots: 598 - eq nodes: 3433 - tot: 15212
ROOT stats - zero: 1204 - one: 13274 - lit: 596 - clause: 0
ITP proof core: (root: 598,0 + chain: 14614 (res: 81442) - ref2: 8647) / tot:15212
ITP proof red Simpl (impl: 0): 0
ITP proof core: (root: 598,0 + chain: 14614 (res: 81442) - ref2: 8647) / tot:15212
ITP proof remapped roots: 734 - eq nodes: 42 - tot: 15213
ROOT stats - zero: 0 - one: 0 - lit: 596 - clause: 0
ITP proof core: (root: 734,0 + chain: 14479 (res: 79368) - ref2: 8572) / tot:15213
ITP proof dupv: 0 [impl: 0] - implNodes: 0
ITP proof core: (root: 734,0 + chain: 14479 (res: 79368) - ref2: 8572) / tot:15213
ITP proof remapped roots: 736 - eq nodes: 0 - tot: 15215
ROOT stats - zero: 0 - one: 0 - lit: 596 - clause: 136
ITP proof core: (root: 735,0 + chain: 14479 (res: 79366) - ref2: 8572) / tot:15215
ITP proof dupv: 0 - implNodesOdc: 1671
ITP proof core: (root: 735,0 + chain: 14479 (res: 77695) - ref2: 8572) / tot:15215
ITP proof dupv: 0 [impl: 0] - implNodes: 0
STRUCT ODC[AND:3252]: 56390 -> 27512
TOT NNF SIMPL: 27512 -> (abcBal: 19709) -> 17866 (2 iterations)
RERUN PARTIAL ITP2 SIZE: 17866

NNF PBA Solver time = 1.91 s (norm 1.83 s))
NNF PBA Solver stats: 421014/21138783/50602 dec./prop./confl.
NNF PBA Solver Validation time = 1.00 s (norm 0.96 s))
# AIG core -> gates: 4918 / 17984 (maxCut: 0)
NNF PBA size: 17866 -> 4806
# A cl: 2609/25681
interpolant OPT: 0 (0,0)
interpolant AUXV: 0 - AIG nodes 520813
itp stats: clause terms/a/o/ao -> 31550/0/0/31550 - A nodes: 0 (and->or): 32766
STRUCT ODC[AND:983]: 4806 -> 4765
TOT NNF SIMPL: 4765 -> (abcBal: 4468) -> 4422 (1 iterations)
ABC / nnf simp: 3132/4422
itp opt: 4422 -> 4422
TO: 4422 (supp: 486) - AIG nodes 520429
|to:4422|.
   |tr|=8205 |reached|=4422.
*** Trav time: 113.84 s (norm 109.17 s) ***
fp chkTime: 0.13 s (norm 0.12 s)
  Aig interpolant inner iteration 1: |from:45477| -> min/avg/max red id: 517/2136/3468
FOUND 565 const REDUNDANCIES
red size: 2220 - F size 3469 -> 3469
computing interpolant in TO+
ITP (|A|=42748,|B|=198683)
ITP time limit: 10000
Solver stats: 239662/399998 vars/clauses (elim v/cl:0/0)
Solver stats: 1518277/112518954/111516 dec./prop./confl.
Solver stats: time = 16.97 s (norm 16.27 s)
Solver Validation time = 3.69 s (norm 3.54 s) - prop:143307600
Solver Replay time = 1.46 s (norm 1.40 s) - prop: 152490241
computing interpolant from refutation proof of size 134094 (AIG nodes: 536114)
ooouck
RES PROOF REMOVED 54774 redundant  literals
RES PROOF RECYCL PIV. REMOVED 43078 resolutions
RESTRUCT PROOF REMOVED 14540 redundant resolutions
RES PROOF PROCESSED: 5423 A, 20211 B, 1933 resA, 9821 resB, 26522 res (tot: 63910)
RES PROOF has 53746 core and 10164 out of core nodes
RES PROOF compacted from 63910 to 53610 nodes
RES PROOF SWAPPED 7331 resolution vars
resB: 0
GET PROOF 6381 A (0 resA) - 20843 B (0 resB) - 26386 res - 0 red
RES PROOF (noop) MOVED from (A:0+B:0) 0 B->A: 0 resA, 0 resB, 26386 res, 0 redundant (red root: 0)
resB: 0
GET PROOF 6381 A (0 resA) - 20843 B (0 resB) - 26386 res - 0 red
# A cl: 6381/27224
ITP proof core: (root: 24176,3050 + chain: 22342 (res: 664722) - ref2: 11469) / tot:53612
ITP proof remapped roots: 412 - eq nodes: 4649 - tot: 18105
ROOT stats - zero: 5708 - one: 18056 - lit: 410 - clause: 0
ITP proof core: (root: 412,0 + chain: 17693 (res: 106068) - ref2: 8874) / tot:18105
ITP proof red Simpl (impl: 0): 0
ITP proof core: (root: 412,0 + chain: 17693 (res: 106068) - ref2: 8874) / tot:18105
ITP proof remapped roots: 881 - eq nodes: 284 - tot: 17716
ROOT stats - zero: 0 - one: 0 - lit: 410 - clause: 0
ITP proof core: (root: 876,0 + chain: 16835 (res: 103049) - ref2: 8544) / tot:17716
ITP proof dupv: 0 [impl: 0] - implNodes: 0
ITP proof core: (root: 876,0 + chain: 16835 (res: 103049) - ref2: 8544) / tot:17716
ITP proof remapped roots: 974 - eq nodes: 15 - tot: 17569
ROOT stats - zero: 0 - one: 0 - lit: 405 - clause: 469
ITP proof core: (root: 898,0 + chain: 16595 (res: 102379) - ref2: 8475) / tot:17569
ITP proof dupv: 0 - implNodesOdc: 4752
ITP proof core: (root: 898,0 + chain: 16595 (res: 97627) - ref2: 8475) / tot:17569
ITP proof dupv: 0 [impl: 0] - implNodes: 0
STRUCT ODC[AND:117]: 82294 -> 62368
TOT NNF SIMPL: 62368 -> (abcBal: 47122) -> 44446 (1 iterations)
RERUN PARTIAL ITP SIZE: 44446 - 0 auxv used

Solver RERUN1 with partial itp time = 1.26 s (norm 1.21 s))
Solver RERUN1 stats: 239662/27223 vars/clauses
RERUN1 proof has size size 68916
Solver RERUN1 stats: 566655/8298440/45684 dec./prop./confl.

CHECK Solver Validation time = 0.50 s (norm 0.48 s))
RERUN Solver Replay time = 0.47 s (norm 0.45 s))
RERUN Solver res: 41179 - resolvents: 20370
# A cl: 5012/21951
ITP proof core: (root: 19206,2747 + chain: 13157 (res: 363887) - ref2: 6938) / tot:38110
ITP proof remapped roots: 396 - eq nodes: 2617 - tot: 10936
ROOT stats - zero: 4420 - one: 14390 - lit: 394 - clause: 0
ITP proof core: (root: 396,0 + chain: 10540 (res: 56017) - ref2: 5308) / tot:10936
ITP proof red Simpl (impl: 0): 0
ITP proof core: (root: 396,0 + chain: 10540 (res: 56017) - ref2: 5308) / tot:10936
ITP proof remapped roots: 770 - eq nodes: 93 - tot: 10808
ROOT stats - zero: 0 - one: 0 - lit: 394 - clause: 0
ITP proof core: (root: 758,0 + chain: 10038 (res: 53910) - ref2: 5099) / tot:10808
ITP proof dupv: 0 [impl: 0] - implNodes: 0
ITP proof core: (root: 758,0 + chain: 10038 (res: 53910) - ref2: 5099) / tot:10808
ITP proof remapped roots: 831 - eq nodes: 3 - tot: 10729
ROOT stats - zero: 0 - one: 0 - lit: 382 - clause: 374
ITP proof core: (root: 775,0 + chain: 9898 (res: 53595) - ref2: 5048) / tot:10729
ITP proof dupv: 0 - implNodesOdc: 1244
ITP proof core: (root: 775,0 + chain: 9898 (res: 52351) - ref2: 5048) / tot:10729
ITP proof dupv: 0 [impl: 0] - implNodes: 0
STRUCT ODC[AND:108]: 43969 -> 36061
TOT NNF SIMPL: 36061 -> (abcBal: 27160) -> 25833 (1 iterations)
RERUN PARTIAL ITP2 SIZE: 25833

NNF PBA Solver time = 1.30 s (norm 1.24 s))
NNF PBA Solver stats: 532595/18484589/22422 dec./prop./confl.
NNF PBA Solver Validation time = 0.65 s (norm 0.62 s))
# AIG core -> gates: 6850 / 26127 (maxCut: 0)
NNF PBA size: 25833 -> 6667
# A cl: 6381/27224
interpolant OPT: 0 (0,0)
interpolant AUXV: 0 - AIG nodes 542044
itp stats: clause terms/a/o/ao -> 26493/0/0/26493 - A nodes: 0 (and->or): 32766
STRUCT ODC[AND:105]: 6667 -> 6665
TOT NNF SIMPL: 6665 -> (abcBal: 6314) -> 6211 (1 iterations)
ABC / nnf simp: 4468/6211
itp opt: 6211 -> 6211
101/104 (r:3) INDUCTIVE components found in TO+ (size: 6204)
|to simplify: 6211->6204|.
TO: 6204 (supp: 245) - AIG nodes 540982
TO*TO+: 7672 (supp: 245)
|to:5533|.
   |tr|=56780 |reached|=9159.
*** Trav time: 144.83 s (norm 138.89 s) ***
fp chkTime: 0.19 s (norm 0.18 s)
  Aig interpolant inner iteration 2: |from:55105| -> min/avg/max red id: 254/2011/4881
FOUND 400 const REDUNDANCIES
red size: 2159 - F size 5082 -> 5082
computing interpolant in TO+
ITP (|A|=52872,|B|=198584)
ITP time limit: 10000
Solver stats: 249687/427089 vars/clauses (elim v/cl:0/0)
Solver stats: 3310968/165712079/128217 dec./prop./confl.
Solver stats: time = 25.97 s (norm 24.91 s)
Solver Validation time = 3.32 s (norm 3.18 s) - prop:190449045
Solver Replay time = 1.02 s (norm 0.98 s) - prop: 196662971
computing interpolant from refutation proof of size 128258 (AIG nodes: 541991)
RES PROOF REMOVED 36250 redundant  literals
RES PROOF RECYCL PIV. REMOVED 25750 resolutions
RESTRUCT PROOF REMOVED 9189 redundant resolutions
RES PROOF PROCESSED: 5427 A, 16983 B, 1434 resA, 10707 resB, 15649 res (tot: 50200)
RES PROOF has 38132 core and 12068 out of core nodes
RES PROOF compacted from 50200 to 38031 nodes
RES PROOF SWAPPED 1969 resolution vars
resB: 0
GET PROOF 5151 A (0 resA) - 17332 B (0 resB) - 15548 res - 0 red
RES PROOF (noop) MOVED from (A:0+B:0) 0 B->A: 0 resA, 0 resB, 15548 res, 0 redundant (red root: 0)
resB: 0
GET PROOF 5151 A (0 resA) - 17332 B (0 resB) - 15548 res - 0 red
# A cl: 5151/22483
ITP proof core: (root: 21633,852 + chain: 13968 (res: 376741) - ref2: 7433) / tot:38033
ITP proof remapped roots: 343 - eq nodes: 3707 - tot: 10604
ROOT stats - zero: 4540 - one: 16750 - lit: 341 - clause: 0
ITP proof core: (root: 343,0 + chain: 10261 (res: 46346) - ref2: 5304) / tot:10604
ITP proof red Simpl (impl: 0): 0
ITP proof core: (root: 343,0 + chain: 10261 (res: 46346) - ref2: 5304) / tot:10604
ITP proof remapped roots: 664 - eq nodes: 335 - tot: 10069
ROOT stats - zero: 0 - one: 0 - lit: 341 - clause: 0
ITP proof core: (root: 651,0 + chain: 9405 (res: 44125) - ref2: 5003) / tot:10069
ITP proof dupv: 0 [impl: 0] - implNodes: 0
ITP proof core: (root: 651,0 + chain: 9405 (res: 44125) - ref2: 5003) / tot:10069
ITP proof remapped roots: 754 - eq nodes: 5 - tot: 9934
ROOT stats - zero: 0 - one: 0 - lit: 328 - clause: 321
ITP proof core: (root: 691,0 + chain: 9180 (res: 43611) - ref2: 4940) / tot:9934
ITP proof dupv: 0 - implNodesOdc: 5019
ITP proof core: (root: 691,0 + chain: 9180 (res: 38592) - ref2: 4940) / tot:9934
ITP proof dupv: 0 [impl: 0] - implNodes: 0
STRUCT ODC[AND:40]: 31834 -> 26585
TOT NNF SIMPL: 26585 -> (abcBal: 20423) -> 18562 (2 iterations)
RERUN PARTIAL ITP SIZE: 18562 - 0 auxv used

Solver RERUN1 with partial itp time = 0.65 s (norm 0.62 s))
Solver RERUN1 stats: 249687/22483 vars/clauses
RERUN1 proof has size size 32252
Solver RERUN1 stats: 492799/4959664/25820 dec./prop./confl.

CHECK Solver Validation time = 0.35 s (norm 0.33 s))
RERUN Solver Replay time = 0.34 s (norm 0.33 s))
RERUN Solver res: 30133 - resolvents: 13774
# A cl: 3194/16449
ITP proof core: (root: 16070,381 + chain: 9051 (res: 286176) - ref2: 4716) / tot:26555
ITP proof remapped roots: 293 - eq nodes: 2214 - tot: 7130
ROOT stats - zero: 2797 - one: 12980 - lit: 290 - clause: 1
ITP proof core: (root: 293,0 + chain: 6837 (res: 32157) - ref2: 3514) / tot:7130
ITP proof red Simpl (impl: 0): 0
ITP proof core: (root: 293,0 + chain: 6837 (res: 32157) - ref2: 3514) / tot:7130
ITP proof remapped roots: 541 - eq nodes: 215 - tot: 6722
ROOT stats - zero: 0 - one: 0 - lit: 290 - clause: 1
ITP proof core: (root: 522,0 + chain: 6181 (res: 30036) - ref2: 3274) / tot:6722
ITP proof dupv: 0 [impl: 0] - implNodes: 0
ITP proof core: (root: 522,0 + chain: 6181 (res: 30036) - ref2: 3274) / tot:6722
ITP proof remapped roots: 591 - eq nodes: 2 - tot: 6664
ROOT stats - zero: 0 - one: 0 - lit: 272 - clause: 248
ITP proof core: (root: 541,0 + chain: 6073 (res: 29718) - ref2: 3236) / tot:6664
ITP proof dupv: 0 - implNodesOdc: 3846
ITP proof core: (root: 541,0 + chain: 6073 (res: 25872) - ref2: 3236) / tot:6664
ITP proof dupv: 0 [impl: 0] - implNodes: 0
STRUCT ODC[AND:51]: 21339 -> 16438
TOT NNF SIMPL: 16438 -> (abcBal: 12888) -> 12074 (1 iterations)
RERUN PARTIAL ITP2 SIZE: 12074

NNF PBA Solver time = 0.48 s (norm 0.46 s))
NNF PBA Solver stats: 297936/5331926/15494 dec./prop./confl.
NNF PBA Solver Validation time = 0.20 s (norm 0.20 s))
# AIG core -> gates: 3773 / 12284 (maxCut: 0)
NNF PBA size: 12074 -> 3621
# A cl: 5151/22483
interpolant OPT: 0 (0,0)
interpolant AUXV: 0 - AIG nodes 545068
itp stats: clause terms/a/o/ao -> 15253/0/0/15253 - A nodes: 0 (and->or): 32766
STRUCT ODC[AND:44]: 3621 -> 3617
TOT NNF SIMPL: 3617 -> (abcBal: 3400) -> 3295 (1 iterations)
ABC / nnf simp: 2384/3295
itp opt: 3295 -> 3295
37/41 (r:4) INDUCTIVE components found in TO+ (size: 3283)
|to simplify: 3295->3283|.
TO: 3283 (supp: 152) - AIG nodes 544169
TO*TO+: 5279 (supp: 156)
|to:5279|.
   |tr|=56780 |reached|=13105.
*** Trav time: 181.52 s (norm 174.07 s) ***
fp chkTime: 0.22 s (norm 0.22 s)
  Aig interpolant inner iteration 3: |from:61851| -> min/avg/max red id: 395/2157/4837
FOUND 428 const REDUNDANCIES
red size: 3362 - F size 4889 -> 4889
computing interpolant in TO+
ITP (|A|=59687,|B|=200421)
ITP time limit: 10000
Solver stats: 258339/444658 vars/clauses (elim v/cl:0/0)
Solver stats: 4056904/168887264/97370 dec./prop./confl.
Solver stats: time = 26.00 s (norm 24.93 s)
Solver Validation time = 2.40 s (norm 2.30 s) - prop:189270380
Solver Replay time = 0.78 s (norm 0.75 s) - prop: 193947423
computing interpolant from refutation proof of size 97386 (AIG nodes: 549639)
RES PROOF REMOVED 25919 redundant  literals
RES PROOF RECYCL PIV. REMOVED 22947 resolutions
RESTRUCT PROOF REMOVED 8746 redundant resolutions
RES PROOF PROCESSED: 4126 A, 17266 B, 1092 resA, 10266 resB, 11663 res (tot: 44413)
RES PROOF has 32463 core and 11950 out of core nodes
RES PROOF compacted from 44413 to 32378 nodes
RES PROOF SWAPPED 1853 resolution vars
resB: 0
GET PROOF 4180 A (0 resA) - 16620 B (0 resB) - 11578 res - 0 red
RES PROOF (noop) MOVED from (A:0+B:0) 0 B->A: 0 resA, 0 resB, 11578 res, 0 redundant (red root: 0)
resB: 0
GET PROOF 4180 A (0 resA) - 16620 B (0 resB) - 11578 res - 0 red
# A cl: 4180/20800
ITP proof core: (root: 20158,644 + chain: 10353 (res: 296744) - ref2: 5561) / tot:32380
ITP proof remapped roots: 299 - eq nodes: 2809 - tot: 7843
ROOT stats - zero: 3796 - one: 16063 - lit: 297 - clause: 0
ITP proof core: (root: 299,0 + chain: 7544 (res: 34129) - ref2: 3902) / tot:7843
ITP proof red Simpl (impl: 0): 0
ITP proof core: (root: 299,0 + chain: 7544 (res: 34129) - ref2: 3902) / tot:7843
ITP proof remapped roots: 625 - eq nodes: 303 - tot: 7434
ROOT stats - zero: 0 - one: 0 - lit: 297 - clause: 0
ITP proof core: (root: 603,0 + chain: 6809 (res: 32023) - ref2: 3606) / tot:7434
ITP proof dupv: 0 [impl: 0] - implNodes: 0
ITP proof core: (root: 603,0 + chain: 6809 (res: 32023) - ref2: 3606) / tot:7434
ITP proof remapped roots: 716 - eq nodes: 8 - tot: 7321
ROOT stats - zero: 0 - one: 0 - lit: 276 - clause: 325
ITP proof core: (root: 631,0 + chain: 6605 (res: 31448) - ref2: 3533) / tot:7321
ITP proof dupv: 0 - implNodesOdc: 3363
ITP proof core: (root: 631,0 + chain: 6605 (res: 28085) - ref2: 3533) / tot:7321
ITP proof dupv: 0 [impl: 0] - implNodes: 0
STRUCT ODC[AND:339]: 23009 -> 16666
TOT NNF SIMPL: 16666 -> (abcBal: 12371) -> 11800 (1 iterations)
RERUN PARTIAL ITP SIZE: 11800 - 0 auxv used

Solver RERUN1 with partial itp time = 0.51 s (norm 0.49 s))
Solver RERUN1 stats: 258339/20800 vars/clauses
RERUN1 proof has size size 33355
Solver RERUN1 stats: 762761/4199347/21590 dec./prop./confl.

CHECK Solver Validation time = 0.16 s (norm 0.15 s))
RERUN Solver Replay time = 0.16 s (norm 0.15 s))
RERUN Solver res: 23204 - resolvents: 8344
# A cl: 2652/14371
ITP proof core: (root: 14190,183 + chain: 4855 (res: 133681) - ref2: 2683) / tot:19578
ITP proof remapped roots: 287 - eq nodes: 1289 - tot: 3853
ROOT stats - zero: 2343 - one: 11560 - lit: 285 - clause: 0
ITP proof core: (root: 287,0 + chain: 3566 (res: 14953) - ref2: 1866) / tot:3853
ITP proof red Simpl (impl: 0): 0
ITP proof core: (root: 287,0 + chain: 3566 (res: 14953) - ref2: 1866) / tot:3853
ITP proof remapped roots: 515 - eq nodes: 156 - tot: 3612
ROOT stats - zero: 0 - one: 0 - lit: 285 - clause: 0
ITP proof core: (root: 485,0 + chain: 3097 (res: 13267) - ref2: 1662) / tot:3612
ITP proof dupv: 0 [impl: 0] - implNodes: 0
ITP proof core: (root: 485,0 + chain: 3097 (res: 13267) - ref2: 1662) / tot:3612
ITP proof remapped roots: 528 - eq nodes: 2 - tot: 3541
ROOT stats - zero: 0 - one: 0 - lit: 255 - clause: 228
ITP proof core: (root: 467,0 + chain: 3013 (res: 13048) - ref2: 1634) / tot:3541
ITP proof dupv: 0 - implNodesOdc: 1324
ITP proof core: (root: 467,0 + chain: 3013 (res: 11724) - ref2: 1634) / tot:3541
ITP proof dupv: 0 [impl: 0] - implNodes: 0
STRUCT ODC[AND:119]: 9726 -> 8105
TOT NNF SIMPL: 8105 -> (abcBal: 6112) -> 5855 (1 iterations)
RERUN PARTIAL ITP2 SIZE: 5855

NNF PBA Solver time = 0.29 s (norm 0.28 s))
NNF PBA Solver stats: 606417/3184972/11011 dec./prop./confl.
NNF PBA Solver Validation time = 0.09 s (norm 0.09 s))
# AIG core -> gates: 2557 / 6032 (maxCut: 0)
NNF PBA size: 5855 -> 2425
# A cl: 4180/20800
interpolant OPT: 0 (0,0)
interpolant AUXV: 0 - AIG nodes 551463
itp stats: clause terms/a/o/ao -> 9618/0/0/9618 - A nodes: 0 (and->or): 32766
STRUCT ODC[AND:78]: 2425 -> 2401
TOT NNF SIMPL: 2401 -> (abcBal: 2250) -> 2214 (1 iterations)
ABC / nnf simp: 1553/2214
itp opt: 2214 -> 2214
63/73 (r:10) INDUCTIVE components found in TO+ (size: 2148)
|to simplify: 2214->2148|.
TO: 2148 (supp: 152) - AIG nodes 550440
TO*TO+: 4570 (supp: 157)
|to:4570|.
   |tr|=56780 |reached|=12540.
*** Trav time: 217.71 s (norm 208.78 s) ***
fp chkTime: 0.64 s (norm 0.61 s)
  Aig interpolant inner iteration 4: |from:61186| -> min/avg/max red id: 226/2158/4161
FOUND 369 const REDUNDANCIES
red size: 3286 - F size 4162 -> 4162
computing interpolant in TO+
ITP (|A|=59005,|B|=200418)
ITP time limit: 10000
Solver stats: 257654/443477 vars/clauses (elim v/cl:0/0)
Solver stats: 3124942/131035802/90174 dec./prop./confl.
Solver stats: time = 19.43 s (norm 18.64 s)
Solver Validation time = 2.35 s (norm 2.25 s) - prop:150773839
Solver Replay time = 0.77 s (norm 0.74 s) - prop: 155546817
computing interpolant from refutation proof of size 90208 (AIG nodes: 535485)
RES PROOF REMOVED 24199 redundant  literals
RES PROOF RECYCL PIV. REMOVED 23897 resolutions
RESTRUCT PROOF REMOVED 7949 redundant resolutions
RES PROOF PROCESSED: 4127 A, 16937 B, 996 resA, 10664 resB, 11513 res (tot: 44237)
RES PROOF has 32506 core and 11731 out of core nodes
RES PROOF compacted from 44237 to 32402 nodes
RES PROOF SWAPPED 1606 resolution vars
resB: 0
GET PROOF 3975 A (0 resA) - 17018 B (0 resB) - 11409 res - 0 red
RES PROOF (noop) MOVED from (A:0+B:0) 0 B->A: 0 resA, 0 resB, 11409 res, 0 redundant (red root: 0)
resB: 0
GET PROOF 3975 A (0 resA) - 17018 B (0 resB) - 11409 res - 0 red
# A cl: 3975/20993
ITP proof core: (root: 20540,455 + chain: 10586 (res: 311317) - ref2: 5878) / tot:32404
ITP proof remapped roots: 289 - eq nodes: 3031 - tot: 7844
ROOT stats - zero: 3617 - one: 16634 - lit: 286 - clause: 1
ITP proof core: (root: 289,0 + chain: 7555 (res: 32844) - ref2: 4023) / tot:7844
ITP proof red Simpl (impl: 0): 0
ITP proof core: (root: 289,0 + chain: 7555 (res: 32844) - ref2: 4023) / tot:7844
ITP proof remapped roots: 540 - eq nodes: 356 - tot: 7209
ROOT stats - zero: 0 - one: 0 - lit: 286 - clause: 1
ITP proof core: (root: 517,0 + chain: 6669 (res: 30536) - ref2: 3659) / tot:7209
ITP proof dupv: 0 [impl: 0] - implNodes: 0
ITP proof core: (root: 517,0 + chain: 6669 (res: 30536) - ref2: 3659) / tot:7209
ITP proof remapped roots: 579 - eq nodes: 21 - tot: 7100
ROOT stats - zero: 0 - one: 0 - lit: 265 - clause: 250
ITP proof core: (root: 529,0 + chain: 6521 (res: 30142) - ref2: 3604) / tot:7100
ITP proof dupv: 0 - implNodesOdc: 3822
ITP proof core: (root: 529,0 + chain: 6521 (res: 26320) - ref2: 3604) / tot:7100
ITP proof dupv: 0 [impl: 0] - implNodes: 0
STRUCT ODC[AND:311]: 20780 -> 13363
TOT NNF SIMPL: 13363 -> (abcBal: 10214) -> 9649 (1 iterations)
RERUN PARTIAL ITP SIZE: 9649 - 0 auxv used

Solver RERUN1 with partial itp time = 0.58 s (norm 0.55 s))
Solver RERUN1 stats: 257654/20993 vars/clauses
RERUN1 proof has size size 36382
Solver RERUN1 stats: 582142/4454526/24196 dec./prop./confl.

CHECK Solver Validation time = 0.20 s (norm 0.19 s))
RERUN Solver Replay time = 0.18 s (norm 0.18 s))
RERUN Solver res: 24580 - resolvents: 9353
# A cl: 2444/14937
ITP proof core: (root: 14799,140 + chain: 5593 (res: 166969) - ref2: 3181) / tot:21240
ITP proof remapped roots: 262 - eq nodes: 1690 - tot: 4165
ROOT stats - zero: 2171 - one: 12366 - lit: 259 - clause: 1
ITP proof core: (root: 262,0 + chain: 3903 (res: 17459) - ref2: 2122) / tot:4165
ITP proof red Simpl (impl: 0): 0
ITP proof core: (root: 262,0 + chain: 3903 (res: 17459) - ref2: 2122) / tot:4165
ITP proof remapped roots: 409 - eq nodes: 219 - tot: 3714
ROOT stats - zero: 0 - one: 0 - lit: 259 - clause: 1
ITP proof core: (root: 388,0 + chain: 3305 (res: 15806) - ref2: 1841) / tot:3714
ITP proof dupv: 0 [impl: 0] - implNodes: 0
ITP proof core: (root: 388,0 + chain: 3305 (res: 15806) - ref2: 1841) / tot:3714
ITP proof remapped roots: 414 - eq nodes: 37 - tot: 3627
ROOT stats - zero: 0 - one: 0 - lit: 239 - clause: 147
ITP proof core: (root: 382,0 + chain: 3213 (res: 15567) - ref2: 1799) / tot:3627
ITP proof dupv: 0 - implNodesOdc: 3186
ITP proof core: (root: 382,0 + chain: 3213 (res: 12381) - ref2: 1799) / tot:3627
ITP proof dupv: 0 [impl: 0] - implNodes: 0
STRUCT ODC[AND:38]: 9391 -> 6729
TOT NNF SIMPL: 6729 -> (abcBal: 5170) -> 4912 (1 iterations)
RERUN PARTIAL ITP2 SIZE: 4912

NNF PBA Solver time = 0.39 s (norm 0.38 s))
NNF PBA Solver stats: 463260/3703259/15686 dec./prop./confl.
NNF PBA Solver Validation time = 0.18 s (norm 0.17 s))
# AIG core -> gates: 2313 / 5059 (maxCut: 0)
NNF PBA size: 4912 -> 2200
# A cl: 3975/20993
interpolant OPT: 0 (0,0)
interpolant AUXV: 0 - AIG nodes 537174
itp stats: clause terms/a/o/ao -> 9734/0/0/9734 - A nodes: 0 (and->or): 32766
STRUCT ODC[AND:26]: 2200 -> 2197
TOT NNF SIMPL: 2197 -> (abcBal: 2102) -> 2073 (1 iterations)
ABC / nnf simp: 1496/2073
itp opt: 2073 -> 2073
20/25 (r:5) INDUCTIVE components found in TO+ (size: 2055)
|to simplify: 2073->2055|.
TO: 2055 (supp: 141) - AIG nodes 536459
TO*TO+: 4821 (supp: 156)
|to:4821|.
   |tr|=56780 |reached|=16013.
*** Trav time: 247.21 s (norm 237.07 s) ***
fp chkTime: 0.84 s (norm 0.81 s)
  Aig interpolant inner iteration 5: |from:61438| -> min/avg/max red id: 439/2233/4446
FOUND 420 const REDUNDANCIES
red size: 3925 - F size 4447 -> 4447
computing interpolant in TO+
ITP (|A|=59289,|B|=201513)
ITP time limit: 10000
Solver stats: 259033/446179 vars/clauses (elim v/cl:0/0)
Solver stats: 3140446/143098456/89018 dec./prop./confl.
Solver stats: time = 19.88 s (norm 19.07 s)
Solver Validation time = 1.80 s (norm 1.72 s) - prop:157724501
Solver Replay time = 0.58 s (norm 0.56 s) - prop: 161593791
computing interpolant from refutation proof of size 89034 (AIG nodes: 539656)
RES PROOF REMOVED 20654 redundant  literals
RES PROOF RECYCL PIV. REMOVED 20254 resolutions
RESTRUCT PROOF REMOVED 8327 redundant resolutions
RES PROOF PROCESSED: 2121 A, 16949 B, 252 resA, 12174 resB, 7827 res (tot: 39323)
RES PROOF has 26477 core and 12846 out of core nodes
RES PROOF compacted from 39323 to 26413 nodes
RES PROOF SWAPPED 453 resolution vars
resB: 0
GET PROOF 1821 A (0 resA) - 16829 B (0 resB) - 7763 res - 0 red
RES PROOF (noop) MOVED from (A:0+B:0) 0 B->A: 0 resA, 0 resB, 7763 res, 0 redundant (red root: 0)
resB: 0
GET PROOF 1821 A (0 resA) - 16829 B (0 resB) - 7763 res - 0 red
# A cl: 1821/18650
ITP proof core: (root: 18240,412 + chain: 7105 (res: 244124) - ref2: 4034) / tot:26415
ITP proof remapped roots: 245 - eq nodes: 2606 - tot: 4744
ROOT stats - zero: 1482 - one: 16513 - lit: 243 - clause: 0
ITP proof core: (root: 245,0 + chain: 4499 (res: 20125) - ref2: 2514) / tot:4744
ITP proof red Simpl (impl: 0): 0
ITP proof core: (root: 245,0 + chain: 4499 (res: 20125) - ref2: 2514) / tot:4744
ITP proof remapped roots: 305 - eq nodes: 356 - tot: 4249
ROOT stats - zero: 0 - one: 0 - lit: 243 - clause: 0
ITP proof core: (root: 283,0 + chain: 3944 (res: 18940) - ref2: 2261) / tot:4249
ITP proof dupv: 0 [impl: 0] - implNodes: 0
ITP proof core: (root: 283,0 + chain: 3944 (res: 18940) - ref2: 2261) / tot:4249
ITP proof remapped roots: 300 - eq nodes: 3 - tot: 4206
ROOT stats - zero: 0 - one: 0 - lit: 222 - clause: 59
ITP proof core: (root: 288,0 + chain: 3906 (res: 18864) - ref2: 2248) / tot:4206
ITP proof dupv: 0 - implNodesOdc: 3276
ITP proof core: (root: 288,0 + chain: 3906 (res: 15588) - ref2: 2248) / tot:4206
ITP proof dupv: 0 [impl: 0] - implNodes: 0
STRUCT ODC[AND:104]: 11016 -> 4758
TOT NNF SIMPL: 4758 -> (abcBal: 3176) -> 2697 (2 iterations)
RERUN PARTIAL ITP SIZE: 2697 - 0 auxv used

Solver RERUN1 with partial itp time = 0.25 s (norm 0.24 s))
Solver RERUN1 stats: 259033/18650 vars/clauses
RERUN1 proof has size size 13282
Solver RERUN1 stats: 616568/2238381/11982 dec./prop./confl.

CHECK Solver Validation time = 0.10 s (norm 0.10 s))
RERUN Solver Replay time = 0.10 s (norm 0.10 s))
RERUN Solver res: 17966 - resolvents: 5516
# A cl: 874/11102
ITP proof core: (root: 11020,84 + chain: 3018 (res: 110761) - ref2: 1725) / tot:14394
ITP proof remapped roots: 189 - eq nodes: 1102 - tot: 2105
ROOT stats - zero: 656 - one: 10175 - lit: 187 - clause: 0
ITP proof core: (root: 189,0 + chain: 1916 (res: 9173) - ref2: 1078) / tot:2105
ITP proof red Simpl (impl: 0): 0
ITP proof core: (root: 189,0 + chain: 1916 (res: 9173) - ref2: 1078) / tot:2105
ITP proof remapped roots: 230 - eq nodes: 218 - tot: 1823
ROOT stats - zero: 0 - one: 0 - lit: 187 - clause: 0
ITP proof core: (root: 201,0 + chain: 1593 (res: 8412) - ref2: 920) / tot:1823
ITP proof dupv: 0 [impl: 0] - implNodes: 0
ITP proof core: (root: 201,0 + chain: 1593 (res: 8412) - ref2: 920) / tot:1823
ITP proof remapped roots: 212 - eq nodes: 2 - tot: 1784
ROOT stats - zero: 0 - one: 0 - lit: 160 - clause: 39
ITP proof core: (root: 196,0 + chain: 1572 (res: 8340) - ref2: 914) / tot:1784
ITP proof dupv: 0 - implNodesOdc: 2168
ITP proof core: (root: 196,0 + chain: 1572 (res: 6172) - ref2: 914) / tot:1784
ITP proof dupv: 0 [impl: 0] - implNodes: 0
STRUCT ODC[AND:81]: 4800 -> 2177
TOT NNF SIMPL: 2177 -> (abcBal: 1487) -> 1339 (2 iterations)
RERUN PARTIAL ITP2 SIZE: 1339

NNF PBA Solver time = 0.11 s (norm 0.11 s))
NNF PBA Solver stats: 319968/1039168/5462 dec./prop./confl.
NNF PBA Solver Validation time = 0.06 s (norm 0.06 s))
# AIG core -> gates: 614 / 1410 (maxCut: 0)
NNF PBA size: 1339 -> 572
# A cl: 1821/18650
interpolant OPT: 0 (0,0)
interpolant AUXV: 0 - AIG nodes 539985
itp stats: clause terms/a/o/ao -> 5478/0/0/5478 - A nodes: 0 (and->or): 32766
itp opt: 572 -> 572
25/34 (r:9) INDUCTIVE components found in TO+ (size: 541)
|to simplify: 572->541|.
TO: 541 (supp: 121) - AIG nodes 539288
TO*TO+: 4013 (supp: 157)
|to:4013|.
   |tr|=56780 |reached|=18587.
*** Trav time: 275.31 s (norm 264.03 s) ***
FWD ITP fix-point at depth 6
BWD fix point at bound 7.
Lazy Pass at Depth 7.
-- TRAV Manager Quit.
Verification Result: PASS.
Result Written to File 6s148.pdtrav.out.
-- FSM Manager Quit.
-- FSM Manager Quit.
Total used memory: 45.06 MBytes
Total Verification Time: 281.89 s (norm 270.33 s)
-- DDI Manager Quit.
Total Execution Time: 288.94 s (norm 277.09 s)
## PdTRAV End.