
c ## Tool Version: PdTRAV 3.5.0
c ## DD Version: Cudd-2.5.0
c ## Compile Date: sab 26 mar 2022, 12.00.22, CET
c ## Command: pdt40t -strategy igra3ie -itpAigCore 1000 -itpCore 1000 -verbosity 4 -igrSide 0 -itpExactBoundDouble 0 -satTimeLimit 300 -itpDrup 3 ../aig/oc8051gm49acc.aig 
## Running Date: Sat Jul 16 12:22:35 2022
## Hostname: gpcserver-VirtualBox
CPU time adjustment: 0.36 s (norm 0.41 s) - scale factor: 0.900000
-- DDI Manager Init.
-- FSM Manager Init.
-- FSM Loading.
(Loading File ../aig/oc8051gm49acc.aig).
Property: !o0.
Design Statistics: 364 Inputs / 934 State Vars / 11990 delta AIG Gates / 3899 lambda AIG Gates
|Constraint|=0 nodes.
|Property|=3899 nodes.
|Constraint|=0 nodes.
-- FSM Manager Init.
Warning: l840 has Constant Input with Different Init Value.
Found 1 Peripheral Latches (1 1 s.) - 934 Latches Remaining.
  Peripheral Latch Reduction; Delta Size: 11998 -> 11485.
Found 0 Peripheral Latches (0 1 s.) - 934 Latches Remaining.
  Peripheral Latch Reduction; Delta Size: 11485 -> 11485.
-- TRAV Manager Init.
COI Reduction Performed: Kept 935 State Vars out of 935.
Original Delta: Size=11485; #Partitions=935.
Reduced Delta: Size=11485; #Partitions=935.
Original Delta: Size=11485; #Partitions=935.
Original Delta: Size=11485; #Partitions=935.
Ternary Simulation: (1539)(1539)(1539)(1539)(1539)(1475)(1475)(1475)(1459)(1379)(1195)(103)(17)(11)(11)(11)TSIM found 8 EQUIVALENCES
Original Delta: Size=11478; #Partitions=935.

Ternary Simulation Performed: 16 iterations in 0.01 s; |R|=5259.
COI Reduction Performed: Kept 935 State Vars out of 935.
Original Delta: Size=11478; #Partitions=935.
Reduced Delta: Size=11478; #Partitions=935.
Circuit AIG stats: 190 inp / 935 state vars / 11478 AIG gates.
Reduction run time: 0.0.
Invarspec: 3.
Init: 0.
129 stalled latches found
STEP: 0.
lazyRate: 1.000000 - itpOpt: 0 - optLevel: 1.
Using bwd cone at bound 0 (cone(aux): 3(0) - care: 0).
{COI: 1} curr NODE ID: 87068, baig Nodes: 46567.
 BMC (AIG size: 0/3/3) Full Cone (Aux): 3(0))
Interpolant FINITE RUN: cone=3, care=0.
fp chkTime: 0.01 s (norm 0.01 s)
  Aig interpolant inner iteration 0: |from:2559| -> ternary to+: 1539
TO+IMG-cube: 770 (f:2559->1019)
FOUND 33(0 const) EQUIVALENCES - size 1019 -> 887
computing interpolant in TO+
TO: 1737 (supp: 836) - AIG nodes 48898
TO*TO+: 2507 (supp: 836)
|to:2507|.
   |tr|=2557 |reached|=2507.
*** Trav time: 0.19 s (norm 0.21 s) ***
ring 1 - safe for bound 0
fp chkTime: 0.01 s (norm 0.01 s)
  Aig interpolant inner iteration 1: |from:4280| -> ternary to+: 1539
TO+IMG-cube: 770 (f:4280->2740)
FOUND 33(0 const) EQUIVALENCES - size 2740 -> 2671
computing interpolant in TO+
TO: 1737 (supp: 836) - AIG nodes 51937
TO*TO+: 2507 (supp: 836)
|to:2507|.
   |tr|=16139 |reached|=3561.
*** Trav time: 0.41 s (norm 0.46 s) ***
ring 2 - safe for bound 0
fp chkTime: 0.01 s (norm 0.02 s)
  Aig interpolant inner iteration 2: |from:4280| -> ternary to+: 1539
TO+IMG-cube: 770 (f:4280->2740)
FOUND 33(0 const) EQUIVALENCES - size 2740 -> 2671
computing interpolant in TO+
TO: 1737 (supp: 836) - AIG nodes 52903
TO*TO+: 2507 (supp: 836)
|to:2507|.
   |tr|=16139 |reached|=4526.
*** Trav time: 0.64 s (norm 0.71 s) ***
ring 3 - safe for bound 0
fp chkTime: 0.02 s (norm 0.02 s)
  Aig interpolant inner iteration 3: |from:4280| -> ternary to+: 1539
TO+IMG-cube: 770 (f:4280->2740)
FOUND 33(0 const) EQUIVALENCES - size 2740 -> 2671
computing interpolant in TO+
TO: 1737 (supp: 836) - AIG nodes 53706
TO*TO+: 2507 (supp: 836)
|to:2507|.
   |tr|=16139 |reached|=5331.
*** Trav time: 0.84 s (norm 0.93 s) ***
ring 4 - safe for bound 0
fp chkTime: 0.01 s (norm 0.02 s)
  Aig interpolant inner iteration 4: |from:4280| -> ternary to+: 1539
TO+IMG-cube: 770 (f:4280->2740)
FOUND 33(0 const) EQUIVALENCES - size 2740 -> 2671
computing interpolant in TO+
TO: 1737 (supp: 836) - AIG nodes 54510
TO*TO+: 2507 (supp: 836)
|to:2507|.
   |tr|=16139 |reached|=6133.
*** Trav time: 1.04 s (norm 1.16 s) ***
ring 5 - safe for bound 0
fp chkTime: 0.02 s (norm 0.02 s)
  Aig interpolant inner iteration 5: |from:4280| -> ternary to+: 1539
TO+IMG-cube: 770 (f:4280->2740)
FOUND 33(0 const) EQUIVALENCES - size 2740 -> 2671
computing interpolant in TO+
TO: 1737 (supp: 836) - AIG nodes 55312
TO*TO+: 2507 (supp: 836)
|to:2507|.
   |tr|=16139 |reached|=6936.
*** Trav time: 1.24 s (norm 1.38 s) ***
ring 6 - safe for bound 0
fp chkTime: 0.02 s (norm 0.02 s)
  Aig interpolant inner iteration 6: |from:4376| -> ternary to+: 1475
TO+IMG-cube: 738 (f:4376->2900)
FOUND 65(0 const) EQUIVALENCES - size 2900 -> 2803
computing interpolant in TO+
TO: 1865 (supp: 868) - AIG nodes 56572
TO*TO+: 2603 (supp: 868)
|to:2603|.
   |tr|=16139 |reached|=8036.
*** Trav time: 1.45 s (norm 1.61 s) ***
ring 7 - safe for bound 0
fp chkTime: 0.02 s (norm 0.02 s)
  Aig interpolant inner iteration 7: |from:4472| -> ternary to+: 1475
TO+IMG-cube: 738 (f:4472->2996)
FOUND 65(0 const) EQUIVALENCES - size 2996 -> 2899
computing interpolant in TO+
TO: 1865 (supp: 868) - AIG nodes 57438
TO*TO+: 2603 (supp: 868)
|to:2603|.
   |tr|=16139 |reached|=8980.
*** Trav time: 1.64 s (norm 1.83 s) ***
ring 8 - safe for bound 0
fp chkTime: 0.02 s (norm 0.02 s)
  Aig interpolant inner iteration 8: |from:4472| -> ternary to+: 1475
TO+IMG-cube: 738 (f:4472->2996)
FOUND 65(0 const) EQUIVALENCES - size 2996 -> 2899
computing interpolant in TO+
TO: 1865 (supp: 868) - AIG nodes 58219
TO*TO+: 2603 (supp: 868)
|to:2603|.
   |tr|=16139 |reached|=9758.
*** Trav time: 1.85 s (norm 2.05 s) ***
ring 9 - safe for bound 0
fp chkTime: 0.02 s (norm 0.02 s)
  Aig interpolant inner iteration 9: |from:4496| -> ternary to+: 1459
TO+IMG-cube: 730 (f:4496->3036)
FOUND 73(0 const) EQUIVALENCES - size 3036 -> 2920
computing interpolant in TO+
TO: 1887 (supp: 868) - AIG nodes 59198
TO*TO+: 2617 (supp: 868)
|to:2617|.
   |tr|=16139 |reached|=10731.
*** Trav time: 2.04 s (norm 2.27 s) ***
ring 10 - safe for bound 0
fp chkTime: 0.02 s (norm 0.03 s)
  Aig interpolant inner iteration 10: |from:4638| -> ternary to+: 1379
TO+IMG-cube: 690 (f:4638->3258)
FOUND 113(0 const) EQUIVALENCES - size 3258 -> 3086
computing interpolant in TO+
TO: 2037 (supp: 900) - AIG nodes 61973
TO*TO+: 2727 (supp: 900)
|to:2727|.
   |tr|=16139 |reached|=4178.
*** Trav time: 2.34 s (norm 2.60 s) ***
ring 11 - safe for bound 0
fp chkTime: 0.02 s (norm 0.02 s)
  Aig interpolant inner iteration 11: |from:5623| -> ternary to+: 1211
TO+IMG-cube: 606 (f:5623->4411)
FOUND 140(0 const) EQUIVALENCES - size 4411 -> 4186
computing interpolant in TO+
TO: 2007 (supp: 847) - AIG nodes 63061
TO*TO+: 2613 (supp: 847)
|to:2613|.
   |tr|=16139 |reached|=5503.
*** Trav time: 2.59 s (norm 2.88 s) ***
ring 12 - safe for bound 0
fp chkTime: 0.04 s (norm 0.04 s)
  Aig interpolant inner iteration 12: |from:12365| -> ternary to+: 119
TO+IMG-cube: 60 (f:12365->12245)
FOUND 5(0 const) EQUIVALENCES - size 12245 -> 12236
computing interpolant in TO+
TO: 149 (supp: 70) - AIG nodes 64282
TO*TO+: 209 (supp: 70)
|to:209|.
   |tr|=16139 |reached|=5639.
*** Trav time: 3.51 s (norm 3.90 s) ***
ring 13 - safe for bound 0
fp chkTime: 0.05 s (norm 0.05 s)
  Aig interpolant inner iteration 13: |from:15843| -> ternary to+: 17
TO+IMG-cube: 9 (f:15843->15825)
min/avg/max red id: 67/67/68
FOUND 2 const REDUNDANCIES
red size: 6 - F size 71 -> 71
Inner loop REACHES back cone.

try ITP ref. # 1/16 - cone/constr 0 of size: 3 - ring: 13 (rl: 0)
ITP ref. chk[13] - cone sz: 3281 - fwd ring: 209
ITP ref. chk[12] - cone sz: 8340 - fwd ring: 2613
ITP ref. chk[11] - cone sz: 8887 - fwd ring: 2727
refinement possible at level 11

Interpolant FINITE RUN: cone=3, care=0.
fp chkTime: 0.03 s (norm 0.03 s)
  Aig interpolant inner iteration 11: |from:5623| -> previous ring 12 - safe for bound 0
ring cone (e) - generated part[11/14] of size: 8349 - bound: 2
DYN ABSTR (M22) KEPT 20/182 vars (time: 0.00 s (norm 0.00 s))
ITP (|A|=2645,|B|=8954)
ITP time limit: 10000
Solver stats: 11579/16051 vars/clauses (elim v/cl:0/0)
Solver stats: 0/2956/0 dec./prop./confl.
Solver stats: time = 0.00 s (norm 0.00 s)
ITP (|A|=2645,|B|=8954)
ITP time limit: 10000
Solver stats: 11579/14856 vars/clauses
Solver stats: 0/2967/0(0) dec./prop./confl.(small)
Solver stored decisions: 0
Solver stats: time = 0.00 s (norm 0.00 s)
computing interpolant from refutation proof of size 18634
ITP proof unit res. cl,: 79(A:57/B:14/AB:8 - equiv:0)
ITP proof two res. cl: 74(AB:20)
ITP core: (548,2165 + 574) / 18635
core size 547 vars / 571 clauses (res core: 23)
Core   stats: 547/437 vars/clauses
Core   stats: 0/546/0(0) dec./prop./confl.(small)
Core   stats: time = 0.00 s (norm 0.00 s)
computing interpolant from refutation proof of size 1122 (AIG nodes: 80161)
ITP proof unit res. cl,: 471(A:264/B:195/AB:12 - equiv:1)
ITP proof two res. cl: 73(AB:20)
ITP core: (540,2 + 551) / 1123
ITP proof core: (root: 542,0 + chain: 551 (res: 869) - ref2: 446) / tot:1125
ITP proof remapped roots: 22 - eq nodes: 360 - tot: 213
ROOT stats - zero: 309 - one: 211 - lit: 20 - clause: 0
ITP proof core: (root: 22,0 + chain: 191 (res: 270) - ref2: 161) / tot:213
ITP proof remapped roots: 22 - eq nodes: 6 - tot: 207
ROOT stats - zero: 0 - one: 0 - lit: 20 - clause: 0
ITP proof core: (root: 22,0 + chain: 185 (res: 263) - ref2: 157) / tot:207
ITP proof dupv: 0 [impl: 0] - implNodes: 0
ITP proof core: (root: 22,0 + chain: 185 (res: 263) - ref2: 157) / tot:207
ITP proof remapped roots: 37 - eq nodes: 0 - tot: 203
ROOT stats - zero: 0 - one: 0 - lit: 20 - clause: 0
ITP proof core: (root: 34,0 + chain: 166 (res: 233) - ref2: 141) / tot:203
ITP proof red Simpl (impl: 0): 0
ITP proof core: (root: 34,0 + chain: 166 (res: 233) - ref2: 141) / tot:203
ITP proof remapped roots: 49 - eq nodes: 0 - tot: 194
ROOT stats - zero: 0 - one: 0 - lit: 20 - clause: 12
ITP proof core: (root: 42,0 + chain: 145 (res: 198) - ref2: 123) / tot:194
ITP proof dupv: 0 - implNodesOdc: 7
ITP proof core: (root: 42,0 + chain: 145 (res: 191) - ref2: 123) / tot:194
ITP proof dupv: 0 [impl: 0] - implNodes: 0
interpolant OPT: 0 (0,0)
interpolant AUXV: 0 - AIG nodes 80314
interpolant stats: clause terms/a/o/ao -> 145/0/0/145 - A nodes: 145 (and->or): 0
ANALYZE CORE found 230/547 in core out of 8954 nodes
itp opt: 174 -> 174
itp opt: 174 -> 174
12/13 (r:1) INDUCTIVE components found in TO+ (size: 96)
|to simplify: 174->96|.
TO: 96 (supp: 20) - AIG nodes 80233
TO*TO+: 96 (supp: 20)
|to:96|.
|to&oldTo:2702|.
   |tr|=16139 |reached|=4610.
*** Trav time: 4.92 s (norm 5.46 s) ***
ring 12 - safe for bound 2
  Reusing SAME CONE ring
fp chkTime: 0.04 s (norm 0.04 s)
  Aig interpolant inner iteration 12: |from:12440| -> previous ring 13 - safe for bound 0
ring cone (e) - generated part[12/15] of size: 11006 - bound: 2
DYN ABSTR (M22) KEPT 125/825 vars (time: 0.01 s (norm 0.01 s))
ITP (|A|=6128,|B|=11070)
ITP time limit: 10000
Solver stats: 17073/25476 vars/clauses (elim v/cl:0/0)
Solver stats: 882/63837/346 dec./prop./confl.
Solver stats: time = 0.00 s (norm 0.00 s)
Solver Validation time = 0.01 s (norm 0.01 s) - prop:230768
Solver Replay time = 0.00 s (norm 0.00 s) - prop: 299352
computing interpolant from refutation proof of size 346 (AIG nodes: 85019)
RES PROOF REMOVED 155 redundant  literals
RES PROOF RECYCL PIV. REMOVED 1025 resolutions
RESTRUCT PROOF REMOVED 196 redundant resolutions
RES PROOF PROCESSED: 1541 A, 1260 B, 226 resA, 528 resB, 552 res (tot: 4107)
RES PROOF has 2682 core and 1425 out of core nodes
RES PROOF compacted from 4107 to 2682 nodes
RES PROOF SWAPPED 368 resolution vars
resB: 0
GET PROOF 1254 A (0 resA) - 876 B (0 resB) - 552 res - 0 red
RES PROOF (noop) MOVED from (A:0+B:0) 0 B->A: 0 resA, 0 resB, 552 res, 0 redundant (red root: 0)
resB: 0
GET PROOF 1254 A (0 resA) - 876 B (0 resB) - 552 res - 0 red
# A cl: 1254/2130
ITP proof core: (root: 2025,107 + chain: 195 (res: 5654) - ref2: 115) / tot:2684
ITP proof remapped roots: 131 - eq nodes: 91 - tot: 235
ROOT stats - zero: 1110 - one: 784 - lit: 129 - clause: 0
ITP proof core: (root: 131,0 + chain: 104 (res: 554) - ref2: 67) / tot:235
ITP proof red Simpl (impl: 0): 0
ITP proof core: (root: 131,0 + chain: 104 (res: 554) - ref2: 67) / tot:235
ITP proof remapped roots: 162 - eq nodes: 10 - tot: 233
ROOT stats - zero: 0 - one: 0 - lit: 129 - clause: 0
ITP proof core: (root: 138,0 + chain: 71 (res: 439) - ref2: 46) / tot:233
ITP proof dupv: 0 [impl: 0] - implNodes: 0
ITP proof core: (root: 138,0 + chain: 71 (res: 439) - ref2: 46) / tot:233
ITP proof remapped roots: 138 - eq nodes: 0 - tot: 209
ROOT stats - zero: 0 - one: 0 - lit: 105 - clause: 31
ITP proof core: (root: 138,0 + chain: 71 (res: 439) - ref2: 46) / tot:209
ITP proof dupv: 0 - implNodesOdc: 102
ITP proof core: (root: 138,0 + chain: 71 (res: 337) - ref2: 46) / tot:209
ITP proof dupv: 0 [impl: 0] - implNodes: 0
STRUCT ODC[OR:4]: 456 -> 440
TOT NNF SIMPL: 440 -> (abcBal: 383) -> 374 (1 iterations)
RERUN PARTIAL ITP SIZE: 374 - 0 auxv used

Solver RERUN1 with partial itp time = 0.00 s (norm 0.00 s))
Solver RERUN1 stats: 17073/2130 vars/clauses
RERUN1 proof has size size 103
Solver RERUN1 stats: 5322/23497/103 dec./prop./confl.

CHECK Solver Validation time = 0.00 s (norm 0.00 s))
RERUN Solver Replay time = 0.00 s (norm 0.00 s))
RERUN Solver res: 2565 - resolvents: 683
# A cl: 1168/1866
ITP proof core: (root: 1864,4 + chain: 559 (res: 4054) - ref2: 450) / tot:2531
ITP proof remapped roots: 129 - eq nodes: 241 - tot: 447
ROOT stats - zero: 1038 - one: 697 - lit: 127 - clause: 0
ITP proof core: (root: 129,0 + chain: 318 (res: 609) - ref2: 265) / tot:447
ITP proof red Simpl (impl: 0): 0
ITP proof core: (root: 129,0 + chain: 318 (res: 609) - ref2: 265) / tot:447
ITP proof remapped roots: 143 - eq nodes: 29 - tot: 423
ROOT stats - zero: 0 - one: 0 - lit: 127 - clause: 0
ITP proof core: (root: 137,0 + chain: 280 (res: 551) - ref2: 230) / tot:423
ITP proof dupv: 0 [impl: 0] - implNodes: 0
ITP proof core: (root: 137,0 + chain: 280 (res: 551) - ref2: 230) / tot:423
ITP proof remapped roots: 140 - eq nodes: 0 - tot: 415
ROOT stats - zero: 0 - one: 0 - lit: 123 - clause: 12
ITP proof core: (root: 136,0 + chain: 275 (res: 546) - ref2: 228) / tot:415
ITP proof dupv: 0 - implNodesOdc: 16
ITP proof core: (root: 136,0 + chain: 275 (res: 530) - ref2: 228) / tot:415
ITP proof dupv: 0 [impl: 0] - implNodes: 0
STRUCT ODC[AND:20]: 543 -> 523
TOT NNF SIMPL: 523 -> (abcBal: 442) -> 421 (1 iterations)
RERUN PARTIAL ITP2 SIZE: 421

NNF PBA Solver time = 0.00 s (norm 0.00 s))
NNF PBA Solver stats: 536/8434/76 dec./prop./confl.
NNF PBA Solver Validation time = 0.00 s (norm 0.00 s))
# AIG core -> gates: 425 / 441 (maxCut: 0)
NNF PBA size: 421 -> 405
# A cl: 1254/2130
interpolant OPT: 0 (0,0)
interpolant AUXV: 0 - AIG nodes 85409
itp stats: clause terms/a/o/ao -> 346/0/0/346 - A nodes: 0 (and->or): 32767
itp opt: 405 -> 405
9/9 (r:0) INDUCTIVE components found in TO+ (size: 405)
TO: 405 (supp: 107) - AIG nodes 85409
TO*TO+: 405 (supp: 107)
|to:405|.
|to&oldTo:615|.
   |tr|=16139 |reached|=5035.
*** Trav time: 6.05 s (norm 6.72 s) ***
ring 13 - safe for bound 2
  Reusing SAME CONE ring
fp chkTime: 0.05 s (norm 0.05 s)
  Aig interpolant inner iteration 13: |from:16137| -> ternary to+: 17
TO+IMG-cube: 9 (f:16137->16119)
min/avg/max red id: 174/174/175
FOUND 2 const REDUNDANCIES
red size: 6 - F size 468 -> 468
ring cone (e) - generated part[13/16] of size: 11262 - bound: 2
Inner loop REACHES back cone.

try ITP ref. # 2/16 - cone/constr 0 of size: 3 - ring: 16 (rl: 0)
ITP ref. chk[13] - cone sz: 30911 - fwd ring: 615
RING CONSTR: [13]&615
ITP ref. chk[12] - cone sz: 38075 - fwd ring: 2702
RING CONSTR: [12]&2702
ITP ref. chk[11] - cone sz: 38403 - fwd ring: 2727
refinement possible at level 11

Interpolant FINITE RUN: cone=3, care=0.
fp chkTime: 0.03 s (norm 0.03 s)
  Aig interpolant inner iteration 11: |from:5623| -> previous ring 12 - safe for bound 2
ring cone (e) - generated part[11/17] of size: 37774 - bound: 5
DYN ABSTR (M22) KEPT 56/182 vars (time: 0.07 s (norm 0.08 s))
ITP (|A|=5825,|B|=38454)
ITP time limit: 10000
Solver stats: 44223/70331 vars/clauses (elim v/cl:0/0)
Solver stats: 8182/1271698/1685 dec./prop./confl.
Solver stats: time = 0.07 s (norm 0.08 s)
Solver Validation time = 0.04 s (norm 0.04 s) - prop:2192583
Solver Replay time = 0.02 s (norm 0.03 s) - prop: 2473779
computing interpolant from refutation proof of size 2500 (AIG nodes: 139666)
RES PROOF REMOVED 560 redundant  literals
RES PROOF RECYCL PIV. REMOVED 2533 resolutions
RESTRUCT PROOF REMOVED 344 redundant resolutions
RES PROOF PROCESSED: 2286 A, 6789 B, 1246 resA, 1981 resB, 1861 res (tot: 14163)
RES PROOF has 6754 core and 7409 out of core nodes
RES PROOF compacted from 14163 to 6754 nodes
RES PROOF SWAPPED 287 resolution vars
resB: 0
GET PROOF 921 A (0 resA) - 3972 B (0 resB) - 1861 res - 0 red
RES PROOF (noop) MOVED from (A:0+B:0) 0 B->A: 0 resA, 0 resB, 1861 res, 0 redundant (red root: 0)
resB: 0
GET PROOF 921 A (0 resA) - 3972 B (0 resB) - 1861 res - 0 red
# A cl: 921/4893
ITP proof core: (root: 4760,135 + chain: 869 (res: 33879) - ref2: 481) / tot:6756
ITP proof remapped roots: 72 - eq nodes: 455 - tot: 486
ROOT stats - zero: 830 - one: 3858 - lit: 70 - clause: 0
ITP proof core: (root: 72,0 + chain: 414 (res: 1757) - ref2: 255) / tot:486
ITP proof red Simpl (impl: 0): 0
ITP proof core: (root: 72,0 + chain: 414 (res: 1757) - ref2: 255) / tot:486
ITP proof remapped roots: 79 - eq nodes: 35 - tot: 444
ROOT stats - zero: 0 - one: 0 - lit: 70 - clause: 0
ITP proof core: (root: 75,0 + chain: 365 (res: 1693) - ref2: 240) / tot:444
ITP proof dupv: 0 [impl: 0] - implNodes: 0
ITP proof core: (root: 75,0 + chain: 365 (res: 1693) - ref2: 240) / tot:444
ITP proof remapped roots: 75 - eq nodes: 2 - tot: 437
ROOT stats - zero: 0 - one: 0 - lit: 66 - clause: 7
ITP proof core: (root: 75,0 + chain: 362 (res: 1690) - ref2: 238) / tot:437
ITP proof dupv: 0 - implNodesOdc: 613
ITP proof core: (root: 75,0 + chain: 362 (res: 1077) - ref2: 238) / tot:437
ITP proof dupv: 0 [impl: 0] - implNodes: 0
STRUCT ODC[OR:6]: 871 -> 835
TOT NNF SIMPL: 835 -> (abcBal: 604) -> 399 (3 iterations)
RERUN PARTIAL ITP SIZE: 399 - 0 auxv used

Solver RERUN1 with partial itp time = 0.01 s (norm 0.01 s))
Solver RERUN1 stats: 44223/4893 vars/clauses
RERUN1 proof has size size 307
Solver RERUN1 stats: 11743/113342/212 dec./prop./confl.

CHECK Solver Validation time = 0.00 s (norm 0.00 s))
RERUN Solver Replay time = 0.00 s (norm 0.00 s))
RERUN Solver res: 4561 - resolvents: 810
# A cl: 622/3444
ITP proof core: (root: 3421,25 + chain: 295 (res: 10974) - ref2: 183) / tot:4193
ITP proof remapped roots: 58 - eq nodes: 187 - tot: 166
ROOT stats - zero: 559 - one: 2804 - lit: 56 - clause: 0
ITP proof core: (root: 58,0 + chain: 108 (res: 448) - ref2: 72) / tot:166
ITP proof red Simpl (impl: 0): 0
ITP proof core: (root: 58,0 + chain: 108 (res: 448) - ref2: 72) / tot:166
ITP proof remapped roots: 66 - eq nodes: 15 - tot: 153
ROOT stats - zero: 0 - one: 0 - lit: 56 - clause: 0
ITP proof core: (root: 62,0 + chain: 87 (res: 371) - ref2: 61) / tot:153
ITP proof dupv: 0 [impl: 0] - implNodes: 0
ITP proof core: (root: 62,0 + chain: 87 (res: 371) - ref2: 61) / tot:153
ITP proof remapped roots: 62 - eq nodes: 1 - tot: 147
ROOT stats - zero: 0 - one: 0 - lit: 52 - clause: 8
ITP proof core: (root: 62,0 + chain: 85 (res: 369) - ref2: 59) / tot:147
ITP proof dupv: 0 - implNodesOdc: 126
ITP proof core: (root: 62,0 + chain: 85 (res: 243) - ref2: 59) / tot:147
ITP proof dupv: 0 [impl: 0] - implNodes: 0
STRUCT ODC[AND:19]: 258 -> 194
TOT NNF SIMPL: 194 -> (abcBal: 161) -> 160 (1 iterations)
RERUN PARTIAL ITP2 SIZE: 160

NNF PBA Solver time = 0.00 s (norm 0.00 s))
NNF PBA Solver stats: 6264/28718/87 dec./prop./confl.
NNF PBA Solver Validation time = 0.00 s (norm 0.00 s))
# AIG core -> gates: 149 / 173 (maxCut: 0)
NNF PBA size: 160 -> 138
# A cl: 921/4893
interpolant OPT: 0 (0,0)
interpolant AUXV: 0 - AIG nodes 139775
itp stats: clause terms/a/o/ao -> 447/0/0/447 - A nodes: 0 (and->or): 32767
itp opt: 138 -> 138
5/7 (r:2) INDUCTIVE components found in TO+ (size: 133)
|to simplify: 138->133|.
TO: 133 (supp: 43) - AIG nodes 139770
TO*TO+: 133 (supp: 43)
|to:133|.
|to&oldTo:2815|.
   |tr|=16139 |reached|=4711.
*** Trav time: 8.23 s (norm 9.14 s) ***
ring 12 - safe for bound 5
  Reusing SAME CONE ring
fp chkTime: 0.04 s (norm 0.05 s)
  Aig interpolant inner iteration 12: |from:12524| -> previous ring 13 - safe for bound 2
FOUND 12(10 const) EQUIVALENCES - size 12395 -> 12352
ring cone (e) - generated part[12/18] of size: 41428 - bound: 5
Inner loop REACHES back cone.

try ITP ref. # 3/16 - cone/constr 0 of size: 3 - ring: 18 (rl: 0)
ITP ref. chk[12] - cone sz: 58800 - fwd ring: 2815
RING CONSTR: [13]&615
ITP ref. chk[11] - cone sz: 59658 - fwd ring: 2727
refinement possible at level 11

Interpolant FINITE RUN: cone=3, care=0.
fp chkTime: 0.03 s (norm 0.04 s)
  Aig interpolant inner iteration 11: |from:5623| -> previous ring 12 - safe for bound 5
ring cone (e) - generated part[11/19] of size: 58800 - bound: 7
DYN ABSTR (M22) KEPT 50/182 vars (time: 0.22 s (norm 0.25 s))
ITP (|A|=5018,|B|=59563)
ITP time limit: 10000
Solver stats: 64531/106306 vars/clauses (elim v/cl:0/0)
Solver stats: 14908/4847963/4042 dec./prop./confl.
Solver stats: time = 0.31 s (norm 0.34 s)
Solver Validation time = 0.30 s (norm 0.34 s) - prop:11476308
Solver Replay time = 0.18 s (norm 0.20 s) - prop: 14095193
computing interpolant from refutation proof of size 6129 (AIG nodes: 181343)
RES PROOF REMOVED 3230 redundant  literals
RES PROOF RECYCL PIV. REMOVED 10064 resolutions
RESTRUCT PROOF REMOVED 1663 redundant resolutions
RES PROOF PROCESSED: 1915 A, 14897 B, 1066 resA, 3195 resB, 2697 res (tot: 23770)
RES PROOF has 14435 core and 9335 out of core nodes
RES PROOF compacted from 23770 to 14433 nodes
RES PROOF SWAPPED 355 resolution vars
resB: 0
GET PROOF 795 A (0 resA) - 10943 B (0 resB) - 2695 res - 0 red
RES PROOF (noop) MOVED from (A:0+B:0) 0 B->A: 0 resA, 0 resB, 2695 res, 0 redundant (red root: 0)
resB: 0
GET PROOF 795 A (0 resA) - 10943 B (0 resB) - 2695 res - 0 red
# A cl: 795/11738
ITP proof core: (root: 11529,211 + chain: 1929 (res: 124532) - ref2: 1053) / tot:14435
ITP proof remapped roots: 73 - eq nodes: 967 - tot: 1035
ROOT stats - zero: 710 - one: 10746 - lit: 71 - clause: 0
ITP proof core: (root: 73,0 + chain: 962 (res: 3871) - ref2: 552) / tot:1035
ITP proof red Simpl (impl: 0): 0
ITP proof core: (root: 73,0 + chain: 962 (res: 3871) - ref2: 552) / tot:1035
ITP proof remapped roots: 90 - eq nodes: 331 - tot: 700
ROOT stats - zero: 0 - one: 0 - lit: 71 - clause: 0
ITP proof core: (root: 85,0 + chain: 610 (res: 3047) - ref2: 397) / tot:700
ITP proof dupv: 0 [impl: 0] - implNodes: 0
ITP proof core: (root: 85,0 + chain: 610 (res: 3047) - ref2: 397) / tot:700
ITP proof remapped roots: 91 - eq nodes: 0 - tot: 694
ROOT stats - zero: 0 - one: 0 - lit: 67 - clause: 16
ITP proof core: (root: 91,0 + chain: 603 (res: 3032) - ref2: 393) / tot:694
ITP proof dupv: 0 - implNodesOdc: 1296
ITP proof core: (root: 91,0 + chain: 603 (res: 1736) - ref2: 393) / tot:694
ITP proof dupv: 0 [impl: 0] - implNodes: 0
STRUCT ODC[AND:17]: 1291 -> 768
TOT NNF SIMPL: 768 -> (abcBal: 614) -> 570 (2 iterations)
RERUN PARTIAL ITP SIZE: 570 - 0 auxv used

Solver RERUN1 with partial itp time = 0.03 s (norm 0.04 s))
Solver RERUN1 stats: 64531/11738 vars/clauses
RERUN1 proof has size size 1427
Solver RERUN1 stats: 22541/480454/861 dec./prop./confl.

CHECK Solver Validation time = 0.04 s (norm 0.04 s))
RERUN Solver Replay time = 0.04 s (norm 0.05 s))
RERUN Solver res: 9523 - resolvents: 1188
# A cl: 688/7523
ITP proof core: (root: 7509,16 + chain: 602 (res: 49433) - ref2: 430) / tot:8314
ITP proof remapped roots: 70 - eq nodes: 341 - tot: 331
ROOT stats - zero: 613 - one: 6826 - lit: 68 - clause: 0
ITP proof core: (root: 70,0 + chain: 261 (res: 946) - ref2: 190) / tot:331
ITP proof red Simpl (impl: 0): 0
ITP proof core: (root: 70,0 + chain: 261 (res: 946) - ref2: 190) / tot:331
ITP proof remapped roots: 81 - eq nodes: 123 - tot: 213
ROOT stats - zero: 0 - one: 0 - lit: 68 - clause: 0
ITP proof core: (root: 78,0 + chain: 132 (res: 703) - ref2: 99) / tot:213
ITP proof dupv: 0 [impl: 0] - implNodes: 0
ITP proof core: (root: 78,0 + chain: 132 (res: 703) - ref2: 99) / tot:213
ITP proof remapped roots: 79 - eq nodes: 0 - tot: 211
ROOT stats - zero: 0 - one: 0 - lit: 65 - clause: 11
ITP proof core: (root: 78,0 + chain: 132 (res: 702) - ref2: 99) / tot:211
ITP proof dupv: 0 - implNodesOdc: 203
ITP proof core: (root: 78,0 + chain: 132 (res: 499) - ref2: 99) / tot:211
ITP proof dupv: 0 [impl: 0] - implNodes: 0
STRUCT ODC[AND:11]: 436 -> 400
TOT NNF SIMPL: 400 -> (abcBal: 331) -> 326 (1 iterations)
RERUN PARTIAL ITP2 SIZE: 326

NNF PBA Solver time = 0.01 s (norm 0.01 s))
NNF PBA Solver stats: 17215/197170/461 dec./prop./confl.
NNF PBA Solver Validation time = 0.02 s (norm 0.02 s))
# AIG core -> gates: 272 / 348 (maxCut: 0)
NNF PBA size: 326 -> 251
# A cl: 795/11738
interpolant OPT: 0 (0,0)
interpolant AUXV: 0 - AIG nodes 181525
itp stats: clause terms/a/o/ao -> 735/0/0/735 - A nodes: 0 (and->or): 32767
itp opt: 251 -> 251
8/13 (r:5) INDUCTIVE components found in TO+ (size: 233)
|to simplify: 251->233|.
TO: 233 (supp: 48) - AIG nodes 181506
TO*TO+: 233 (supp: 48)
|to:233|.
|to&oldTo:2993|.
   |tr|=16139 |reached|=4879.
*** Trav time: 12.85 s (norm 14.28 s) ***
ring 12 - safe for bound 7
  Reusing SAME CONE ring
fp chkTime: 0.04 s (norm 0.05 s)
  Aig interpolant inner iteration 12: |from:12694| -> previous ring 13 - safe for bound 2
FOUND 14(12 const) EQUIVALENCES - size 12565 -> 12514
min/avg/max red id: 1275/1275/1275
FOUND 1 const REDUNDANCIES
red size: 9 - F size 1443 -> 1443
ring cone (e) - generated part[12/20] of size: 62456 - bound: 7
DYN ABSTR (M22) KEPT 307/855 vars (time: 0.48 s (norm 0.53 s))
computing interpolant in TO+
ITP (|A|=8839,|B|=62624)
ITP time limit: 10000
Solver stats: 71156/118981 vars/clauses (elim v/cl:0/0)
Solver stats: 40751/7467727/6147 dec./prop./confl.
Solver stats: time = 0.48 s (norm 0.54 s)
Solver Validation time = 0.49 s (norm 0.54 s) - prop:17703964
Solver Replay time = 0.30 s (norm 0.33 s) - prop: 21681762
computing interpolant from refutation proof of size 7191 (AIG nodes: 185218)
RES PROOF REMOVED 6471 redundant  literals
RES PROOF RECYCL PIV. REMOVED 24525 resolutions
RESTRUCT PROOF REMOVED 4439 redundant resolutions
RES PROOF PROCESSED: 3323 A, 11261 B, 324 resA, 2291 resB, 2870 res (tot: 20069)
RES PROOF has 15287 core and 4782 out of core nodes
RES PROOF compacted from 20069 to 15284 nodes
RES PROOF SWAPPED 1911 resolution vars
resB: 0
GET PROOF 2876 A (0 resA) - 9541 B (0 resB) - 2867 res - 0 red
RES PROOF (noop) MOVED from (A:0+B:0) 0 B->A: 0 resA, 0 resB, 2867 res, 0 redundant (red root: 0)
resB: 0
GET PROOF 2876 A (0 resA) - 9541 B (0 resB) - 2867 res - 0 red
# A cl: 2876/12417
ITP proof core: (root: 12393,26 + chain: 2763 (res: 379669) - ref2: 1810) / tot:15286
ITP proof remapped roots: 337 - eq nodes: 768 - tot: 2332
ROOT stats - zero: 2536 - one: 9520 - lit: 335 - clause: 0
ITP proof core: (root: 337,0 + chain: 1995 (res: 16431) - ref2: 1350) / tot:2332
ITP proof red Simpl (impl: 0): 0
ITP proof core: (root: 337,0 + chain: 1995 (res: 16431) - ref2: 1350) / tot:2332
ITP proof remapped roots: 563 - eq nodes: 224 - tot: 2187
ROOT stats - zero: 0 - one: 0 - lit: 335 - clause: 0
ITP proof core: (root: 560,0 + chain: 1624 (res: 15580) - ref2: 1160) / tot:2187
ITP proof dupv: 0 [impl: 0] - implNodes: 0
ITP proof core: (root: 560,0 + chain: 1624 (res: 15580) - ref2: 1160) / tot:2187
ITP proof remapped roots: 578 - eq nodes: 0 - tot: 2187
ROOT stats - zero: 0 - one: 0 - lit: 334 - clause: 224
ITP proof core: (root: 573,0 + chain: 1609 (res: 15546) - ref2: 1153) / tot:2187
ITP proof dupv: 0 - implNodesOdc: 5089
ITP proof core: (root: 573,0 + chain: 1609 (res: 10457) - ref2: 1153) / tot:2187
ITP proof dupv: 0 [impl: 0] - implNodes: 0
STRUCT ODC[AND:29]: 9767 -> 8872
TOT NNF SIMPL: 8872 -> (abcBal: 6337) -> 6194 (1 iterations)
RERUN PARTIAL ITP SIZE: 6194 - 0 auxv used

Solver RERUN1 with partial itp time = 0.08 s (norm 0.09 s))
Solver RERUN1 stats: 71156/12417 vars/clauses
RERUN1 proof has size size 2876
Solver RERUN1 stats: 27958/1243775/2228 dec./prop./confl.

CHECK Solver Validation time = 0.10 s (norm 0.11 s))
RERUN Solver Replay time = 0.10 s (norm 0.11 s))
RERUN Solver res: 11392 - resolvents: 2556
# A cl: 2100/8405
ITP proof core: (root: 8394,13 + chain: 1793 (res: 196627) - ref2: 1201) / tot:10413
ITP proof remapped roots: 283 - eq nodes: 480 - tot: 1596
ROOT stats - zero: 1813 - one: 6298 - lit: 281 - clause: 0
ITP proof core: (root: 283,0 + chain: 1313 (res: 15242) - ref2: 903) / tot:1596
ITP proof red Simpl (impl: 0): 0
ITP proof core: (root: 283,0 + chain: 1313 (res: 15242) - ref2: 903) / tot:1596
ITP proof remapped roots: 489 - eq nodes: 193 - tot: 1468
ROOT stats - zero: 0 - one: 0 - lit: 281 - clause: 0
ITP proof core: (root: 485,0 + chain: 979 (res: 11802) - ref2: 722) / tot:1468
ITP proof dupv: 0 [impl: 0] - implNodes: 0
ITP proof core: (root: 485,0 + chain: 979 (res: 11802) - ref2: 722) / tot:1468
ITP proof remapped roots: 504 - eq nodes: 0 - tot: 1466
ROOT stats - zero: 0 - one: 0 - lit: 277 - clause: 206
ITP proof core: (root: 498,0 + chain: 962 (res: 11746) - ref2: 709) / tot:1466
ITP proof dupv: 0 - implNodesOdc: 5650
ITP proof core: (root: 498,0 + chain: 962 (res: 6096) - ref2: 709) / tot:1466
ITP proof dupv: 0 [impl: 0] - implNodes: 0
STRUCT ODC[AND:50]: 5950 -> 5463
TOT NNF SIMPL: 5463 -> (abcBal: 3832) -> 3763 (1 iterations)
RERUN PARTIAL ITP2 SIZE: 3763

NNF PBA Solver time = 0.06 s (norm 0.07 s))
NNF PBA Solver stats: 4275/918115/1639 dec./prop./confl.
NNF PBA Solver Validation time = 0.08 s (norm 0.09 s))
# AIG core -> gates: 2608 / 3790 (maxCut: 0)
NNF PBA size: 3763 -> 2582
# A cl: 2876/12417
interpolant OPT: 0 (0,0)
interpolant AUXV: 0 - AIG nodes 187697
itp stats: clause terms/a/o/ao -> 2571/0/0/2571 - A nodes: 0 (and->or): 32767
STRUCT ODC[AND:42]: 2582 -> 2582
TOT NNF SIMPL: 2582 -> (abcBal: 2520) -> 2508 (1 iterations)
ABC / nnf simp: 1909/2508
itp opt: 2508 -> 2508
30/42 (r:12) INDUCTIVE components found in TO+ (size: 2423)
|to simplify: 2508->2423|.
TO: 2423 (supp: 260) - AIG nodes 187540
TO*TO+: 2462 (supp: 274)
|to:2462|.
|to&oldTo:3024|.
   |tr|=16139 |reached|=7464.
*** Trav time: 17.38 s (norm 19.31 s) ***
ring 13 - safe for bound 7
  Reusing SAME CONE ring
fp chkTime: 0.06 s (norm 0.07 s)
  Aig interpolant inner iteration 13: |from:18096| -> ternary to+: 17
TO+IMG-cube: 9 (f:18096->18078)
min/avg/max red id: 463/667/999
FOUND 8 const REDUNDANCIES
red size: 23 - F size 2832 -> 2832
ring cone (e) - generated part[13/21] of size: 62840 - bound: 7
Inner loop REACHES back cone.

try ITP ref. # 4/16 - cone/constr 0 of size: 3 - ring: 21 (rl: 0)
ITP ref. chk[13] - cone sz: 83288 - fwd ring: 3024
ITP ref. chk[12] - cone sz: 90342 - fwd ring: 2993
refinement possible at level 12

Interpolant FINITE RUN: cone=3, care=0.
fp chkTime: 0.06 s (norm 0.06 s)
  Aig interpolant inner iteration 12: |from:12694| -> previous ring 13 - safe for bound 7
min/avg/max red id: 1296/1296/1296
FOUND 1 const REDUNDANCIES
red size: 9 - F size 1443 -> 1443
ring cone (e) - generated part[12/22] of size: 83288 - bound: 9
DYN ABSTR (M22) KEPT 261/855 vars (time: 1.86 s (norm 2.06 s))
computing interpolant in TO+
ITP (|A|=8360,|B|=85798)
ITP time limit: 10000
Solver stats: 93897/158897 vars/clauses (elim v/cl:0/0)
Solver stats: 45621/21560911/14196 dec./prop./confl.
Solver stats: time = 1.53 s (norm 1.70 s)
Solver Validation time = 1.95 s (norm 2.17 s) - prop:58048225
Solver Replay time = 1.22 s (norm 1.35 s) - prop: 72794798
computing interpolant from refutation proof of size 22688 (AIG nodes: 241408)
RES PROOF REMOVED 20820 redundant  literals
RES PROOF RECYCL PIV. REMOVED 40455 resolutions
RESTRUCT PROOF REMOVED 6979 redundant resolutions
RES PROOF PROCESSED: 2586 A, 17711 B, 262 resA, 8370 resB, 5554 res (tot: 34483)
RES PROOF has 24928 core and 9555 out of core nodes
RES PROOF compacted from 34483 to 24923 nodes
RES PROOF SWAPPED 423 resolution vars
resB: 0
GET PROOF 2242 A (0 resA) - 17132 B (0 resB) - 5549 res - 0 red
RES PROOF (noop) MOVED from (A:0+B:0) 0 B->A: 0 resA, 0 resB, 5549 res, 0 redundant (red root: 0)
resB: 0
GET PROOF 2242 A (0 resA) - 17132 B (0 resB) - 5549 res - 0 red
# A cl: 2242/19374
ITP proof core: (root: 19088,288 + chain: 4115 (res: 579407) - ref2: 3060) / tot:24925
ITP proof remapped roots: 317 - eq nodes: 1746 - tot: 2686
ROOT stats - zero: 1916 - one: 16855 - lit: 315 - clause: 0
ITP proof core: (root: 317,0 + chain: 2369 (res: 8600) - ref2: 1814) / tot:2686
ITP proof red Simpl (impl: 0): 0
ITP proof core: (root: 317,0 + chain: 2369 (res: 8600) - ref2: 1814) / tot:2686
ITP proof remapped roots: 490 - eq nodes: 267 - tot: 2496
ROOT stats - zero: 0 - one: 0 - lit: 315 - clause: 0
ITP proof core: (root: 486,0 + chain: 2006 (res: 7717) - ref2: 1557) / tot:2496
ITP proof dupv: 0 [impl: 0] - implNodes: 0
ITP proof core: (root: 486,0 + chain: 2006 (res: 7717) - ref2: 1557) / tot:2496
ITP proof remapped roots: 550 - eq nodes: 0 - tot: 2516
ROOT stats - zero: 0 - one: 0 - lit: 311 - clause: 173
ITP proof core: (root: 519,0 + chain: 1966 (res: 7527) - ref2: 1538) / tot:2516
ITP proof dupv: 0 - implNodesOdc: 591
ITP proof core: (root: 519,0 + chain: 1966 (res: 6936) - ref2: 1538) / tot:2516
ITP proof dupv: 0 [impl: 0] - implNodes: 0
STRUCT ODC[AND:193]: 6053 -> 4403
TOT NNF SIMPL: 4403 -> (abcBal: 3271) -> 3222 (1 iterations)
RERUN PARTIAL ITP SIZE: 3222 - 0 auxv used

Solver RERUN1 with partial itp time = 0.31 s (norm 0.34 s))
Solver RERUN1 stats: 93897/19368 vars/clauses
RERUN1 proof has size size 7763
Solver RERUN1 stats: 101621/3972462/5376 dec./prop./confl.

CHECK Solver Validation time = 0.39 s (norm 0.43 s))
RERUN Solver Replay time = 0.42 s (norm 0.46 s))
RERUN Solver res: 19301 - resolvents: 5217
# A cl: 1462/12533
ITP proof core: (root: 12528,7 + chain: 1595 (res: 199573) - ref2: 1240) / tot:14204
ITP proof remapped roots: 242 - eq nodes: 728 - tot: 1109
ROOT stats - zero: 1216 - one: 11070 - lit: 240 - clause: 0
ITP proof core: (root: 242,0 + chain: 867 (res: 2832) - ref2: 679) / tot:1109
ITP proof red Simpl (impl: 0): 0
ITP proof core: (root: 242,0 + chain: 867 (res: 2832) - ref2: 679) / tot:1109
ITP proof remapped roots: 348 - eq nodes: 87 - tot: 1051
ROOT stats - zero: 0 - one: 0 - lit: 240 - clause: 0
ITP proof core: (root: 326,0 + chain: 703 (res: 2332) - ref2: 556) / tot:1051
ITP proof dupv: 0 [impl: 0] - implNodes: 0
ITP proof core: (root: 326,0 + chain: 703 (res: 2332) - ref2: 556) / tot:1051
ITP proof remapped roots: 364 - eq nodes: 0 - tot: 1031
ROOT stats - zero: 0 - one: 0 - lit: 219 - clause: 105
ITP proof core: (root: 340,0 + chain: 667 (res: 2236) - ref2: 531) / tot:1031
ITP proof dupv: 0 - implNodesOdc: 171
ITP proof core: (root: 340,0 + chain: 667 (res: 2065) - ref2: 531) / tot:1031
ITP proof dupv: 0 [impl: 0] - implNodes: 0
STRUCT ODC[AND:107]: 2197 -> 1866
TOT NNF SIMPL: 1866 -> (abcBal: 1481) -> 1447 (1 iterations)
RERUN PARTIAL ITP2 SIZE: 1447

NNF PBA Solver time = 0.13 s (norm 0.15 s))
NNF PBA Solver stats: 61538/1499878/2770 dec./prop./confl.
NNF PBA Solver Validation time = 0.15 s (norm 0.17 s))
# AIG core -> gates: 1039 / 1471 (maxCut: 0)
NNF PBA size: 1447 -> 1020
# A cl: 2242/19374
interpolant OPT: 0 (0,0)
interpolant AUXV: 0 - AIG nodes 242122
itp stats: clause terms/a/o/ao -> 2633/0/0/2633 - A nodes: 0 (and->or): 32767
STRUCT ODC[AND:67]: 1020 -> 1019
TOT NNF SIMPL: 1019 -> (abcBal: 992) -> 980 (1 iterations)
ABC / nnf simp: 820/980
itp opt: 980 -> 980
41/58 (r:17) INDUCTIVE components found in TO+ (size: 933)
|to simplify: 980->933|.
TO: 933 (supp: 206) - AIG nodes 242039
TO*TO+: 938 (supp: 206)
|to:938|.
|to&oldTo:3680|.
   |tr|=16139 |reached|=6597.
*** Trav time: 33.02 s (norm 36.68 s) ***
ring 13 - safe for bound 9
  Reusing SAME CONE ring
fp chkTime: 0.07 s (norm 0.07 s)
  Aig interpolant inner iteration 13: |from:18749| -> ternary to+: 17
TO+IMG-cube: 9 (f:18749->18731)
min/avg/max red id: 632/1351/3099
FOUND 12 const REDUNDANCIES
red size: 117 - F size 3446 -> 3446
ring cone (e) - generated part[13/23] of size: 83888 - bound: 9
DYN ABSTR (M22) KEPT 267/924 vars (time: 2.02 s (norm 2.24 s))
computing interpolant in TO+
ITP (|A|=10317,|B|=83933)
ITP time limit: 10000
Solver stats: 93983/160425 vars/clauses (elim v/cl:0/0)
Solver stats: 89261/41835860/27369 dec./prop./confl.
Solver stats: time = 3.17 s (norm 3.52 s)
Solver Validation time = 4.16 s (norm 4.63 s) - prop:116596908
Solver Replay time = 2.84 s (norm 3.15 s) - prop: 149514173
computing interpolant from refutation proof of size 47831 (AIG nodes: 311793)
RES PROOF REMOVED 57769 redundant  literals
RES PROOF RECYCL PIV. REMOVED 105774 resolutions
RESTRUCT PROOF REMOVED 17105 redundant resolutions
RES PROOF PROCESSED: 4980 A, 18948 B, 327 resA, 10208 resB, 13726 res (tot: 48189)
RES PROOF has 38762 core and 9427 out of core nodes
RES PROOF compacted from 48189 to 38733 nodes
RES PROOF SWAPPED 10036 resolution vars
resB: 0
GET PROOF 5018 A (0 resA) - 20018 B (0 resB) - 13697 res - 0 red
RES PROOF (noop) MOVED from (A:0+B:0) 0 B->A: 0 resA, 0 resB, 13697 res, 0 redundant (red root: 0)
resB: 0
GET PROOF 5018 A (0 resA) - 20018 B (0 resB) - 13697 res - 0 red
# A cl: 5018/25036
ITP proof core: (root: 24806,232 + chain: 13206 (res: 1990577) - ref2: 9177) / tot:38735
ITP proof remapped roots: 330 - eq nodes: 3095 - tot: 10441
ROOT stats - zero: 4614 - one: 19862 - lit: 328 - clause: 0
ITP proof core: (root: 330,0 + chain: 10111 (res: 75980) - ref2: 7152) / tot:10441
ITP proof red Simpl (impl: 0): 0
ITP proof core: (root: 330,0 + chain: 10111 (res: 75980) - ref2: 7152) / tot:10441
ITP proof remapped roots: 1101 - eq nodes: 673 - tot: 10183
ROOT stats - zero: 0 - one: 0 - lit: 328 - clause: 0
ITP proof core: (root: 1095,0 + chain: 9082 (res: 71650) - ref2: 6579) / tot:10183
ITP proof dupv: 0 [impl: 0] - implNodes: 0
ITP proof core: (root: 1095,0 + chain: 9082 (res: 71650) - ref2: 6579) / tot:10183
ITP proof remapped roots: 1308 - eq nodes: 1 - tot: 10274
ROOT stats - zero: 0 - one: 0 - lit: 322 - clause: 771
ITP proof core: (root: 1289,0 + chain: 8966 (res: 71022) - ref2: 6521) / tot:10274
ITP proof dupv: 0 - implNodesOdc: 5064
ITP proof core: (root: 1289,0 + chain: 8966 (res: 65958) - ref2: 6522) / tot:10274
ITP proof dupv: 0 [impl: 0] - implNodes: 0
STRUCT ODC[AND:448]: 59912 -> 55370
TOT NNF SIMPL: 55370 -> (abcBal: 34853) -> 34228 (1 iterations)
RERUN PARTIAL ITP SIZE: 34228 - 0 auxv used

Solver RERUN1 with partial itp time = 0.90 s (norm 1.00 s))
Solver RERUN1 stats: 93983/25036 vars/clauses
RERUN1 proof has size size 20637
Solver RERUN1 stats: 64840/10837287/12912 dec./prop./confl.

CHECK Solver Validation time = 1.13 s (norm 1.25 s))
RERUN Solver Replay time = 1.24 s (norm 1.38 s))
RERUN Solver res: 30984 - resolvents: 12392
# A cl: 3990/18545
ITP proof core: (root: 18453,94 + chain: 7475 (res: 1042704) - ref2: 5557) / tot:26330
ITP proof remapped roots: 301 - eq nodes: 1415 - tot: 6361
ROOT stats - zero: 3630 - one: 14522 - lit: 299 - clause: 0
ITP proof core: (root: 301,0 + chain: 6060 (res: 47051) - ref2: 4538) / tot:6361
ITP proof red Simpl (impl: 0): 0
ITP proof core: (root: 301,0 + chain: 6060 (res: 47051) - ref2: 4538) / tot:6361
ITP proof remapped roots: 1037 - eq nodes: 92 - tot: 6576
ROOT stats - zero: 0 - one: 0 - lit: 299 - clause: 0
ITP proof core: (root: 1035,0 + chain: 5539 (res: 43866) - ref2: 4263) / tot:6576
ITP proof dupv: 0 [impl: 0] - implNodes: 0
ITP proof core: (root: 1035,0 + chain: 5539 (res: 43866) - ref2: 4263) / tot:6576
ITP proof remapped roots: 1200 - eq nodes: 0 - tot: 6625
ROOT stats - zero: 0 - one: 0 - lit: 297 - clause: 736
ITP proof core: (root: 1181,0 + chain: 5425 (res: 43196) - ref2: 4202) / tot:6625
ITP proof dupv: 0 - implNodesOdc: 218
ITP proof core: (root: 1181,0 + chain: 5425 (res: 42978) - ref2: 4202) / tot:6625
ITP proof dupv: 0 [impl: 0] - implNodes: 0
STRUCT ODC[AND:199]: 39277 -> 38141
TOT NNF SIMPL: 38141 -> (abcBal: 23618) -> 23253 (1 iterations)
RERUN PARTIAL ITP2 SIZE: 23253

NNF PBA Solver time = 1.11 s (norm 1.24 s))
NNF PBA Solver stats: 70761/18376291/9314 dec./prop./confl.
NNF PBA Solver Validation time = 1.47 s (norm 1.63 s))
# AIG core -> gates: 14710 / 23322 (maxCut: 0)
NNF PBA size: 23253 -> 14625
# A cl: 5018/25036
interpolant OPT: 0 (0,0)
interpolant AUXV: 0 - AIG nodes 325611
itp stats: clause terms/a/o/ao -> 14391/0/0/14391 - A nodes: 0 (and->or): 32767
STRUCT ODC[AND:145]: 14625 -> 14620
TOT NNF SIMPL: 14620 -> (abcBal: 14287) -> 14225 (1 iterations)
ABC / nnf simp: 11001/14225
itp opt: 14225 -> 14225
96/133 (r:37) INDUCTIVE components found in TO+ (size: 13979)
|to simplify: 14225->13979|.
TO: 13979 (supp: 264) - AIG nodes 324990
TO*TO+: 14071 (supp: 278)
|to:10644|.
   |tr|=16139 |reached|=16634.
*** Trav time: 60.35 s (norm 67.05 s) ***
ring 14 - safe for bound 9
  Reusing SAME CONE ring
fp chkTime: 0.14 s (norm 0.16 s)
  Aig interpolant inner iteration 14: |from:26461| -> ternary to+: 11
TO+IMG-cube: 6 (f:26461->26449)
min/avg/max red id: 274/3872/8425
FOUND 12 const REDUNDANCIES
red size: 158 - F size 10570 -> 10570
taking cone[14/24] of size: 83888 - bound: 9
Inner loop REACHES back cone.

try ITP ref. # 5/16 - cone/constr 0 of size: 3 - ring: 24 (rl: 0)
ITP ref. chk[14] - cone sz: 104841 - fwd ring: 10644
ITP ref. chk[13] - cone sz: 114830 - fwd ring: 3680
refinement possible at level 13

Interpolant FINITE RUN: cone=3, care=0.
fp chkTime: 0.09 s (norm 0.09 s)
  Aig interpolant inner iteration 13: |from:18749| -> previous ring 14 - safe for bound 9
min/avg/max red id: 406/1262/3151
FOUND 12 const REDUNDANCIES
red size: 117 - F size 3446 -> 3446
ring cone (e) - generated part[13/25] of size: 104841 - bound: 11
DYN ABSTR (M22) KEPT 151/924 vars (time: 5.14 s (norm 5.71 s))
computing interpolant in TO+
ITP (|A|=9299,|B|=115330)
ITP time limit: 10000
Solver stats: 124478/216419 vars/clauses (elim v/cl:0/0)
Solver stats: 83313/62016305/34741 dec./prop./confl.
Solver stats: time = 4.95 s (norm 5.50 s)
Solver Validation time = 6.82 s (norm 7.58 s) - prop:176058523
Solver Replay time = 4.30 s (norm 4.78 s) - prop: 224725965
computing interpolant from refutation proof of size 60707 (AIG nodes: 308501)
RES PROOF REMOVED 62493 redundant  literals
RES PROOF RECYCL PIV. REMOVED 79633 resolutions
RESTRUCT PROOF REMOVED 14525 redundant resolutions
RES PROOF PROCESSED: 1056 A, 29481 B, 46 resA, 22198 resB, 8540 res (tot: 61321)
RES PROOF has 38353 core and 22968 out of core nodes
RES PROOF compacted from 61321 to 38340 nodes
RES PROOF SWAPPED 3 resolution vars
resB: 0
GET PROOF 959 A (0 resA) - 28854 B (0 resB) - 8527 res - 0 red
RES PROOF (noop) MOVED from (A:0+B:0) 0 B->A: 0 resA, 0 resB, 8527 res, 0 redundant (red root: 0)
resB: 0
GET PROOF 959 A (0 resA) - 28854 B (0 resB) - 8527 res - 0 red
# A cl: 959/29813
ITP proof core: (root: 29542,273 + chain: 8086 (res: 835730) - ref2: 6142) / tot:38342
ITP proof remapped roots: 152 - eq nodes: 3599 - tot: 4639
ROOT stats - zero: 732 - one: 28658 - lit: 150 - clause: 0
ITP proof core: (root: 152,0 + chain: 4487 (res: 11602) - ref2: 3274) / tot:4639
ITP proof red Simpl (impl: 0): 0
ITP proof core: (root: 152,0 + chain: 4487 (res: 11602) - ref2: 3274) / tot:4639
ITP proof remapped roots: 207 - eq nodes: 696 - tot: 3960
ROOT stats - zero: 0 - one: 0 - lit: 150 - clause: 0
ITP proof core: (root: 166,0 + chain: 3753 (res: 10157) - ref2: 2697) / tot:3960
ITP proof dupv: 0 [impl: 0] - implNodes: 0
ITP proof core: (root: 166,0 + chain: 3753 (res: 10157) - ref2: 2697) / tot:3960
ITP proof remapped roots: 214 - eq nodes: 5 - tot: 3884
ROOT stats - zero: 0 - one: 0 - lit: 111 - clause: 53
ITP proof core: (root: 187,0 + chain: 3670 (res: 9613) - ref2: 2641) / tot:3884
ITP proof dupv: 0 - implNodesOdc: 919
ITP proof core: (root: 187,0 + chain: 3670 (res: 8694) - ref2: 2641) / tot:3884
ITP proof dupv: 0 [impl: 0] - implNodes: 0
STRUCT ODC[AND:51]: 3369 -> 1179
TOT NNF SIMPL: 1179 -> (abcBal: 929) -> 882 (1 iterations)
RERUN PARTIAL ITP SIZE: 882 - 0 auxv used

Solver RERUN1 with partial itp time = 0.75 s (norm 0.83 s))
Solver RERUN1 stats: 124478/29812 vars/clauses
RERUN1 proof has size size 15109
Solver RERUN1 stats: 146377/8743398/11040 dec./prop./confl.

CHECK Solver Validation time = 0.96 s (norm 1.06 s))
RERUN Solver Replay time = 1.04 s (norm 1.16 s))
RERUN Solver res: 33820 - resolvents: 10973
# A cl: 667/15403
ITP proof core: (root: 15199,206 + chain: 1724 (res: 177558) - ref2: 1326) / tot:17616
ITP proof remapped roots: 112 - eq nodes: 1049 - tot: 787
ROOT stats - zero: 496 - one: 14591 - lit: 110 - clause: 0
ITP proof core: (root: 112,0 + chain: 675 (res: 2127) - ref2: 509) / tot:787
ITP proof red Simpl (impl: 0): 0
ITP proof core: (root: 112,0 + chain: 675 (res: 2127) - ref2: 509) / tot:787
ITP proof remapped roots: 155 - eq nodes: 184 - tot: 599
ROOT stats - zero: 0 - one: 0 - lit: 110 - clause: 0
ITP proof core: (root: 110,0 + chain: 444 (res: 1454) - ref2: 333) / tot:599
ITP proof dupv: 0 [impl: 0] - implNodes: 0
ITP proof core: (root: 110,0 + chain: 444 (res: 1454) - ref2: 333) / tot:599
ITP proof remapped roots: 132 - eq nodes: 6 - tot: 525
ROOT stats - zero: 0 - one: 0 - lit: 66 - clause: 42
ITP proof core: (root: 102,0 + chain: 393 (res: 1164) - ref2: 294) / tot:525
ITP proof dupv: 0 - implNodesOdc: 359
ITP proof core: (root: 102,0 + chain: 393 (res: 805) - ref2: 294) / tot:525
ITP proof dupv: 0 [impl: 0] - implNodes: 0
STRUCT ODC[AND:44]: 811 -> 520
TOT NNF SIMPL: 520 -> (abcBal: 456) -> 432 (1 iterations)
RERUN PARTIAL ITP2 SIZE: 432

NNF PBA Solver time = 0.15 s (norm 0.17 s))
NNF PBA Solver stats: 81696/1835409/3027 dec./prop./confl.
NNF PBA Solver Validation time = 0.17 s (norm 0.19 s))
# AIG core -> gates: 339 / 447 (maxCut: 0)
NNF PBA size: 432 -> 326
# A cl: 959/29813
interpolant OPT: 0 (0,0)
interpolant AUXV: 0 - AIG nodes 308686
itp stats: clause terms/a/o/ao -> 4063/0/0/4063 - A nodes: 0 (and->or): 32767
itp opt: 326 -> 326
20/24 (r:4) INDUCTIVE components found in TO+ (size: 314)
|to simplify: 326->314|.
TO: 314 (supp: 93) - AIG nodes 308638
TO*TO+: 411 (supp: 113)
|to:411|.
|to&oldTo:10891|.
   |tr|=16139 |reached|=15872.
*** Trav time: 124.09 s (norm 137.87 s) ***
ring 14 - safe for bound 11
  Reusing SAME CONE ring
fp chkTime: 0.12 s (norm 0.13 s)
  Aig interpolant inner iteration 14: |from:26708| -> ternary to+: 11
TO+IMG-cube: 6 (f:26708->26696)
min/avg/max red id: 273/4405/9282
FOUND 22 const REDUNDANCIES
red size: 275 - F size 10788 -> 10788
ring cone (e) - generated part[14/26] of size: 104936 - bound: 11
DYN ABSTR (M22) KEPT 262/927 vars (time: 6.98 s (norm 7.75 s))
computing interpolant in TO+
ITP (|A|=17657,|B|=105181)
ITP time limit: 10000
Solver stats: 122576/212670 vars/clauses (elim v/cl:0/0)
Solver stats: 266709/81964088/46840 dec./prop./confl.
Solver stats: time = 7.08 s (norm 7.87 s)
Solver Validation time = 9.60 s (norm 10.66 s) - prop:236394385
Solver Replay time = 6.22 s (norm 6.91 s) - prop: 304498423
computing interpolant from refutation proof of size 60608 (AIG nodes: 411014)
RES PROOF REMOVED 98311 redundant  literals
RES PROOF RECYCL PIV. REMOVED 121328 resolutions
RESTRUCT PROOF REMOVED 20339 redundant resolutions
RES PROOF PROCESSED: 9832 A, 22131 B, 681 resA, 15088 resB, 25336 res (tot: 73068)
RES PROOF has 61901 core and 11167 out of core nodes
RES PROOF compacted from 73068 to 61847 nodes
RES PROOF SWAPPED 16600 resolution vars
resB: 0
GET PROOF 9956 A (0 resA) - 26609 B (0 resB) - 25282 res - 0 red
RES PROOF (noop) MOVED from (A:0+B:0) 0 B->A: 0 resA, 0 resB, 25282 res, 0 redundant (red root: 0)
resB: 0
GET PROOF 9956 A (0 resA) - 26609 B (0 resB) - 25282 res - 0 red
# A cl: 9956/36565
ITP proof core: (root: 36389,178 + chain: 24652 (res: 2768170) - ref2: 17261) / tot:61849
ITP proof remapped roots: 356 - eq nodes: 5503 - tot: 19505
ROOT stats - zero: 9552 - one: 26481 - lit: 354 - clause: 0
ITP proof core: (root: 356,0 + chain: 19149 (res: 119521) - ref2: 13550) / tot:19505
ITP proof red Simpl (impl: 0): 0
ITP proof core: (root: 356,0 + chain: 19149 (res: 119521) - ref2: 13550) / tot:19505
ITP proof remapped roots: 1577 - eq nodes: 416 - tot: 19744
ROOT stats - zero: 0 - one: 0 - lit: 354 - clause: 0
ITP proof core: (root: 1573,0 + chain: 18167 (res: 112786) - ref2: 13055) / tot:19744
ITP proof dupv: 0 [impl: 0] - implNodes: 0
ITP proof core: (root: 1573,0 + chain: 18167 (res: 112786) - ref2: 13055) / tot:19744
ITP proof remapped roots: 2000 - eq nodes: 7 - tot: 19775
ROOT stats - zero: 0 - one: 0 - lit: 350 - clause: 1221
ITP proof core: (root: 1939,0 + chain: 17775 (res: 110874) - ref2: 12813) / tot:19775
ITP proof dupv: 0 - implNodesOdc: 1110
ITP proof core: (root: 1939,0 + chain: 17769 (res: 109705) - ref2: 12807) / tot:19775
ITP proof dupv: 0 [impl: 0] - implNodes: 0
STRUCT ODC[AND:681]: 97220 -> 91686
TOT NNF SIMPL: 91686 -> (abcBal: 59841) -> 58969 (1 iterations)
RERUN PARTIAL ITP SIZE: 58969 - 0 auxv used

Solver RERUN1 with partial itp time = 1.61 s (norm 1.79 s))
Solver RERUN1 stats: 122576/36564 vars/clauses
RERUN1 proof has size size 30583
Solver RERUN1 stats: 158269/19021454/21803 dec./prop./confl.

CHECK Solver Validation time = 2.10 s (norm 2.34 s))
RERUN Solver Replay time = 2.29 s (norm 2.54 s))
RERUN Solver res: 47080 - resolvents: 20075
# A cl: 7291/26821
ITP proof core: (root: 26652,171 + chain: 13563 (res: 1261817) - ref2: 10121) / tot:40733
ITP proof remapped roots: 292 - eq nodes: 2740 - tot: 11115
ROOT stats - zero: 6958 - one: 19402 - lit: 290 - clause: 0
ITP proof core: (root: 292,0 + chain: 10823 (res: 71566) - ref2: 8232) / tot:11115
ITP proof red Simpl (impl: 0): 0
ITP proof core: (root: 292,0 + chain: 10823 (res: 71566) - ref2: 8232) / tot:11115
ITP proof remapped roots: 1331 - eq nodes: 334 - tot: 11260
ROOT stats - zero: 0 - one: 0 - lit: 290 - clause: 0
ITP proof core: (root: 1327,0 + chain: 9929 (res: 64785) - ref2: 7756) / tot:11260
ITP proof dupv: 0 [impl: 0] - implNodes: 0
ITP proof core: (root: 1327,0 + chain: 9929 (res: 64785) - ref2: 7756) / tot:11260
ITP proof remapped roots: 1712 - eq nodes: 3 - tot: 11331
ROOT stats - zero: 0 - one: 0 - lit: 287 - clause: 1038
ITP proof core: (root: 1650,0 + chain: 9619 (res: 62689) - ref2: 7524) / tot:11331
ITP proof dupv: 0 - implNodesOdc: 825
ITP proof core: (root: 1650,0 + chain: 9619 (res: 61864) - ref2: 7524) / tot:11331
ITP proof dupv: 0 [impl: 0] - implNodes: 0
STRUCT ODC[AND:410]: 55276 -> 52557
TOT NNF SIMPL: 52557 -> (abcBal: 32640) -> 32260 (1 iterations)
RERUN PARTIAL ITP2 SIZE: 32260

NNF PBA Solver time = 2.03 s (norm 2.26 s))
NNF PBA Solver stats: 119125/31899202/15927 dec./prop./confl.
NNF PBA Solver Validation time = 2.82 s (norm 3.14 s))
# AIG core -> gates: 19562 / 32330 (maxCut: 0)
NNF PBA size: 32260 -> 19474
# A cl: 9956/36565
interpolant OPT: 0 (0,0)
interpolant AUXV: 0 - AIG nodes 429337
itp stats: clause terms/a/o/ao -> 27388/0/0/27388 - A nodes: 0 (and->or): 32767
STRUCT ODC[AND:328]: 19474 -> 19469
TOT NNF SIMPL: 19469 -> (abcBal: 18872) -> 18799 (1 iterations)
ABC / nnf simp: 13923/18799
itp opt: 18799 -> 18799
162/324 (r:162) INDUCTIVE components found in TO+ (size: 17584)
|to simplify: 18799->17584|.
TO: 17584 (supp: 255) - AIG nodes 427452
TO*TO+: 17741 (supp: 265)
|to:12864|.
   |tr|=16139 |reached|=27424.
*** Trav time: 175.76 s (norm 195.27 s) ***
ring 15 - safe for bound 11
  Reusing SAME CONE ring
fp chkTime: 0.19 s (norm 0.21 s)
  Aig interpolant inner iteration 15: |from:28696| -> ternary to+: 11
TO+IMG-cube: 6 (f:28696->28684)
min/avg/max red id: 296/5723/11347
FOUND 22 const REDUNDANCIES
red size: 480 - F size 12749 -> 12749
taking cone[15/27] of size: 104936 - bound: 11
Inner loop REACHES back cone.

try ITP ref. # 6/16 - cone/constr 0 of size: 3 - ring: 27 (rl: 0)
ITP ref. chk[15] - cone sz: 125872 - fwd ring: 12864
ITP ref. chk[14] - cone sz: 136383 - fwd ring: 10891
refinement possible at level 14

Interpolant FINITE RUN: cone=3, care=0.
fp chkTime: 0.14 s (norm 0.16 s)
  Aig interpolant inner iteration 14: |from:26708| -> previous ring 15 - safe for bound 11
min/avg/max red id: 284/4183/8874
FOUND 22 const REDUNDANCIES
red size: 275 - F size 10788 -> 10788
ring cone (e) - generated part[14/28] of size: 125872 - bound: 13
DYN ABSTR (M22) KEPT 128/927 vars (time: 12.51 s (norm 13.90 s))
computing interpolant in TO+
ITP (|A|=14979,|B|=138774)
ITP time limit: 10000
Solver stats: 153625/270878 vars/clauses (elim v/cl:0/0)
Solver stats: 206275/190658300/91861 dec./prop./confl.
Solver stats: time = 18.55 s (norm 20.61 s)
Solver Validation time = 23.73 s (norm 26.37 s) - prop:522012916
Solver Replay time = 15.38 s (norm 17.09 s) - prop: 671987551
computing interpolant from refutation proof of size 145378 (AIG nodes: 359672)
RES PROOF REMOVED 242389 redundant  literals
RES PROOF RECYCL PIV. REMOVED 238614 resolutions
RESTRUCT PROOF REMOVED 39239 redundant resolutions
RES PROOF PROCESSED: 937 A, 39211 B, 9 resA, 61052 resB, 14858 res (tot: 116067)
RES PROOF has 61113 core and 54954 out of core nodes
RES PROOF compacted from 116067 to 61094 nodes
RES PROOF SWAPPED 4 resolution vars
resB: 0
GET PROOF 897 A (0 resA) - 45358 B (0 resB) - 14839 res - 0 red
RES PROOF (noop) MOVED from (A:0+B:0) 0 B->A: 0 resA, 0 resB, 14839 res, 0 redundant (red root: 0)
resB: 0
GET PROOF 897 A (0 resA) - 45358 B (0 resB) - 14839 res - 0 red
# A cl: 897/46255
ITP proof core: (root: 45295,962 + chain: 13902 (res: 1686251) - ref2: 10057) / tot:61096
ITP proof remapped roots: 110 - eq nodes: 5910 - tot: 8102
ROOT stats - zero: 754 - one: 44431 - lit: 108 - clause: 0
ITP proof core: (root: 110,0 + chain: 7992 (res: 20142) - ref2: 5346) / tot:8102
ITP proof red Simpl (impl: 0): 0
ITP proof core: (root: 110,0 + chain: 7992 (res: 20142) - ref2: 5346) / tot:8102
ITP proof remapped roots: 157 - eq nodes: 811 - tot: 7299
ROOT stats - zero: 0 - one: 0 - lit: 108 - clause: 0
ITP proof core: (root: 139,0 + chain: 7142 (res: 18477) - ref2: 4665) / tot:7299
ITP proof dupv: 0 [impl: 0] - implNodes: 0
ITP proof core: (root: 139,0 + chain: 7142 (res: 18477) - ref2: 4665) / tot:7299
ITP proof remapped roots: 179 - eq nodes: 7 - tot: 7277
ROOT stats - zero: 0 - one: 0 - lit: 90 - clause: 47
ITP proof core: (root: 149,0 + chain: 7098 (res: 18375) - ref2: 4638) / tot:7277
ITP proof dupv: 0 - implNodesOdc: 1251
ITP proof core: (root: 149,0 + chain: 7098 (res: 17124) - ref2: 4638) / tot:7277
ITP proof dupv: 0 [impl: 0] - implNodes: 0
STRUCT ODC[AND:125]: 6938 -> 1060
TOT NNF SIMPL: 1060 -> (abcBal: 828) -> 769 (1 iterations)
RERUN PARTIAL ITP SIZE: 769 - 0 auxv used

Solver RERUN1 with partial itp time = 2.49 s (norm 2.76 s))
Solver RERUN1 stats: 153625/46252 vars/clauses
RERUN1 proof has size size 29920
Solver RERUN1 stats: 184280/20586141/22983 dec./prop./confl.

CHECK Solver Validation time = 2.95 s (norm 3.27 s))
RERUN Solver Replay time = 3.30 s (norm 3.67 s))
RERUN Solver res: 54016 - resolvents: 19565
# A cl: 453/24844
ITP proof core: (root: 24757,89 + chain: 4141 (res: 502015) - ref2: 3037) / tot:29246
ITP proof remapped roots: 53 - eq nodes: 2362 - tot: 1832
ROOT stats - zero: 402 - one: 24302 - lit: 51 - clause: 0
ITP proof core: (root: 53,0 + chain: 1779 (res: 4823) - ref2: 1375) / tot:1832
ITP proof red Simpl (impl: 0): 0
ITP proof core: (root: 53,0 + chain: 1779 (res: 4823) - ref2: 1375) / tot:1832
ITP proof remapped roots: 71 - eq nodes: 539 - tot: 1297
ROOT stats - zero: 0 - one: 0 - lit: 51 - clause: 0
ITP proof core: (root: 50,0 + chain: 1226 (res: 3616) - ref2: 939) / tot:1297
ITP proof dupv: 0 [impl: 0] - implNodes: 0
ITP proof core: (root: 50,0 + chain: 1226 (res: 3616) - ref2: 939) / tot:1297
ITP proof remapped roots: 66 - eq nodes: 4 - tot: 1270
ROOT stats - zero: 0 - one: 0 - lit: 31 - clause: 17
ITP proof core: (root: 48,0 + chain: 1204 (res: 3559) - ref2: 923) / tot:1270
ITP proof dupv: 0 - implNodesOdc: 1067
ITP proof core: (root: 48,0 + chain: 1204 (res: 2492) - ref2: 923) / tot:1270
ITP proof dupv: 0 [impl: 0] - implNodes: 0
STRUCT ODC[AND:35]: 1114 -> 278
TOT NNF SIMPL: 278 -> (abcBal: 226) -> 220 (1 iterations)
RERUN PARTIAL ITP2 SIZE: 220

NNF PBA Solver time = 0.50 s (norm 0.55 s))
NNF PBA Solver stats: 117714/4597041/6853 dec./prop./confl.
NNF PBA Solver Validation time = 0.58 s (norm 0.64 s))
# AIG core -> gates: 165 / 227 (maxCut: 0)
NNF PBA size: 220 -> 159
# A cl: 897/46255
interpolant OPT: 0 (0,0)
interpolant AUXV: 0 - AIG nodes 359760
itp stats: clause terms/a/o/ao -> 8302/0/0/8302 - A nodes: 0 (and->or): 32767
itp opt: 159 -> 159
11/12 (r:1) INDUCTIVE components found in TO+ (size: 157)
|to simplify: 159->157|.
TO: 157 (supp: 42) - AIG nodes 359723
TO*TO+: 377 (supp: 95)
|to:377|.
|to&oldTo:13095|.
   |tr|=16139 |reached|=39421.
*** Trav time: 310.99 s (norm 345.51 s) ***
ring 15 - safe for bound 13
  Reusing SAME CONE ring
fp chkTime: 0.25 s (norm 0.28 s)
  Aig interpolant inner iteration 15: |from:28927| -> ternary to+: 11
TO+IMG-cube: 6 (f:28927->28915)
min/avg/max red id: 1018/6139/11781
FOUND 37 const REDUNDANCIES
red size: 637 - F size 12952 -> 12952
ring cone (e) - generated part[15/29] of size: 125984 - bound: 13
DYN ABSTR (M22) KEPT 258/927 vars (time: 13.84 s (norm 15.38 s))
computing interpolant in TO+
ITP (|A|=19768,|B|=126650)
ITP time limit: 10000
Solver stats: 146160/254289 vars/clauses (elim v/cl:0/0)
Solver stats: 278356/162582044/86163 dec./prop./confl.
Solver stats: time = 15.61 s (norm 17.34 s)
Solver Validation time = 20.50 s (norm 22.77 s) - prop:454876647
Solver Replay time = 13.25 s (norm 14.72 s) - prop: 582441463
computing interpolant from refutation proof of size 135367 (AIG nodes: 462833)
RES PROOF REMOVED 180425 redundant  literals
RES PROOF RECYCL PIV. REMOVED 251331 resolutions
RESTRUCT PROOF REMOVED 46066 redundant resolutions
RES PROOF PROCESSED: 11350 A, 28754 B, 808 resA, 29583 resB, 44247 res (tot: 114742)
RES PROOF has 97521 core and 17221 out of core nodes
RES PROOF compacted from 114742 to 97448 nodes
RES PROOF SWAPPED 12704 resolution vars
resB: 0
GET PROOF 11552 A (0 resA) - 41722 B (0 resB) - 44174 res - 0 red
RES PROOF (noop) MOVED from (A:0+B:0) 0 B->A: 0 resA, 0 resB, 44174 res, 0 redundant (red root: 0)
resB: 0
GET PROOF 11552 A (0 resA) - 41722 B (0 resB) - 44174 res - 0 red
# A cl: 11552/53274
ITP proof core: (root: 52694,582 + chain: 42383 (res: 5652391) - ref2: 29666) / tot:97450
ITP proof remapped roots: 418 - eq nodes: 10916 - tot: 31885
ROOT stats - zero: 11009 - one: 41267 - lit: 415 - clause: 1
ITP proof core: (root: 418,0 + chain: 31467 (res: 206013) - ref2: 22538) / tot:31885
ITP proof red Simpl (impl: 0): 0
ITP proof core: (root: 418,0 + chain: 31467 (res: 206013) - ref2: 22538) / tot:31885
ITP proof remapped roots: 1704 - eq nodes: 819 - tot: 31891
ROOT stats - zero: 0 - one: 0 - lit: 415 - clause: 1
ITP proof core: (root: 1692,0 + chain: 30187 (res: 197078) - ref2: 21843) / tot:31891
ITP proof dupv: 0 [impl: 0] - implNodes: 0
ITP proof core: (root: 1692,0 + chain: 30187 (res: 197078) - ref2: 21843) / tot:31891
ITP proof remapped roots: 2101 - eq nodes: 60 - tot: 31594
ROOT stats - zero: 0 - one: 0 - lit: 405 - clause: 1285
ITP proof core: (root: 2060,0 + chain: 29493 (res: 194780) - ref2: 21438) / tot:31594
ITP proof dupv: 0 - implNodesOdc: 4073
ITP proof core: (root: 2060,0 + chain: 29493 (res: 190707) - ref2: 21438) / tot:31594
ITP proof dupv: 0 [impl: 0] - implNodes: 0
STRUCT ODC[AND:2338]: 163800 -> 147940
TOT NNF SIMPL: 147940 -> (abcBal: 82912) -> 81408 (1 iterations)
RERUN PARTIAL ITP SIZE: 81408 - 0 auxv used

Solver RERUN1 with partial itp time = 3.82 s (norm 4.24 s))
Solver RERUN1 stats: 146160/53273 vars/clauses
RERUN1 proof has size size 36948
Solver RERUN1 stats: 222400/35276487/36948 dec./prop./confl.

CHECK Solver Validation time = 4.66 s (norm 5.18 s))
RERUN Solver Replay time = 5.15 s (norm 5.73 s))
RERUN Solver res: 70921 - resolvents: 33577
# A cl: 8296/39315
ITP proof core: (root: 39150,167 + chain: 19040 (res: 2379108) - ref2: 14108) / tot:58847
ITP proof remapped roots: 297 - eq nodes: 4058 - tot: 15279
ROOT stats - zero: 7987 - one: 30866 - lit: 294 - clause: 1
ITP proof core: (root: 297,0 + chain: 14982 (res: 103783) - ref2: 11068) / tot:15279
ITP proof red Simpl (impl: 0): 0
ITP proof core: (root: 297,0 + chain: 14982 (res: 103783) - ref2: 11068) / tot:15279
ITP proof remapped roots: 1473 - eq nodes: 214 - tot: 15508
ROOT stats - zero: 0 - one: 0 - lit: 294 - clause: 1
ITP proof core: (root: 1467,0 + chain: 14035 (res: 96195) - ref2: 10681) / tot:15508
ITP proof dupv: 0 [impl: 0] - implNodes: 0
ITP proof core: (root: 1467,0 + chain: 14035 (res: 96195) - ref2: 10681) / tot:15508
ITP proof remapped roots: 1838 - eq nodes: 25 - tot: 15409
ROOT stats - zero: 0 - one: 0 - lit: 289 - clause: 1176
ITP proof core: (root: 1799,0 + chain: 13571 (res: 93993) - ref2: 10397) / tot:15409
ITP proof dupv: 0 - implNodesOdc: 501
ITP proof core: (root: 1799,0 + chain: 13571 (res: 93492) - ref2: 10397) / tot:15409
ITP proof dupv: 0 [impl: 0] - implNodes: 0
STRUCT ODC[AND:1249]: 81051 -> 77210
TOT NNF SIMPL: 77210 -> (abcBal: 41383) -> 40811 (1 iterations)
RERUN PARTIAL ITP2 SIZE: 40811

NNF PBA Solver time = 4.14 s (norm 4.60 s))
NNF PBA Solver stats: 171395/50287302/28755 dec./prop./confl.
NNF PBA Solver Validation time = 4.76 s (norm 5.28 s))
# AIG core -> gates: 21372 / 40881 (maxCut: 0)
NNF PBA size: 40811 -> 21252
# A cl: 11552/53274
interpolant OPT: 0 (0,0)
interpolant AUXV: 0 - AIG nodes 482833
itp stats: clause terms/a/o/ao -> 43064/0/0/43064 - A nodes: 0 (and->or): 32767
STRUCT ODC[AND:737]: 21252 -> 21248
TOT NNF SIMPL: 21248 -> (abcBal: 20460) -> 20366 (1 iterations)
ABC / nnf simp: 15055/20366
itp opt: 14972 -> 14972
268/617 (r:349) INDUCTIVE components found in TO+ (size: 13168)
|to simplify: 14972->13168|.
TO: 13168 (supp: 249) - AIG nodes 475099
TO*TO+: 13475 (supp: 260)
|to:12848|.
   |tr|=16139 |reached|=51351.
*** Trav time: 413.68 s (norm 459.60 s) ***
ring 16 - safe for bound 13
  Reusing SAME CONE ring
fp chkTime: 0.32 s (norm 0.35 s)
  Aig interpolant inner iteration 16: |from:28690| -> ternary to+: 11
TO+IMG-cube: 6 (f:28690->28678)
min/avg/max red id: 631/6490/11875
FOUND 75 const REDUNDANCIES
red size: 1201 - F size 12569 -> 12569
taking cone[16/30] of size: 125984 - bound: 13
DYN ABSTR (M22) KEPT 250/927 vars (time: 8.76 s (norm 9.73 s))
computing interpolant in TO+
ITP (|A|=19285,|B|=127556)
ITP time limit: 10000
Solver stats: 146591/255453 vars/clauses (elim v/cl:0/0)
Solver stats: 142646/104972426/60072 dec./prop./confl.
Solver stats: time = 9.09 s (norm 10.10 s)
Solver Validation time = 10.98 s (norm 12.19 s) - prop:276440339
Solver Replay time = 6.68 s (norm 7.43 s) - prop: 346364919
computing interpolant from refutation proof of size 60132 (AIG nodes: 486879)
RES PROOF REMOVED 111463 redundant  literals
RES PROOF RECYCL PIV. REMOVED 137645 resolutions
RESTRUCT PROOF REMOVED 23434 redundant resolutions
RES PROOF PROCESSED: 11016 A, 27000 B, 585 resA, 21842 resB, 26508 res (tot: 86951)
RES PROOF has 70556 core and 16395 out of core nodes
RES PROOF compacted from 86951 to 70509 nodes
RES PROOF SWAPPED 7425 resolution vars
resB: 0
GET PROOF 11081 A (0 resA) - 32967 B (0 resB) - 26461 res - 0 red
RES PROOF (noop) MOVED from (A:0+B:0) 0 B->A: 0 resA, 0 resB, 26461 res, 0 redundant (red root: 0)
resB: 0
GET PROOF 11081 A (0 resA) - 32967 B (0 resB) - 26461 res - 0 red
# A cl: 11081/44048
ITP proof core: (root: 43746,304 + chain: 25722 (res: 2697698) - ref2: 18351) / tot:70511
ITP proof remapped roots: 371 - eq nodes: 7064 - tot: 19029
ROOT stats - zero: 10670 - one: 32705 - lit: 369 - clause: 0
ITP proof core: (root: 371,0 + chain: 18658 (res: 122580) - ref2: 13574) / tot:19029
ITP proof red Simpl (impl: 0): 0
ITP proof core: (root: 371,0 + chain: 18658 (res: 122580) - ref2: 13574) / tot:19029
ITP proof remapped roots: 1535 - eq nodes: 874 - tot: 18817
ROOT stats - zero: 0 - one: 0 - lit: 369 - clause: 0
ITP proof core: (root: 1531,0 + chain: 17282 (res: 114702) - ref2: 12785) / tot:18817
ITP proof dupv: 0 [impl: 0] - implNodes: 0
ITP proof core: (root: 1531,0 + chain: 17282 (res: 114702) - ref2: 12785) / tot:18817
ITP proof remapped roots: 2069 - eq nodes: 30 - tot: 18888
ROOT stats - zero: 0 - one: 0 - lit: 365 - clause: 1164
ITP proof core: (root: 1989,0 + chain: 16819 (res: 111894) - ref2: 12555) / tot:18888
ITP proof dupv: 0 - implNodesOdc: 4107
ITP proof core: (root: 1989,0 + chain: 16819 (res: 107787) - ref2: 12558) / tot:18888
ITP proof dupv: 0 [impl: 0] - implNodes: 0
STRUCT ODC[AND:1313]: 93361 -> 83439
TOT NNF SIMPL: 83439 -> (abcBal: 45867) -> 44789 (1 iterations)
RERUN PARTIAL ITP SIZE: 44789 - 0 auxv used

Solver RERUN1 with partial itp time = 2.77 s (norm 3.08 s))
Solver RERUN1 stats: 146591/44042 vars/clauses
RERUN1 proof has size size 32936
Solver RERUN1 stats: 159523/30303113/32927 dec./prop./confl.

CHECK Solver Validation time = 3.46 s (norm 3.84 s))
RERUN Solver Replay time = 3.75 s (norm 4.16 s))
RERUN Solver res: 64334 - resolvents: 30723
# A cl: 8300/34315
ITP proof core: (root: 34176,141 + chain: 18854 (res: 1886011) - ref2: 13982) / tot:53714
ITP proof remapped roots: 302 - eq nodes: 4666 - tot: 14490
ROOT stats - zero: 7967 - one: 25907 - lit: 300 - clause: 0
ITP proof core: (root: 302,0 + chain: 14188 (res: 95723) - ref2: 10746) / tot:14490
ITP proof red Simpl (impl: 0): 0
ITP proof core: (root: 302,0 + chain: 14188 (res: 95723) - ref2: 10746) / tot:14490
ITP proof remapped roots: 1438 - eq nodes: 683 - tot: 14326
ROOT stats - zero: 0 - one: 0 - lit: 300 - clause: 0
ITP proof core: (root: 1434,0 + chain: 12888 (res: 87237) - ref2: 10037) / tot:14326
ITP proof dupv: 0 [impl: 0] - implNodes: 0
ITP proof core: (root: 1434,0 + chain: 12888 (res: 87237) - ref2: 10037) / tot:14326
ITP proof remapped roots: 1962 - eq nodes: 1 - tot: 14474
ROOT stats - zero: 0 - one: 0 - lit: 296 - clause: 1136
ITP proof core: (root: 1886,0 + chain: 12512 (res: 84252) - ref2: 9797) / tot:14474
ITP proof dupv: 0 - implNodesOdc: 2697
ITP proof core: (root: 1886,0 + chain: 12512 (res: 81555) - ref2: 9797) / tot:14474
ITP proof dupv: 0 [impl: 0] - implNodes: 0
STRUCT ODC[AND:661]: 73013 -> 67772
TOT NNF SIMPL: 67772 -> (abcBal: 38293) -> 37338 (1 iterations)
RERUN PARTIAL ITP2 SIZE: 37338

NNF PBA Solver time = 2.74 s (norm 3.04 s))
NNF PBA Solver stats: 143001/38325406/21401 dec./prop./confl.
NNF PBA Solver Validation time = 3.42 s (norm 3.80 s))
# AIG core -> gates: 20059 / 37405 (maxCut: 0)
NNF PBA size: 37338 -> 19973
# A cl: 11081/44048
interpolant OPT: 0 (0,0)
interpolant AUXV: 0 - AIG nodes 505538
itp stats: clause terms/a/o/ao -> 29331/0/0/29331 - A nodes: 0 (and->or): 32767
STRUCT ODC[AND:407]: 19973 -> 19971
TOT NNF SIMPL: 19971 -> (abcBal: 19186) -> 19049 (1 iterations)
ABC / nnf simp: 13784/19049
itp opt: 19049 -> 19049
142/385 (r:243) INDUCTIVE components found in TO+ (size: 16462)
|to simplify: 19049->16462|.
TO: 16462 (supp: 248) - AIG nodes 502050
TO*TO+: 17147 (supp: 255)
|to:17147|.
   |tr|=16139 |reached|=67067.
*** Trav time: 480.44 s (norm 533.77 s) ***
ring 17 - safe for bound 13
  Reusing SAME CONE ring
fp chkTime: 0.36 s (norm 0.40 s)
  Aig interpolant inner iteration 17: |from:32995| -> ternary to+: 11
TO+IMG-cube: 6 (f:32995->32983)
min/avg/max red id: 386/10662/16239
FOUND 93 const REDUNDANCIES
red size: 1846 - F size 16934 -> 16934
taking cone[17/31] of size: 125984 - bound: 13
DYN ABSTR (M22) KEPT 253/927 vars (time: 14.08 s (norm 15.65 s))
computing interpolant in TO+
ITP (|A|=23682,|B|=128443)
ITP time limit: 10000
Solver stats: 151872/264708 vars/clauses (elim v/cl:0/0)
Solver stats: 193207/121572055/66447 dec./prop./confl.
Solver stats: time = 11.10 s (norm 12.33 s)
Solver Validation time = 13.17 s (norm 14.64 s) - prop:321138339
Solver Replay time = 8.38 s (norm 9.31 s) - prop: 399956157
computing interpolant from refutation proof of size 89261 (AIG nodes: 507025)
RES PROOF REMOVED 135916 redundant  literals
RES PROOF RECYCL PIV. REMOVED 166407 resolutions
RESTRUCT PROOF REMOVED 26881 redundant resolutions
RES PROOF PROCESSED: 11233 A, 28864 B, 842 resA, 22507 resB, 32790 res (tot: 96236)
RES PROOF has 80825 core and 15411 out of core nodes
RES PROOF compacted from 96236 to 80757 nodes
RES PROOF SWAPPED 4228 resolution vars
resB: 0
GET PROOF 11225 A (0 resA) - 36810 B (0 resB) - 32722 res - 0 red
RES PROOF (noop) MOVED from (A:0+B:0) 0 B->A: 0 resA, 0 resB, 32722 res, 0 redundant (red root: 0)
resB: 0
GET PROOF 11225 A (0 resA) - 36810 B (0 resB) - 32722 res - 0 red
# A cl: 11225/48035
ITP proof core: (root: 47562,475 + chain: 31678 (res: 3751207) - ref2: 22198) / tot:80759
ITP proof remapped roots: 388 - eq nodes: 9700 - tot: 22366
ROOT stats - zero: 10783 - one: 36391 - lit: 386 - clause: 0
ITP proof core: (root: 388,0 + chain: 21978 (res: 139002) - ref2: 16043) / tot:22366
ITP proof red Simpl (impl: 0): 0
ITP proof core: (root: 388,0 + chain: 21978 (res: 139002) - ref2: 16043) / tot:22366
ITP proof remapped roots: 1389 - eq nodes: 1885 - tot: 21045
ROOT stats - zero: 0 - one: 0 - lit: 386 - clause: 0
ITP proof core: (root: 1389,0 + chain: 19656 (res: 127447) - ref2: 14669) / tot:21045
ITP proof dupv: 0 [impl: 0] - implNodes: 0
ITP proof core: (root: 1389,0 + chain: 19656 (res: 127447) - ref2: 14669) / tot:21045
ITP proof remapped roots: 1521 - eq nodes: 0 - tot: 21101
ROOT stats - zero: 0 - one: 0 - lit: 386 - clause: 1001
ITP proof core: (root: 1490,0 + chain: 19580 (res: 126731) - ref2: 14629) / tot:21101
ITP proof dupv: 0 - implNodesOdc: 8337
ITP proof core: (root: 1490,0 + chain: 19580 (res: 118394) - ref2: 14629) / tot:21101
ITP proof dupv: 0 [impl: 0] - implNodes: 0
STRUCT ODC[AND:1123]: 99745 -> 80226
TOT NNF SIMPL: 80226 -> (abcBal: 40924) -> 39573 (1 iterations)
RERUN PARTIAL ITP SIZE: 39573 - 0 auxv used

Solver RERUN1 with partial itp time = 3.13 s (norm 3.48 s))
Solver RERUN1 stats: 151872/48027 vars/clauses
RERUN1 proof has size size 35504
Solver RERUN1 stats: 230949/30543601/35504 dec./prop./confl.

CHECK Solver Validation time = 3.72 s (norm 4.13 s))
RERUN Solver Replay time = 4.18 s (norm 4.65 s))
RERUN Solver res: 68502 - resolvents: 32686
# A cl: 8764/37932
ITP proof core: (root: 37716,218 + chain: 19000 (res: 2072074) - ref2: 14021) / tot:57459
ITP proof remapped roots: 307 - eq nodes: 5480 - tot: 13827
ROOT stats - zero: 8410 - one: 28999 - lit: 305 - clause: 0
ITP proof core: (root: 307,0 + chain: 13520 (res: 99060) - ref2: 10310) / tot:13827
ITP proof red Simpl (impl: 0): 0
ITP proof core: (root: 307,0 + chain: 13520 (res: 99060) - ref2: 10310) / tot:13827
ITP proof remapped roots: 1436 - eq nodes: 687 - tot: 13765
ROOT stats - zero: 0 - one: 0 - lit: 305 - clause: 0
ITP proof core: (root: 1436,0 + chain: 12329 (res: 89871) - ref2: 9580) / tot:13765
ITP proof dupv: 0 [impl: 0] - implNodes: 0
ITP proof core: (root: 1436,0 + chain: 12329 (res: 89871) - ref2: 9580) / tot:13765
ITP proof remapped roots: 1688 - eq nodes: 3 - tot: 13804
ROOT stats - zero: 0 - one: 0 - lit: 305 - clause: 1129
ITP proof core: (root: 1618,0 + chain: 12116 (res: 88303) - ref2: 9481) / tot:13804
ITP proof dupv: 0 - implNodesOdc: 5527
ITP proof core: (root: 1618,0 + chain: 12116 (res: 82774) - ref2: 9484) / tot:13804
ITP proof dupv: 0 [impl: 0] - implNodes: 0
STRUCT ODC[AND:760]: 72880 -> 64545
TOT NNF SIMPL: 64545 -> (abcBal: 32396) -> 31436 (1 iterations)
RERUN PARTIAL ITP2 SIZE: 31436

NNF PBA Solver time = 2.86 s (norm 3.18 s))
NNF PBA Solver stats: 169001/35689730/23727 dec./prop./confl.
NNF PBA Solver Validation time = 3.45 s (norm 3.83 s))
# AIG core -> gates: 15974 / 31505 (maxCut: 0)
NNF PBA size: 31436 -> 15904
# A cl: 11225/48035
interpolant OPT: 0 (0,0)
interpolant AUXV: 0 - AIG nodes 521318
itp stats: clause terms/a/o/ao -> 31696/0/0/31696 - A nodes: 0 (and->or): 32767
STRUCT ODC[AND:360]: 15904 -> 15875
TOT NNF SIMPL: 15875 -> (abcBal: 15242) -> 15120 (1 iterations)
ABC / nnf simp: 10165/15120
itp opt: 15120 -> 15120
86/331 (r:245) INDUCTIVE components found in TO+ (size: 12340)
|to simplify: 15120->12340|.
TO: 12340 (supp: 248) - AIG nodes 517856
TO*TO+: 13305 (supp: 255)
|to:13305|.
   |tr|=16139 |reached|=78699.
*** Trav time: 572.96 s (norm 636.56 s) ***
ring 18 - safe for bound 13
  Reusing SAME CONE ring
fp chkTime: 0.92 s (norm 1.02 s)
  Aig interpolant inner iteration 18: |from:29152| -> ternary to+: 11
TO+IMG-cube: 6 (f:29152->29140)
min/avg/max red id: 376/9710/13142
FOUND 167 const REDUNDANCIES
red size: 12356 - F size 13143 -> 13143
taking cone[18/32] of size: 125984 - bound: 13
DYN ABSTR (M22) KEPT 221/927 vars (time: 14.86 s (norm 16.51 s))
computing interpolant in TO+
ITP (|A|=19695,|B|=145613)
ITP time limit: 10000
Solver stats: 165087/291061 vars/clauses (elim v/cl:0/0)
Solver stats: 194297/171044231/72726 dec./prop./confl.
Solver stats: time = 15.45 s (norm 17.16 s)
Solver Validation time = 18.90 s (norm 20.99 s) - prop:446527551
Solver Replay time = 11.12 s (norm 12.35 s) - prop: 556407700
computing interpolant from refutation proof of size 108543 (AIG nodes: 522271)
RES PROOF REMOVED 169799 redundant  literals
RES PROOF RECYCL PIV. REMOVED 211156 resolutions
RESTRUCT PROOF REMOVED 36376 redundant resolutions
RES PROOF PROCESSED: 3759 A, 41604 B, 216 resA, 30647 resB, 31820 res (tot: 108046)
RES PROOF has 83320 core and 24726 out of core nodes
RES PROOF compacted from 108046 to 83283 nodes
RES PROOF SWAPPED 1178 resolution vars
resB: 0
GET PROOF 3642 A (0 resA) - 47858 B (0 resB) - 31783 res - 0 red
RES PROOF (noop) MOVED from (A:0+B:0) 0 B->A: 0 resA, 0 resB, 31783 res, 0 redundant (red root: 0)
resB: 0
GET PROOF 3642 A (0 resA) - 47858 B (0 resB) - 31783 res - 0 red
# A cl: 3642/51500
ITP proof core: (root: 50749,753 + chain: 30560 (res: 3948262) - ref2: 22168) / tot:83285
ITP proof remapped roots: 309 - eq nodes: 9716 - tot: 21153
ROOT stats - zero: 2963 - one: 47477 - lit: 307 - clause: 0
ITP proof core: (root: 309,0 + chain: 20844 (res: 87257) - ref2: 15648) / tot:21153
ITP proof red Simpl (impl: 0): 0
ITP proof core: (root: 309,0 + chain: 20844 (res: 87257) - ref2: 15648) / tot:21153
ITP proof remapped roots: 593 - eq nodes: 1095 - tot: 20159
ROOT stats - zero: 0 - one: 0 - lit: 307 - clause: 0
ITP proof core: (root: 587,0 + chain: 19566 (res: 82959) - ref2: 14774) / tot:20159
ITP proof dupv: 0 [impl: 0] - implNodes: 0
ITP proof core: (root: 587,0 + chain: 19566 (res: 82959) - ref2: 14774) / tot:20159
ITP proof remapped roots: 652 - eq nodes: 0 - tot: 20180
ROOT stats - zero: 0 - one: 0 - lit: 301 - clause: 284
ITP proof core: (root: 617,0 + chain: 19528 (res: 82577) - ref2: 14743) / tot:20180
ITP proof dupv: 0 - implNodesOdc: 2223
ITP proof core: (root: 617,0 + chain: 19528 (res: 80354) - ref2: 14743) / tot:20180
ITP proof dupv: 0 [impl: 0] - implNodes: 0
STRUCT ODC[AND:1374]: 47580 -> 23499
TOT NNF SIMPL: 23499 -> (abcBal: 13212) -> 12696 (1 iterations)
RERUN PARTIAL ITP SIZE: 12696 - 0 auxv used

Solver RERUN1 with partial itp time = 4.46 s (norm 4.96 s))
Solver RERUN1 stats: 165087/51500 vars/clauses
RERUN1 proof has size size 78290
Solver RERUN1 stats: 182103/44695516/41436 dec./prop./confl.

CHECK Solver Validation time = 5.44 s (norm 6.05 s))
RERUN Solver Replay time = 5.84 s (norm 6.49 s))
RERUN Solver res: 77559 - resolvents: 38608
# A cl: 2676/41189
ITP proof core: (root: 40615,576 + chain: 23111 (res: 2674650) - ref2: 16950) / tot:65523
ITP proof remapped roots: 236 - eq nodes: 7280 - tot: 16067
ROOT stats - zero: 2059 - one: 38320 - lit: 234 - clause: 0
ITP proof core: (root: 236,0 + chain: 15831 (res: 59050) - ref2: 11994) / tot:16067
ITP proof red Simpl (impl: 0): 0
ITP proof core: (root: 236,0 + chain: 15831 (res: 59050) - ref2: 11994) / tot:16067
ITP proof remapped roots: 500 - eq nodes: 1180 - tot: 14891
ROOT stats - zero: 0 - one: 0 - lit: 234 - clause: 0
ITP proof core: (root: 497,0 + chain: 14391 (res: 54059) - ref2: 11055) / tot:14891
ITP proof dupv: 0 [impl: 0] - implNodes: 0
ITP proof core: (root: 497,0 + chain: 14391 (res: 54059) - ref2: 11055) / tot:14891
ITP proof remapped roots: 552 - eq nodes: 15 - tot: 14878
ROOT stats - zero: 0 - one: 0 - lit: 231 - clause: 264
ITP proof core: (root: 530,0 + chain: 14326 (res: 53688) - ref2: 11012) / tot:14878
ITP proof dupv: 0 - implNodesOdc: 1725
ITP proof core: (root: 530,0 + chain: 14326 (res: 51963) - ref2: 11012) / tot:14878
ITP proof dupv: 0 [impl: 0] - implNodes: 0
STRUCT ODC[AND:816]: 29814 -> 18232
TOT NNF SIMPL: 18232 -> (abcBal: 10596) -> 10328 (1 iterations)
RERUN PARTIAL ITP2 SIZE: 10328

NNF PBA Solver time = 3.21 s (norm 3.57 s))
NNF PBA Solver stats: 173203/37377156/29137 dec./prop./confl.
NNF PBA Solver Validation time = 4.32 s (norm 4.80 s))
# AIG core -> gates: 4571 / 10346 (maxCut: 0)
NNF PBA size: 10328 -> 4557
# A cl: 3642/51500
interpolant OPT: 0 (0,0)
interpolant AUXV: 0 - AIG nodes 525968
itp stats: clause terms/a/o/ao -> 33854/0/0/33854 - A nodes: 0 (and->or): 32767
STRUCT ODC[AND:311]: 4557 -> 4554
TOT NNF SIMPL: 4554 -> (abcBal: 4290) -> 4240 (1 iterations)
ABC / nnf simp: 2919/4240
itp opt: 4240 -> 4240
121/290 (r:169) INDUCTIVE components found in TO+ (size: 3137)
|to simplify: 4240->3137|.
TO: 3137 (supp: 215) - AIG nodes 524640
TO*TO+: 11217 (supp: 255)
|to:11217|.
   |tr|=16139 |reached|=88394.
*** Trav time: 692.91 s (norm 769.83 s) ***
ring 19 - safe for bound 13
  Reusing SAME CONE ring
fp chkTime: 1.52 s (norm 1.68 s)
  Aig interpolant inner iteration 19: |from:27065| -> ternary to+: 11
TO+IMG-cube: 6 (f:27065->27053)
min/avg/max red id: 638/8251/10979
FOUND 182 const REDUNDANCIES
red size: 6478 - F size 11001 -> 11001
taking cone[19/33] of size: 125984 - bound: 13
DYN ABSTR (M22) KEPT 257/927 vars (time: 9.40 s (norm 10.44 s))
computing interpolant in TO+
ITP (|A|=17812,|B|=136525)
ITP time limit: 10000
Solver stats: 154080/270003 vars/clauses (elim v/cl:0/0)
Solver stats: 251833/162292925/73348 dec./prop./confl.
Solver stats: time = 14.62 s (norm 16.25 s)
Solver Validation time = 19.30 s (norm 21.44 s) - prop:446963622
Solver Replay time = 12.08 s (norm 13.42 s) - prop: 566876510
computing interpolant from refutation proof of size 108996 (AIG nodes: 526152)
RES PROOF REMOVED 165106 redundant  literals
RES PROOF RECYCL PIV. REMOVED 198349 resolutions
RESTRUCT PROOF REMOVED 28888 redundant resolutions
RES PROOF PROCESSED: 7963 A, 36229 B, 231 resA, 24491 resB, 40384 res (tot: 109298)
RES PROOF has 93217 core and 16081 out of core nodes
RES PROOF compacted from 109298 to 93132 nodes
RES PROOF SWAPPED 3374 resolution vars
resB: 0
GET PROOF 7790 A (0 resA) - 45043 B (0 resB) - 40299 res - 0 red
RES PROOF (noop) MOVED from (A:0+B:0) 0 B->A: 0 resA, 0 resB, 40299 res, 0 redundant (red root: 0)
resB: 0
GET PROOF 7790 A (0 resA) - 45043 B (0 resB) - 40299 res - 0 red
# A cl: 7790/52833
ITP proof core: (root: 52516,319 + chain: 39190 (res: 4813448) - ref2: 27842) / tot:93134
ITP proof remapped roots: 380 - eq nodes: 11233 - tot: 28337
ROOT stats - zero: 7301 - one: 44835 - lit: 378 - clause: 0
ITP proof core: (root: 380,0 + chain: 27957 (res: 151398) - ref2: 20698) / tot:28337
ITP proof red Simpl (impl: 0): 0
ITP proof core: (root: 380,0 + chain: 27957 (res: 151398) - ref2: 20698) / tot:28337
ITP proof remapped roots: 1041 - eq nodes: 1657 - tot: 27053
ROOT stats - zero: 0 - one: 0 - lit: 378 - clause: 0
ITP proof core: (root: 1038,0 + chain: 26012 (res: 143509) - ref2: 19401) / tot:27053
ITP proof dupv: 0 [impl: 0] - implNodes: 0
ITP proof core: (root: 1038,0 + chain: 26012 (res: 143509) - ref2: 19401) / tot:27053
ITP proof remapped roots: 1215 - eq nodes: 7 - tot: 27113
ROOT stats - zero: 0 - one: 0 - lit: 375 - clause: 661
ITP proof core: (root: 1168,0 + chain: 25898 (res: 142642) - ref2: 19339) / tot:27113
ITP proof dupv: 0 - implNodesOdc: 15472
ITP proof core: (root: 1168,0 + chain: 25898 (res: 127170) - ref2: 19340) / tot:27113
ITP proof dupv: 0 [impl: 0] - implNodes: 0
STRUCT ODC[AND:1626]: 95219 -> 58354
TOT NNF SIMPL: 58354 -> (abcBal: 32314) -> 31364 (1 iterations)
RERUN PARTIAL ITP SIZE: 31364 - 0 auxv used

Solver RERUN1 with partial itp time = 3.92 s (norm 4.35 s))
Solver RERUN1 stats: 154080/52833 vars/clauses
RERUN1 proof has size size 63734
Solver RERUN1 stats: 228374/39008204/38428 dec./prop./confl.

CHECK Solver Validation time = 4.86 s (norm 5.40 s))
RERUN Solver Replay time = 5.31 s (norm 5.90 s))
RERUN Solver res: 72799 - resolvents: 34871
# A cl: 4463/40880
ITP proof core: (root: 40528,354 + chain: 21861 (res: 2513592) - ref2: 16277) / tot:63710
ITP proof remapped roots: 279 - eq nodes: 6758 - tot: 15382
ROOT stats - zero: 4019 - one: 36230 - lit: 277 - clause: 0
ITP proof core: (root: 279,0 + chain: 15103 (res: 86089) - ref2: 11561) / tot:15382
ITP proof red Simpl (impl: 0): 0
ITP proof core: (root: 279,0 + chain: 15103 (res: 86089) - ref2: 11561) / tot:15382
ITP proof remapped roots: 736 - eq nodes: 1105 - tot: 14426
ROOT stats - zero: 0 - one: 0 - lit: 277 - clause: 0
ITP proof core: (root: 736,0 + chain: 13690 (res: 80076) - ref2: 10558) / tot:14426
ITP proof dupv: 0 [impl: 0] - implNodes: 0
ITP proof core: (root: 736,0 + chain: 13690 (res: 80076) - ref2: 10558) / tot:14426
ITP proof remapped roots: 873 - eq nodes: 282 - tot: 14187
ROOT stats - zero: 0 - one: 0 - lit: 277 - clause: 457
ITP proof core: (root: 857,0 + chain: 13314 (res: 77938) - ref2: 10308) / tot:14187
ITP proof dupv: 0 - implNodesOdc: 16555
ITP proof core: (root: 857,0 + chain: 13314 (res: 61383) - ref2: 10308) / tot:14187
ITP proof dupv: 0 [impl: 0] - implNodes: 0
STRUCT ODC[AND:715]: 48236 -> 31185
TOT NNF SIMPL: 31185 -> (abcBal: 15721) -> 15447 (1 iterations)
RERUN PARTIAL ITP2 SIZE: 15447

NNF PBA Solver time = 2.91 s (norm 3.23 s))
NNF PBA Solver stats: 165843/29758022/29289 dec./prop./confl.
NNF PBA Solver Validation time = 3.86 s (norm 4.28 s))
# AIG core -> gates: 7084 / 15478 (maxCut: 0)
NNF PBA size: 15447 -> 7058
# A cl: 7790/52833
interpolant OPT: 0 (0,0)
interpolant AUXV: 0 - AIG nodes 531940
itp stats: clause terms/a/o/ao -> 39212/0/0/39212 - A nodes: 0 (and->or): 32767
STRUCT ODC[AND:326]: 7058 -> 7052
TOT NNF SIMPL: 7052 -> (abcBal: 6719) -> 6637 (1 iterations)
ABC / nnf simp: 4319/6637
itp opt: 6637 -> 6637
127/297 (r:170) INDUCTIVE components found in TO+ (size: 5435)
|to simplify: 6637->5435|.
TO: 5435 (supp: 249) - AIG nodes 530425
TO*TO+: 10470 (supp: 257)
|to:10470|.
   |tr|=16139 |reached|=96764.
*** Trav time: 785.13 s (norm 872.28 s) ***
ring 20 - safe for bound 13
  Reusing SAME CONE ring
fp chkTime: 0.82 s (norm 0.91 s)
  Aig interpolant inner iteration 20: |from:26314| -> ternary to+: 11
TO+IMG-cube: 6 (f:26314->26302)
min/avg/max red id: 473/8042/10188
FOUND 248 const REDUNDANCIES
red size: 9487 - F size 10189 -> 10189
taking cone[20/34] of size: 125984 - bound: 13
DYN ABSTR (M22) KEPT 229/927 vars (time: 11.71 s (norm 13.01 s))
computing interpolant in TO+
ITP (|A|=16759,|B|=141635)
ITP time limit: 10000
Solver stats: 158165/278077 vars/clauses (elim v/cl:0/0)
Solver stats: 147606/141023928/66485 dec./prop./confl.
Solver stats: time = 12.18 s (norm 13.53 s)
Solver Validation time = 15.28 s (norm 16.98 s) - prop:375529631
Solver Replay time = 9.08 s (norm 10.09 s) - prop: 468033493
computing interpolant from refutation proof of size 106327 (AIG nodes: 535959)
RES PROOF REMOVED 139058 redundant  literals
RES PROOF RECYCL PIV. REMOVED 168299 resolutions
RESTRUCT PROOF REMOVED 27158 redundant resolutions
RES PROOF PROCESSED: 3122 A, 37916 B, 83 resA, 36176 resB, 24544 res (tot: 101841)
RES PROOF has 74991 core and 26850 out of core nodes
RES PROOF compacted from 101841 to 74972 nodes
RES PROOF SWAPPED 753 resolution vars
resB: 0
GET PROOF 3047 A (0 resA) - 47400 B (0 resB) - 24525 res - 0 red
RES PROOF (noop) MOVED from (A:0+B:0) 0 B->A: 0 resA, 0 resB, 24525 res, 0 redundant (red root: 0)
resB: 0
GET PROOF 3047 A (0 resA) - 47400 B (0 resB) - 24525 res - 0 red
# A cl: 3047/50447
ITP proof core: (root: 49318,1131 + chain: 20301 (res: 2361871) - ref2: 14514) / tot:74974
ITP proof remapped roots: 281 - eq nodes: 9023 - tot: 11559
ROOT stats - zero: 2659 - one: 46378 - lit: 279 - clause: 0
ITP proof core: (root: 281,0 + chain: 11278 (res: 39468) - ref2: 8134) / tot:11559
ITP proof red Simpl (impl: 0): 0
ITP proof core: (root: 281,0 + chain: 11278 (res: 39468) - ref2: 8134) / tot:11559
ITP proof remapped roots: 441 - eq nodes: 2184 - tot: 9369
ROOT stats - zero: 0 - one: 0 - lit: 279 - clause: 0
ITP proof core: (root: 433,0 + chain: 8928 (res: 33960) - ref2: 6582) / tot:9369
ITP proof dupv: 0 [impl: 0] - implNodes: 0
ITP proof core: (root: 433,0 + chain: 8928 (res: 33960) - ref2: 6582) / tot:9369
ITP proof remapped roots: 504 - eq nodes: 1 - tot: 9372
ROOT stats - zero: 0 - one: 0 - lit: 271 - clause: 160
ITP proof core: (root: 484,0 + chain: 8868 (res: 33532) - ref2: 6542) / tot:9372
ITP proof dupv: 0 - implNodesOdc: 5776
ITP proof core: (root: 484,0 + chain: 8868 (res: 27756) - ref2: 6542) / tot:9372
ITP proof dupv: 0 [impl: 0] - implNodes: 0
STRUCT ODC[AND:419]: 18521 -> 9671
TOT NNF SIMPL: 9671 -> (abcBal: 5411) -> 5276 (1 iterations)
RERUN PARTIAL ITP SIZE: 5276 - 0 auxv used

Solver RERUN1 with partial itp time = 2.51 s (norm 2.79 s))
Solver RERUN1 stats: 158165/50447 vars/clauses
RERUN1 proof has size size 34034
Solver RERUN1 stats: 186325/23525577/26177 dec./prop./confl.

CHECK Solver Validation time = 3.10 s (norm 3.44 s))
RERUN Solver Replay time = 3.32 s (norm 3.69 s))
RERUN Solver res: 61536 - resolvents: 24437
# A cl: 2408/35343
ITP proof core: (root: 35154,191 + chain: 10519 (res: 1133418) - ref2: 7325) / tot:46409
ITP proof remapped roots: 221 - eq nodes: 4691 - tot: 6049
ROOT stats - zero: 2074 - one: 32859 - lit: 219 - clause: 0
ITP proof core: (root: 221,0 + chain: 5828 (res: 19268) - ref2: 4260) / tot:6049
ITP proof red Simpl (impl: 0): 0
ITP proof core: (root: 221,0 + chain: 5828 (res: 19268) - ref2: 4260) / tot:6049
ITP proof remapped roots: 294 - eq nodes: 2304 - tot: 3749
ROOT stats - zero: 0 - one: 0 - lit: 219 - clause: 0
ITP proof core: (root: 283,0 + chain: 3455 (res: 13510) - ref2: 2664) / tot:3749
ITP proof dupv: 0 [impl: 0] - implNodes: 0
ITP proof core: (root: 283,0 + chain: 3455 (res: 13510) - ref2: 2664) / tot:3749
ITP proof remapped roots: 313 - eq nodes: 4 - tot: 3728
ROOT stats - zero: 0 - one: 0 - lit: 209 - clause: 72
ITP proof core: (root: 302,0 + chain: 3415 (res: 13397) - ref2: 2629) / tot:3728
ITP proof dupv: 0 - implNodesOdc: 1468
ITP proof core: (root: 302,0 + chain: 3415 (res: 11929) - ref2: 2629) / tot:3728
ITP proof dupv: 0 [impl: 0] - implNodes: 0
STRUCT ODC[AND:211]: 8606 -> 6132
TOT NNF SIMPL: 6132 -> (abcBal: 3359) -> 3284 (1 iterations)
RERUN PARTIAL ITP2 SIZE: 3284

NNF PBA Solver time = 1.06 s (norm 1.18 s))
NNF PBA Solver stats: 118782/9717969/12890 dec./prop./confl.
NNF PBA Solver Validation time = 1.18 s (norm 1.32 s))
# AIG core -> gates: 1901 / 3294 (maxCut: 0)
NNF PBA size: 3284 -> 1890
# A cl: 3047/50447
interpolant OPT: 0 (0,0)
interpolant AUXV: 0 - AIG nodes 537234
itp stats: clause terms/a/o/ao -> 12283/0/0/12283 - A nodes: 0 (and->or): 32767
STRUCT ODC[AND:83]: 1890 -> 1890
TOT NNF SIMPL: 1890 -> (abcBal: 1830) -> 1809 (1 iterations)
ABC / nnf simp: 1161/1809
itp opt: 1809 -> 1809
51/77 (r:26) INDUCTIVE components found in TO+ (size: 1576)
|to simplify: 1809->1576|.
TO: 1576 (supp: 205) - AIG nodes 536988
TO*TO+: 9269 (supp: 258)
|to:9269|.
   |tr|=16139 |reached|=103897.
*** Trav time: 860.63 s (norm 956.16 s) ***
ring 21 - safe for bound 13
  Reusing SAME CONE ring
FWD ITP fix-point at depth 21
BWD fix point at bound 0.
Lazy Pass at Depth 0.
-- TRAV Manager Quit.
Verification Result: PASS.
Result Written to File oc8051gm49acc.pdtrav.out.
-- FSM Manager Quit.
-- FSM Manager Quit.
Total used memory: 43.82 MBytes
Total Verification Time: 866.64 s (norm 962.83 s)
-- DDI Manager Quit.
Total Execution Time: 867.18 s (norm 963.44 s)
## PdTRAV End.
