[runlim] version:		1.8
[runlim] time limit:		311040000 seconds
[runlim] real time limit:	900 seconds
[runlim] space limit:		10240 MB
[runlim] argv[0]:		/mnt/c/Users/PAS/Desktop/papers/IGR_EXP/exp/pdt/bin/pdtrav
[runlim] argv[1]:		-strategy
[runlim] argv[2]:		igrhwmcc
[runlim] argv[3]:		-verbosity
[runlim] argv[4]:		4
[runlim] argv[5]:		/mnt/c/Users/PAS/Desktop/papers/IGR_EXP/exp/pdt/aig/zipcpu/pfcache28.aig
[runlim] start:			Fri Jul 15 16:49:20 2022
[runlim] main pid:		678

c ## Tool Version: PdTRAV 3.5.0
c ## DD Version: Cudd-2.5.0
c ## Compile Date: mar  3 nov 2020, 14.00.38, CET
c ## Command: /mnt/c/Users/PAS/Desktop/papers/IGR_EXP/exp/pdt/bin/pdtrav -strategy igrhwmcc -verbosity 4 /mnt/c/Users/PAS/Desktop/papers/IGR_EXP/exp/pdt/aig/zipcpu/pfcache28.aig 
## Running Date: Fri Jul 15 16:49:20 2022
## Hostname: DESKTOP-F9PN2KA
CPU time adjustment: 0.57 s (norm 0.57 s) - scale factor: 1.273333
-- DDI Manager Init.
-- FSM Manager Init.
-- FSM Loading.
(Loading File /mnt/c/Users/PAS/Desktop/papers/IGR_EXP/exp/pdt/aig/zipcpu/pfcache28.aig).
Property: !o0.
Design Statistics: 1141 Inputs / 1197 State Vars / 15666 AIG Gates
|Constraint|=162 nodes.
|Constraint|=162 nodes.
HEURISTIC selection [0] - FSM stats: L: 1199 - I: 1141 - Nodes: 15795
-- FSM Manager Init.

Running reductions...(phase 0)
Warning: l4676 has Constant Input with Different Init Value.
Warning: l3520 has Constant Input with Different Init Value.
Found 2 Peripheral Latches (2 1 s.) - 1196 Latches Remaining.
  Peripheral Latch Reduction; Delta Size: 15795 -> 12249.
Found 0 Peripheral Latches (0 1 s.) - 1196 Latches Remaining.
  Peripheral Latch Reduction; Delta Size: 12249 -> 12249.

Running reductions...(phase 1)
HEURISTIC selection [1] - FSM stats: L: 1197 - I: 1141 - Nodes: 12249
HEURISTIC selection [1] - 2 peripheral latches found
HEURISTIC selection [1] - 3 relational latch candidates found
HEURISTIC selection [1] - 2 disj components in property
HEURISTIC strategy selection: CPU


Running reductions...(phase 2)
Custom Reduction: Delta size 12249 (num = 1197).
Constraint: AND[15].
custom reduction DONE - delta size 12248 (num: 1197).
-- FSM Manager Init.

Running reductions...(phase 3)
COI Reduction Performed: Kept 407 State Vars out of 1197.
Original Delta: Size=12248; #Partitions=1197.
Reduced Delta: Size=2866; #Partitions=407.
Original Delta: Size=2866; #Partitions=407.
  SEQ equiv found(39 <- 243): l2362 <- l3082.
Found 1 seq EQ - Reduced DELTA - size: 2865 - components: 407
Original Delta: Size=2865; #Partitions=406.
Ternary Simulation: (131)(129)(125)(47)(29)(17)(13)(3)(0)(0)(0)Original Delta: Size=2865; #Partitions=406.

Ternary Simulation Performed: 11 iterations in 0.01 s; |R|=255.
COI Reduction Performed: Kept 406 State Vars out of 406.
Original Delta: Size=2865; #Partitions=406.
Reduced Delta: Size=2865; #Partitions=406.

Running reductions...(phase 4)
Delta: 404 -> 337
Lambda: 2 -> 2
latches: 337 -> 337
inputs: 245 -> 238
|Constraint|=75 nodes.
HEURISTIC selection [1] - FSM stats: L: 339 - I: 80 - Nodes: 2473
HEURISTIC selection [1] - 2 peripheral latches found
HEURISTIC selection [1] - 3 relational latch candidates found
HEURISTIC selection [1] - 2 disj components in property
HEURISTIC strategy selection: CPU

Total run time for reductions: 1.2

Circuit AIG stats: 80 inp / 339 state vars / 2473 AIG gates
-- TRAV Manager Init.
INITIALIZING THREADED ENGINES (stacksize = 67108864)
INITIALIZING 1 ENGINES: IGR
-- FSM Manager Init.

Running IGR ...
CREATED Thread (678 - 627188c0)
-- MC Manager Init.
-- TRAV Manager Init.
-- TR Manager Init.
IGR setup: 1fg
STEP: -1.
lazyRate: 1.000000 - itpOpt: 0 - optLevel: 1.
Using bwd cone at bound 0 (cone(aux): 3(0) - care: 0).
{COI: 1} curr NODE ID: 116112, baig Nodes: 39775.
 BMC (AIG size: 0/3/3) Full Cone (Aux): 3(0))
Interpolant FINITE RUN: cone=3, care=0.
fp chkTime: 0.01 s (norm 0.01 s)
  Aig interpolant inner iteration 0: |from:1834| -> ternary to+: 255
TO+IMG-cube: 128 (f:1834->1578)
FOUND 28(0 const) EQUIVALENCES - size 1578 -> 1466
computing interpolant in TO+
TO: 423 (supp: 184) - AIG nodes 41198
TO*TO+: 551 (supp: 184)
|to:551|.
   |tr|=1832 |reached|=551.
*** Trav time: 0.13 s (norm 0.13 s) ***
ring 1 - safe for bound 0
fp chkTime: 0.01 s (norm 0.01 s)
  Aig interpolant inner iteration 1: |from:3011| -> ternary to+: 129
TO+IMG-cube: 67 (f:3011->2873)
RECHECKED 89(62 const) EQUIVALENCES (ac: 28)
FOUND 29(0 const) EQUIVALENCES - size 2873 -> 2797
FOUND 1(0 const) EQUIVALENCES - size 2797 -> 2794
ADDITIONAL (not rechecked) EQ FOUND
computing interpolant in TO+
TO: 308 (supp: 124) - AIG nodes 42743
TO*TO+: 375 (supp: 124)
|to:375|.
   |tr|=4185 |reached|=787.
*** Trav time: 0.37 s (norm 0.37 s) ***
ring 2 - safe for bound 0
fp chkTime: 0.01 s (norm 0.01 s)
  Aig interpolant inner iteration 2: |from:2966| -> ternary to+: 127
TO+IMG-cube: 67 (f:2966->2826)
min/avg/max red id: 57/78/104
FOUND 42 const REDUNDANCIES
red size: 82 - F size 125 -> 125
RECHECKED 21(0 const) EQUIVALENCES (ac: 19)
FOUND 21(0 const) EQUIVALENCES - size 123 -> 0
RECHECKED 9(0 const) EQUIVALENCES (ac: 8)
FOUND 8(0 const) EQUIVALENCES - size 2774 -> 2752
computing interpolant in TO+
TO: 305 (supp: 123) - AIG nodes 42674
TO*TO+: 372 (supp: 123)
|to:372|.
   |tr|=4185 |reached|=876.
*** Trav time: 0.65 s (norm 0.65 s) ***
ring 3 - safe for bound 0
fp chkTime: 0.01 s (norm 0.01 s)
  Aig interpolant inner iteration 3: |from:2964| -> ternary to+: 127
TO+IMG-cube: 64 (f:2964->2836)
min/avg/max red id: 59/82/122
FOUND 46 const REDUNDANCIES
red size: 94 - F size 123 -> 123
RECHECKED 24(0 const) EQUIVALENCES (ac: 22)
FOUND 23(0 const) EQUIVALENCES - size 139 -> 3
RECHECKED 9(3 const) EQUIVALENCES (ac: 7)
FOUND 7(2 const) EQUIVALENCES - size 2778 -> 2755
computing interpolant in TO+
TO: 299 (supp: 122) - AIG nodes 42803
TO*TO+: 363 (supp: 122)
|to:363|.
   |tr|=4185 |reached|=986.
*** Trav time: 0.76 s (norm 0.76 s) ***
ring 4 - safe for bound 0
fp chkTime: 0.01 s (norm 0.01 s)
  Aig interpolant inner iteration 4: |from:2967| -> ternary to+: 123
TO+IMG-cube: 62 (f:2967->2843)
min/avg/max red id: 60/81/125
FOUND 37 const REDUNDANCIES
red size: 79 - F size 126 -> 126
RECHECKED 20(0 const) EQUIVALENCES (ac: 18)
FOUND 20(0 const) EQUIVALENCES - size 115 -> 0
RECHECKED 12(4 const) EQUIVALENCES (ac: 9)
FOUND 11(2 const) EQUIVALENCES - size 2791 -> 2759
computing interpolant in TO+
TO: 297 (supp: 120) - AIG nodes 42908
TO*TO+: 359 (supp: 120)
|to:359|.
   |tr|=4185 |reached|=1105.
*** Trav time: 1.12 s (norm 0.91 s) ***
ring 5 - safe for bound 0
fp chkTime: 0.01 s (norm 0.01 s)
  Aig interpolant inner iteration 5: |from:3664| -> ternary to+: 45
TO+IMG-cube: 23 (f:3664->3618)
min/avg/max red id: 107/119/131
FOUND 6 const REDUNDANCIES
red size: 12 - F size 163 -> 163
RECHECKED 3(0 const) EQUIVALENCES (ac: 3)
FOUND 3(0 const) EQUIVALENCES - size 17 -> 0
RECHECKED 67(41 const) EQUIVALENCES (ac: 26)
FOUND 5(2 const) EQUIVALENCES - size 3613 -> 3599
computing interpolant in TO+
TO: 85 (supp: 37) - AIG nodes 42827
TO*TO+: 108 (supp: 37)
|to:108|.
   |tr|=4185 |reached|=1170.
*** Trav time: 1.32 s (norm 1.10 s) ***
ring 6 - safe for bound 0
fp chkTime: 0.02 s (norm 0.02 s)
  Aig interpolant inner iteration 6: |from:3785| -> ternary to+: 27
TO+IMG-cube: 14 (f:3785->3757)
min/avg/max red id: 24/29/35
FOUND 8 const REDUNDANCIES
red size: 20 - F size 36 -> 36
RECHECKED 5(0 const) EQUIVALENCES (ac: 5)
FOUND 4(0 const) EQUIVALENCES - size 27 -> 3
RECHECKED 13(11 const) EQUIVALENCES (ac: 3)
FOUND 3(3 const) EQUIVALENCES - size 3751 -> 3739
computing interpolant in TO+
TO: 61 (supp: 27) - AIG nodes 42558
TO*TO+: 75 (supp: 27)
|to:75|.
   |tr|=4185 |reached|=1209.
*** Trav time: 1.54 s (norm 1.33 s) ***
ring 7 - safe for bound 0
fp chkTime: 0.01 s (norm 0.01 s)
  Aig interpolant inner iteration 7: |from:3837| -> ternary to+: 17
TO+IMG-cube: 9 (f:3837->3819)
min/avg/max red id: 18/21/25
FOUND 5 const REDUNDANCIES
red size: 11 - F size 27 -> 27
RECHECKED 3(0 const) EQUIVALENCES (ac: 3)
FOUND 2(0 const) EQUIVALENCES - size 15 -> 3
RECHECKED 10(8 const) EQUIVALENCES (ac: 3)
FOUND 4(3 const) EQUIVALENCES - size 3817 -> 3804
computing interpolant in TO+
TO: 45 (supp: 20) - AIG nodes 42548
TO*TO+: 54 (supp: 20)
|to:54|.
   |tr|=4185 |reached|=1229.
*** Trav time: 2.06 s (norm 1.63 s) ***
ring 8 - safe for bound 0
fp chkTime: 0.01 s (norm 0.01 s)
  Aig interpolant inner iteration 8: |from:4011| -> ternary to+: 13
TO+IMG-cube: 7 (f:4011->3997)
min/avg/max red id: 13/15/18
FOUND 4 const REDUNDANCIES
red size: 8 - F size 20 -> 20
RECHECKED 2(0 const) EQUIVALENCES (ac: 2)
FOUND 2(0 const) EQUIVALENCES - size 11 -> 0
RECHECKED 6(5 const) EQUIVALENCES (ac: 2)
FOUND 3(3 const) EQUIVALENCES - size 3995 -> 3983
computing interpolant in TO+
TO: 31 (supp: 14) - AIG nodes 42246
TO*TO+: 38 (supp: 14)
|to:38|.
   |tr|=4185 |reached|=1241.
*** Trav time: 2.30 s (norm 1.87 s) ***
ring 9 - safe for bound 0
fp chkTime: 0.01 s (norm 0.01 s)
  Aig interpolant inner iteration 9: |from:4046| -> ternary to+: 3
TO+IMG-cube: 2 (f:4046->4042)
RECHECKED 10(8 const) EQUIVALENCES (ac: 3)
FOUND 2(2 const) EQUIVALENCES - size 4042 -> 4034
computing interpolant in TO+
ITP (|A|=3471,|B|=1)
ITP time limit: 10000
Solver stats: 3471/3445 vars/clauses
Solver stats: 2044/3703/1(1) dec./prop./confl.(small)
Solver stored decisions: 0
Solver stats: time = 0.00 s (norm 0.00 s)
Inner loop REACHES back cone.

try ITP ref. # 1/16 - cone/constr 0 of size: 3 - ring: 9 (rl: 0)
ITP ref. chk[9] - cone sz: 101 - fwd ring: 38
ANDING WITH RING 9 - size: 38
ITP ref. chk[8] - cone sz: 481 - fwd ring: 54
ANDING WITH RING 9 - size: 38
ITP ref. chk[7] - cone sz: 904 - fwd ring: 75
ANDING WITH RING 9 - size: 38
ITP ref. chk[7] - cone sz: 1604 - fwd ring: 75
refinement possible at level 7

Interpolant FINITE RUN: cone=3, care=0.
fp chkTime: 0.01 s (norm 0.01 s)
  Aig interpolant inner iteration 7: |from:3837| -> previous ring 8 - safe for bound 0
ring cone (e) - generated part[7/11] of size: 867
computing interpolant in TO+
ITP (|A|=3230,|B|=830)
ITP time limit: 10000
Solver stats: 3957/4746 vars/clauses (elim v/cl:0/0)
Solver stats: 0/576/0 dec./prop./confl.
Solver stats: time = 0.00 s (norm 0.00 s)
ITP (|A|=3230,|B|=830)
ITP time limit: 10000
Solver stats: 3957/4174 vars/clauses
Solver stats: 0/576/0(0) dec./prop./confl.(small)
Solver stored decisions: 0
Solver stats: time = 0.00 s (norm 0.00 s)
computing interpolant from refutation proof of size 5539 (AIG nodes: 45346)
ITP proof unit res. cl,: 5(A:0/B:5/AB:0 - equiv:1)
ITP proof two res. cl: 0(AB:0)
ITP core: (6,1342 + 6) / 5540
ITP proof core: (root: 8,0 + chain: 6 (res: 6) - ref2: 5) / tot:5542
ITP proof remapped roots: 2 - eq nodes: 6 - tot: 2
ROOT stats - zero: 0 - one: 6 - lit: 0 - clause: 0
ITP proof core: (root: 2,0 + chain: 0 (res: 0) - ref2: 0) / tot:2
ITP proof remapped roots: 2 - eq nodes: 0 - tot: 2
ROOT stats - zero: 0 - one: 0 - lit: 0 - clause: 0
ITP proof core: (root: 2,0 + chain: 0 (res: 0) - ref2: 0) / tot:2
ITP proof dupv: 0 [impl: 0] - implNodes: 0
ITP proof core: (root: 2,0 + chain: 0 (res: 0) - ref2: 0) / tot:2
ITP proof remapped roots: 2 - eq nodes: 0 - tot: 2
ROOT stats - zero: 0 - one: 0 - lit: 0 - clause: 0
ITP proof core: (root: 2,0 + chain: 0 (res: 0) - ref2: 0) / tot:2
ITP proof red Simpl (impl: 0): 0
ITP proof core: (root: 2,0 + chain: 0 (res: 0) - ref2: 0) / tot:2
ITP proof remapped roots: 2 - eq nodes: 0 - tot: 2
ROOT stats - zero: 0 - one: 0 - lit: 0 - clause: 0
ITP proof core: (root: 2,0 + chain: 0 (res: 0) - ref2: 0) / tot:2
ITP proof dupv: 0 - implNodesOdc: 0
ITP proof core: (root: 2,0 + chain: 0 (res: 0) - ref2: 0) / tot:2
ITP proof dupv: 0 [impl: 0] - implNodes: 0
interpolant OPT: 0 (0,0)
interpolant AUXV: 0 - AIG nodes 45346
interpolant stats: clause terms/a/o/ao -> 0/0/0/0 - A nodes: 0 (and->or): 0
itp opt: 0 -> 0
itp opt: 0 -> 0
TO: 0 (supp: 0) - AIG nodes 45346
TO*TO+: 41 (supp: 18)
|to:41|.
1/19 (r:18) INDUCTIVE components found in TO+ (size: 3)
|to&oldTo:45|.
   |tr|=4185 |reached|=1228.
*** Trav time: 3.02 s (norm 2.37 s) ***
ring 8 - safe for bound 3
  Reusing SAME CONE ring
fp chkTime: 0.02 s (norm 0.02 s)
  Aig interpolant inner iteration 8: |from:4011| -> previous ring 9 - safe for bound 0
min/avg/max red id: 8/8/8
FOUND 1 const REDUNDANCIES
red size: 3 - F size 9 -> 9
ring cone (e) - generated part[8/12] of size: 859
RECHECKED 3(2 const) EQUIVALENCES (ac: 2)
computing interpolant in TO+
ITP (|A|=3413,|B|=834)
ITP time limit: 10000
Solver stats: 4142/4996 vars/clauses (elim v/cl:0/0)
Solver stats: 0/595/0 dec./prop./confl.
Solver stats: time = 0.00 s (norm 0.00 s)
ITP (|A|=3413,|B|=834)
ITP time limit: 10000
Solver stats: 4142/4427 vars/clauses
Solver stats: 61/850/2(1) dec./prop./confl.(small)
Solver stored decisions: 0
Solver stats: time = 0.00 s (norm 0.00 s)
computing interpolant from refutation proof of size 5847 (AIG nodes: 45098)
ITP proof unit res. cl,: 7(A:0/B:7/AB:0 - equiv:1)
ITP proof two res. cl: 2(AB:2)
ITP core: (13,1392 + 10) / 5848
ITP proof core: (root: 15,0 + chain: 10 (res: 14) - ref2: 8) / tot:5850
ITP proof remapped roots: 4 - eq nodes: 9 - tot: 5
ROOT stats - zero: 2 - one: 9 - lit: 2 - clause: 0
ITP proof core: (root: 4,0 + chain: 1 (res: 1) - ref2: 0) / tot:5
ITP proof remapped roots: 4 - eq nodes: 0 - tot: 5
ROOT stats - zero: 0 - one: 0 - lit: 2 - clause: 0
ITP proof core: (root: 4,0 + chain: 1 (res: 1) - ref2: 0) / tot:5
ITP proof dupv: 0 [impl: 0] - implNodes: 0
ITP proof core: (root: 4,0 + chain: 1 (res: 1) - ref2: 0) / tot:5
ITP proof remapped roots: 5 - eq nodes: 0 - tot: 6
ROOT stats - zero: 0 - one: 0 - lit: 2 - clause: 0
ITP proof core: (root: 4,0 + chain: 1 (res: 1) - ref2: 0) / tot:6
ITP proof red Simpl (impl: 0): 0
ITP proof core: (root: 4,0 + chain: 1 (res: 1) - ref2: 0) / tot:6
ITP proof remapped roots: 5 - eq nodes: 0 - tot: 5
ROOT stats - zero: 0 - one: 0 - lit: 2 - clause: 0
ITP proof core: (root: 3,0 + chain: 0 (res: 0) - ref2: 0) / tot:5
ITP proof dupv: 0 - implNodesOdc: 0
ITP proof core: (root: 3,0 + chain: 0 (res: 0) - ref2: 0) / tot:5
ITP proof dupv: 0 [impl: 0] - implNodes: 0
interpolant OPT: 0 (0,0)
interpolant AUXV: 0 - AIG nodes 45098
interpolant stats: clause terms/a/o/ao -> 0/0/0/0 - A nodes: 0 (and->or): 0
itp opt: 3 -> 3
itp opt: 3 -> 3
TO: 3 (supp: 2) - AIG nodes 45096
TO*TO+: 36 (supp: 16)
|to:36|.
   |tr|=4185 |reached|=1238.
*** Trav time: 3.34 s (norm 2.69 s) ***
ring 9 - safe for bound 3
  Reusing SAME CONE ring
fp chkTime: 0.02 s (norm 0.02 s)
  Aig interpolant inner iteration 9: |from:4049| -> ternary to+: 3
TO+IMG-cube: 2 (f:4049->4045)
min/avg/max red id: 18/18/18
FOUND 1 const REDUNDANCIES
red size: 3 - F size 19 -> 19
ring cone (e) - generated part[9/13] of size: 1344
RECHECKED 10(8 const) EQUIVALENCES (ac: 3)
FOUND 2(2 const) EQUIVALENCES - size 4045 -> 4037
computing interpolant in TO+
ITP (|A|=3471,|B|=1322)
ITP time limit: 10000
Solver stats: 4630/5732 vars/clauses (elim v/cl:0/0)
Solver stats: 3029/4986/3 dec./prop./confl.
Solver stats: time = 0.00 s (norm 0.00 s)
Inner loop REACHES back cone.

try ITP ref. # 2/16 - cone/constr 0 of size: 3 - ring: 13 (rl: 0)
ITP ref. chk[9] - cone sz: 4884 - fwd ring: 36
ANDING WITH RING 9 - size: 36
ITP ref. chk[8] - cone sz: 6097 - fwd ring: 45
MAX cone bound incr reached: 2 - nev bmc bound 7
ANDING WITH RING 9 - size: 36
ITP ref. chk[0] - cone sz: 9597 - fwd ring: 75
ITP refinement failure at bound 6.
BMC failure at bound 0.
THRD: IGR - peak AIG: 61456
Invariant verification TERMINATED with 1 [IGR]
c bad hit at pattern: 13
c simulated 14 vectors

cex written to: /tmp/pfcache28.pdtrav.out.0.cex
CEX validated by aigsim

Thread IGR activated
-- FSM Manager Quit.

Invariant verification completed by engine: IGR
Verification result (FAIL) written to file pfcache28.pdtrav.out
CMD: cat /tmp/pfcache28.pdtrav.out.0.cex >> pfcache28.pdtrav.out
-- FSM Manager Quit.
-- FSM Manager Quit.
-- FSM Manager Quit.
-- TRAV Manager Quit.
Total used memory: 38.18 MBytes
Total Verification Time: 4.8
Total Execution Time: 6.72 s (norm 5.43 s)
## PdTRAV End.
[runlim] end:			Fri Jul 15 16:49:28 2022
[runlim] status:		ok
[runlim] result:		0
[runlim] children:		1
[runlim] real:			8.43 seconds
[runlim] time:			7.39 seconds
[runlim] space:			150.9 MB
[runlim] samples:		81
