
c ## Tool Version: PdTRAV 3.5.0
c ## DD Version: Cudd-2.5.0
c ## Compile Date: sab 26 mar 2022, 12.00.22, CET
c ## Command: pdt40t -strategy igra3ie -itpAigCore 1000 -itpCore 1000 -verbosity 4 -igrSide 0 -satTimeLimit 300 -itpDrup 3 ../aig/6s366r.aig 
## Running Date: Sun Jul 17 12:33:22 2022
## Hostname: gpcserver-VirtualBox
CPU time adjustment: 0.37 s (norm 0.41 s) - scale factor: 0.908889
-- DDI Manager Init.
-- FSM Manager Init.
-- FSM Loading.
(Loading File ../aig/6s366r.aig).
Property: !o0.
Design Statistics: 86 Inputs / 1998 State Vars / 13719 delta AIG Gates / 5 lambda AIG Gates
|Constraint|=0 nodes.
|Property|=5 nodes.
|Constraint|=0 nodes.
-- FSM Manager Init.
Found 0 Peripheral Latches (0 1 s.) - 1999 Latches Remaining.
  Peripheral Latch Reduction; Delta Size: 13725 -> 13725.
compacting deltas (EQ prop): 13720 -> 13719
compacting miters (EQ prop): 2 -> 2
Checking for Equivalence Property: OK (1/1 Equivalences Found).
-- TRAV Manager Init.
COI Reduction Performed: Kept 1642 State Vars out of 2000.
Original Delta: Size=13726; #Partitions=2000.
Reduced Delta: Size=11941; #Partitions=1642.
Original Delta: Size=11941; #Partitions=1642.
Original Delta: Size=11941; #Partitions=1642.
Ternary Simulation: (2947)(2647)(2375)(2103)(2051)(1999)(1739)(1479)(1459)(1439)(1423)(1407)(1397)(1389)(1381)(1373)(1365)(1357)(1349)(1341)(1333)(1325)(1317)(1309)(1301)(1293)(1285)(1277)(1269)(1261)(1253)(1245)(1237)(1229)(1221)(1213)(1205)(1197)(1189)(1181)(1173)(1165)(1157)(1149)(1133)(1117)(1109)(1101)(1093)(1085)(1077)(1069)(1013)(957)(937)(917)(759)(601)(597)(593)(585)(577)(565)(553)(305)(57)(51)(45)(43)(41)(41)(41)TSIM found 72 EQUIVALENCES
Original Delta: Size=11703; #Partitions=1642.
Found 18 Constants; Reduced Delta: Size=11703; #Partitions=1642.
  SEQ equiv found(515 <- 1322): l1244 <- l3198.
Found 1 seq EQ - Reduced DELTA - size: 11703 - components: 1624

Ternary Simulation Performed: 72 iterations in 0.26 s; |R|=33048.
COI Reduction Performed: Kept 1623 State Vars out of 1623.
Original Delta: Size=11703; #Partitions=1623.
Reduced Delta: Size=11703; #Partitions=1623.
Circuit AIG stats: 77 inp / 1623 state vars / 11703 AIG gates.
Reduction run time: 0.3.
Invarspec: 3.
Init: 3245.
1 stalled latches found
STEP: 0.
lazyRate: 1.000000 - itpOpt: 0 - optLevel: 1.
Using bwd cone at bound 0 (cone(aux): 3(0) - care: 0).
{COI: 1} curr NODE ID: 282031, baig Nodes: 58239.
 BMC (AIG size: 0/3/3) Full Cone (Aux): 3(0))
Interpolant FINITE RUN: cone=3, care=0.
fp chkTime: 0.01 s (norm 0.01 s)
  Aig interpolant inner iteration 0: |from:7063| -> ternary to+: 2909
TO+IMG-cube: 1455 (f:7063->4153)
FOUND 101(0 const) EQUIVALENCES - size 4153 -> 3933
computing interpolant in TO+
TO: 3429 (supp: 1623) - AIG nodes 61668
TO*TO+: 4884 (supp: 1623)
|to:4884|.
   |tr|=19404 |reached|=6506.
*** Trav time: 0.76 s (norm 0.84 s) ***
ring 1 - safe for bound 0
fp chkTime: 0.03 s (norm 0.03 s)
  Aig interpolant inner iteration 1: |from:8260| -> ternary to+: 2637
TO+IMG-cube: 1319 (f:8260->5622)
FOUND 169(0 const) EQUIVALENCES - size 5622 -> 5443
computing interpolant in TO+
TO: 3593 (supp: 1623) - AIG nodes 68411
TO*TO+: 4912 (supp: 1623)
|to:4912|.
   |tr|=19404 |reached|=9524.
*** Trav time: 1.56 s (norm 1.72 s) ***
ring 2 - safe for bound 0
fp chkTime: 0.03 s (norm 0.04 s)
  Aig interpolant inner iteration 2: |from:9361| -> ternary to+: 2361
TO+IMG-cube: 1181 (f:9361->6999)
FOUND 243(0 const) EQUIVALENCES - size 6999 -> 6733
computing interpolant in TO+
TO: 3760 (supp: 1623) - AIG nodes 71464
TO*TO+: 4941 (supp: 1623)
|to:4941|.
   |tr|=19404 |reached|=12534.
*** Trav time: 2.47 s (norm 2.71 s) ***
ring 3 - safe for bound 0
fp chkTime: 0.07 s (norm 0.08 s)
  Aig interpolant inner iteration 3: |from:10352| -> ternary to+: 2089
TO+IMG-cube: 1045 (f:10352->8262)
FOUND 314(0 const) EQUIVALENCES - size 8262 -> 7947
min/avg/max red id: 69/69/69
FOUND 1 const REDUNDANCIES
red size: 3 - F size 71 -> 71
computing interpolant in TO+
TO: 3890 (supp: 1623) - AIG nodes 76845
TO*TO+: 4935 (supp: 1623)
|to:4935|.
   |tr|=19404 |reached|=7582.
*** Trav time: 3.39 s (norm 3.73 s) ***
ring 4 - safe for bound 0
fp chkTime: 0.04 s (norm 0.05 s)
  Aig interpolant inner iteration 4: |from:11377| -> ternary to+: 2033
TO+IMG-cube: 1017 (f:11377->9342)
FOUND 332(0 const) EQUIVALENCES - size 9342 -> 8979
min/avg/max red id: 16/19/23
FOUND 2 const REDUNDANCIES
red size: 5 - F size 30 -> 30
computing interpolant in TO+
TO: 3940 (supp: 1623) - AIG nodes 79561
TO*TO+: 4957 (supp: 1623)
|to:4957|.
   |tr|=19404 |reached|=10399.
*** Trav time: 4.13 s (norm 4.55 s) ***
ring 5 - safe for bound 0
fp chkTime: 0.04 s (norm 0.05 s)
  Aig interpolant inner iteration 5: |from:11594| -> ternary to+: 1981
TO+IMG-cube: 991 (f:11594->9612)
FOUND 347(0 const) EQUIVALENCES - size 9612 -> 9264
min/avg/max red id: 18/23/27
FOUND 4 const REDUNDANCIES
red size: 11 - F size 32 -> 32
computing interpolant in TO+
TO: 3970 (supp: 1623) - AIG nodes 84004
TO*TO+: 4961 (supp: 1623)
|to:4961|.
   |tr|=19404 |reached|=8148.
*** Trav time: 5.09 s (norm 5.59 s) ***
ring 6 - safe for bound 0
fp chkTime: 0.06 s (norm 0.06 s)
  Aig interpolant inner iteration 6: |from:12382| -> ternary to+: 1721
TO+IMG-cube: 861 (f:12382->10660)
FOUND 407(2 const) EQUIVALENCES - size 10660 -> 10246
min/avg/max red id: 91/94/97
FOUND 4 const REDUNDANCIES
red size: 12 - F size 113 -> 113
computing interpolant in TO+
TO: 4075 (supp: 1623) - AIG nodes 85335
TO*TO+: 4936 (supp: 1623)
|to:4936|.
   |tr|=19404 |reached|=10842.
*** Trav time: 5.90 s (norm 6.49 s) ***
ring 7 - safe for bound 0
fp chkTime: 0.15 s (norm 0.17 s)
  Aig interpolant inner iteration 7: |from:13255| -> ternary to+: 1465
TO+IMG-cube: 733 (f:13255->11789)
FOUND 469(2 const) EQUIVALENCES - size 11789 -> 11313
computing interpolant in TO+
TO: 4193 (supp: 1623) - AIG nodes 90510
TO*TO+: 4926 (supp: 1623)
|to:4926|.
   |tr|=19404 |reached|=8900.
*** Trav time: 7.28 s (norm 8.01 s) ***
ring 8 - safe for bound 0
fp chkTime: 0.08 s (norm 0.08 s)
  Aig interpolant inner iteration 8: |from:13914| -> ternary to+: 1453
TO+IMG-cube: 727 (f:13914->12460)
FOUND 471(2 const) EQUIVALENCES - size 12460 -> 11982
computing interpolant in TO+
TO: 4190 (supp: 1623) - AIG nodes 90861
TO*TO+: 4917 (supp: 1623)
|to:4917|.
   |tr|=19404 |reached|=11139.
*** Trav time: 8.23 s (norm 9.06 s) ***
ring 9 - safe for bound 0
fp chkTime: 0.22 s (norm 0.24 s)
  Aig interpolant inner iteration 9: |from:13944| -> ternary to+: 1441
TO+IMG-cube: 721 (f:13944->12502)
FOUND 473(2 const) EQUIVALENCES - size 12502 -> 12022
computing interpolant in TO+
TO: 4197 (supp: 1623) - AIG nodes 92847
TO*TO+: 4918 (supp: 1623)
|to:4918|.
   |tr|=19404 |reached|=13257.
*** Trav time: 9.34 s (norm 10.27 s) ***
ring 10 - safe for bound 0
fp chkTime: 0.05 s (norm 0.06 s)
  Aig interpolant inner iteration 10: |from:13993| -> ternary to+: 1429
TO+IMG-cube: 715 (f:13993->12563)
FOUND 475(2 const) EQUIVALENCES - size 12563 -> 12081
computing interpolant in TO+
TO: 4200 (supp: 1623) - AIG nodes 98373
TO*TO+: 4915 (supp: 1623)
|to:4915|.
   |tr|=19404 |reached|=10250.
*** Trav time: 10.66 s (norm 11.73 s) ***
ring 11 - safe for bound 0
fp chkTime: 0.21 s (norm 0.23 s)
  Aig interpolant inner iteration 11: |from:14030| -> ternary to+: 1417
TO+IMG-cube: 709 (f:14030->12612)
FOUND 477(2 const) EQUIVALENCES - size 12612 -> 12128
computing interpolant in TO+
TO: 4209 (supp: 1623) - AIG nodes 98606
TO*TO+: 4918 (supp: 1623)
|to:4918|.
   |tr|=19404 |reached|=12657.
*** Trav time: 11.78 s (norm 12.96 s) ***
ring 12 - safe for bound 0
fp chkTime: 0.09 s (norm 0.10 s)
  Aig interpolant inner iteration 12: |from:14074| -> ternary to+: 1407
TO+IMG-cube: 704 (f:14074->12666)
FOUND 479(3 const) EQUIVALENCES - size 12666 -> 12177
computing interpolant in TO+
TO: 4216 (supp: 1623) - AIG nodes 100728
TO*TO+: 4920 (supp: 1623)
|to:4920|.
   |tr|=19404 |reached|=14992.
*** Trav time: 12.90 s (norm 14.19 s) ***
ring 13 - safe for bound 0
fp chkTime: 0.26 s (norm 0.29 s)
  Aig interpolant inner iteration 13: |from:14109| -> ternary to+: 1399
TO+IMG-cube: 700 (f:14109->12709)
FOUND 480(3 const) EQUIVALENCES - size 12709 -> 12219
computing interpolant in TO+
TO: 4219 (supp: 1623) - AIG nodes 102541
TO*TO+: 4919 (supp: 1623)
|to:4919|.
   |tr|=19404 |reached|=16936.
*** Trav time: 14.13 s (norm 15.55 s) ***
ring 14 - safe for bound 0
fp chkTime: 0.06 s (norm 0.07 s)
  Aig interpolant inner iteration 14: |from:14135| -> ternary to+: 1391
TO+IMG-cube: 696 (f:14135->12743)
FOUND 480(1 const) EQUIVALENCES - size 12743 -> 12259
computing interpolant in TO+
TO: 4216 (supp: 1623) - AIG nodes 109013
TO*TO+: 4912 (supp: 1623)
|to:4912|.
   |tr|=19404 |reached|=12052.
*** Trav time: 15.60 s (norm 17.16 s) ***
ring 15 - safe for bound 0
fp chkTime: 0.24 s (norm 0.26 s)
  Aig interpolant inner iteration 15: |from:14168| -> ternary to+: 1379
TO+IMG-cube: 690 (f:14168->12788)
FOUND 482(1 const) EQUIVALENCES - size 12788 -> 12302
computing interpolant in TO+
TO: 4223 (supp: 1623) - AIG nodes 107891
TO*TO+: 4913 (supp: 1623)
|to:4913|.
   |tr|=19404 |reached|=14214.
*** Trav time: 16.89 s (norm 18.58 s) ***
ring 16 - safe for bound 0
fp chkTime: 0.06 s (norm 0.07 s)
  Aig interpolant inner iteration 16: |from:14252| -> ternary to+: 1363
TO+IMG-cube: 682 (f:14252->12888)
FOUND 485(1 const) EQUIVALENCES - size 12888 -> 12399
computing interpolant in TO+
TO: 4228 (supp: 1623) - AIG nodes 109726
TO*TO+: 4910 (supp: 1623)
|to:4910|.
   |tr|=19404 |reached|=16187.
*** Trav time: 17.90 s (norm 19.69 s) ***
ring 17 - safe for bound 0
fp chkTime: 0.32 s (norm 0.36 s)
  Aig interpolant inner iteration 17: |from:14305| -> ternary to+: 1347
TO+IMG-cube: 674 (f:14305->12957)
FOUND 488(1 const) EQUIVALENCES - size 12957 -> 12465
computing interpolant in TO+
TO: 4234 (supp: 1623) - AIG nodes 111664
TO*TO+: 4908 (supp: 1623)
|to:4908|.
   |tr|=19404 |reached|=18249.
*** Trav time: 19.34 s (norm 21.27 s) ***
ring 18 - safe for bound 0
fp chkTime: 0.34 s (norm 0.38 s)
  Aig interpolant inner iteration 18: |from:14372| -> ternary to+: 1335
TO+IMG-cube: 668 (f:14372->13036)
FOUND 491(1 const) EQUIVALENCES - size 13036 -> 12541
computing interpolant in TO+
TO: 4242 (supp: 1623) - AIG nodes 113550
TO*TO+: 4910 (supp: 1623)
|to:4910|.
   |tr|=19404 |reached|=20202.
*** Trav time: 20.74 s (norm 22.82 s) ***
ring 19 - safe for bound 0
fp chkTime: 0.37 s (norm 0.41 s)
  Aig interpolant inner iteration 19: |from:14415| -> ternary to+: 1323
TO+IMG-cube: 662 (f:14415->13091)
FOUND 494(1 const) EQUIVALENCES - size 13091 -> 12593
computing interpolant in TO+
TO: 4245 (supp: 1623) - AIG nodes 115396
TO*TO+: 4907 (supp: 1623)
|to:4907|.
   |tr|=19404 |reached|=22116.
*** Trav time: 22.15 s (norm 24.36 s) ***
ring 20 - safe for bound 0
fp chkTime: 0.16 s (norm 0.18 s)
  Aig interpolant inner iteration 20: |from:14457| -> ternary to+: 1315
TO+IMG-cube: 658 (f:14457->13141)
FOUND 496(1 const) EQUIVALENCES - size 13141 -> 12641
computing interpolant in TO+
TO: 4247 (supp: 1623) - AIG nodes 117218
TO*TO+: 4905 (supp: 1623)
|to:4905|.
   |tr|=19404 |reached|=24001.
*** Trav time: 23.48 s (norm 25.83 s) ***
ring 21 - safe for bound 0
fp chkTime: 0.43 s (norm 0.47 s)
  Aig interpolant inner iteration 21: |from:14481| -> ternary to+: 1307
TO+IMG-cube: 654 (f:14481->13173)
FOUND 498(1 const) EQUIVALENCES - size 13173 -> 12671
computing interpolant in TO+
TO: 4254 (supp: 1623) - AIG nodes 118905
TO*TO+: 4908 (supp: 1623)
|to:4908|.
   |tr|=19404 |reached|=25731.
*** Trav time: 25.10 s (norm 27.61 s) ***
ring 22 - safe for bound 0
fp chkTime: 0.14 s (norm 0.15 s)
  Aig interpolant inner iteration 22: |from:14518| -> ternary to+: 1299
TO+IMG-cube: 650 (f:14518->13218)
FOUND 500(1 const) EQUIVALENCES - size 13218 -> 12714
computing interpolant in TO+
TO: 4255 (supp: 1623) - AIG nodes 120770
TO*TO+: 4905 (supp: 1623)
|to:4905|.
   |tr|=19404 |reached|=27627.
*** Trav time: 26.36 s (norm 29.00 s) ***
ring 23 - safe for bound 0
fp chkTime: 0.60 s (norm 0.66 s)
  Aig interpolant inner iteration 23: |from:14543| -> ternary to+: 1291
TO+IMG-cube: 646 (f:14543->13251)
FOUND 502(1 const) EQUIVALENCES - size 13251 -> 12745
computing interpolant in TO+
TO: 4259 (supp: 1623) - AIG nodes 122473
TO*TO+: 4905 (supp: 1623)
|to:4905|.
   |tr|=19404 |reached|=29361.
*** Trav time: 28.03 s (norm 30.83 s) ***
ring 24 - safe for bound 0
fp chkTime: 0.40 s (norm 0.44 s)
  Aig interpolant inner iteration 24: |from:14578| -> ternary to+: 1283
TO+IMG-cube: 642 (f:14578->13294)
FOUND 504(1 const) EQUIVALENCES - size 13294 -> 12786
computing interpolant in TO+
TO: 4264 (supp: 1623) - AIG nodes 124180
TO*TO+: 4906 (supp: 1623)
|to:4906|.
   |tr|=19404 |reached|=31101.
*** Trav time: 29.46 s (norm 32.41 s) ***
ring 25 - safe for bound 0
fp chkTime: 0.63 s (norm 0.69 s)
  Aig interpolant inner iteration 25: |from:14603| -> ternary to+: 1275
TO+IMG-cube: 638 (f:14603->13327)
FOUND 506(1 const) EQUIVALENCES - size 13327 -> 12817
computing interpolant in TO+
TO: 4269 (supp: 1623) - AIG nodes 125956
TO*TO+: 4907 (supp: 1623)
|to:4907|.
   |tr|=19404 |reached|=32894.
*** Trav time: 31.30 s (norm 34.43 s) ***
ring 26 - safe for bound 0
fp chkTime: 0.18 s (norm 0.20 s)
  Aig interpolant inner iteration 26: |from:14639| -> ternary to+: 1267
TO+IMG-cube: 634 (f:14639->13371)
FOUND 508(1 const) EQUIVALENCES - size 13371 -> 12859
computing interpolant in TO+
TO: 4275 (supp: 1623) - AIG nodes 127614
TO*TO+: 4909 (supp: 1623)
|to:4909|.
   |tr|=19404 |reached|=34564.
*** Trav time: 32.46 s (norm 35.70 s) ***
ring 27 - safe for bound 0
fp chkTime: 0.58 s (norm 0.64 s)
  Aig interpolant inner iteration 27: |from:14668| -> ternary to+: 1259
TO+IMG-cube: 630 (f:14668->13408)
FOUND 510(1 const) EQUIVALENCES - size 13408 -> 12894
computing interpolant in TO+
TO: 4273 (supp: 1623) - AIG nodes 129301
TO*TO+: 4903 (supp: 1623)
|to:4903|.
   |tr|=19404 |reached|=36258.
*** Trav time: 34.09 s (norm 37.50 s) ***
ring 28 - safe for bound 0
fp chkTime: 0.20 s (norm 0.22 s)
  Aig interpolant inner iteration 28: |from:14691| -> ternary to+: 1251
TO+IMG-cube: 626 (f:14691->13439)
FOUND 512(1 const) EQUIVALENCES - size 13439 -> 12923
computing interpolant in TO+
TO: 4281 (supp: 1623) - AIG nodes 130998
TO*TO+: 4907 (supp: 1623)
|to:4907|.
   |tr|=19404 |reached|=37994.
*** Trav time: 35.62 s (norm 39.19 s) ***
ring 29 - safe for bound 0
fp chkTime: 0.58 s (norm 0.63 s)
  Aig interpolant inner iteration 29: |from:14725| -> ternary to+: 1243
TO+IMG-cube: 622 (f:14725->13481)
FOUND 514(1 const) EQUIVALENCES - size 13481 -> 12963
computing interpolant in TO+
TO: 4280 (supp: 1623) - AIG nodes 132809
TO*TO+: 4902 (supp: 1623)
|to:4902|.
   |tr|=19404 |reached|=39827.
*** Trav time: 37.26 s (norm 40.99 s) ***
ring 30 - safe for bound 0
fp chkTime: 0.20 s (norm 0.22 s)
  Aig interpolant inner iteration 30: |from:14754| -> ternary to+: 1235
TO+IMG-cube: 618 (f:14754->13518)
FOUND 516(1 const) EQUIVALENCES - size 13518 -> 12998
computing interpolant in TO+
TO: 4284 (supp: 1623) - AIG nodes 134653
TO*TO+: 4902 (supp: 1623)
|to:4902|.
   |tr|=19404 |reached|=41678.
*** Trav time: 38.40 s (norm 42.24 s) ***
ring 31 - safe for bound 0
fp chkTime: 0.83 s (norm 0.91 s)
  Aig interpolant inner iteration 31: |from:14781| -> ternary to+: 1227
TO+IMG-cube: 614 (f:14781->13553)
FOUND 518(1 const) EQUIVALENCES - size 13553 -> 13031
computing interpolant in TO+
TO: 4290 (supp: 1623) - AIG nodes 136462
TO*TO+: 4904 (supp: 1623)
|to:4904|.
   |tr|=19404 |reached|=43492.
*** Trav time: 40.34 s (norm 44.38 s) ***
ring 32 - safe for bound 0
fp chkTime: 0.36 s (norm 0.40 s)
  Aig interpolant inner iteration 32: |from:14811| -> ternary to+: 1219
TO+IMG-cube: 610 (f:14811->13591)
FOUND 520(1 const) EQUIVALENCES - size 13591 -> 13067
computing interpolant in TO+
TO: 4288 (supp: 1623) - AIG nodes 138329
TO*TO+: 4898 (supp: 1623)
|to:4898|.
   |tr|=19404 |reached|=45368.
*** Trav time: 41.98 s (norm 46.18 s) ***
ring 33 - safe for bound 0
fp chkTime: 0.76 s (norm 0.83 s)
  Aig interpolant inner iteration 33: |from:14839| -> ternary to+: 1211
TO+IMG-cube: 606 (f:14839->13627)
FOUND 522(1 const) EQUIVALENCES - size 13627 -> 13101
computing interpolant in TO+
TO: 4291 (supp: 1623) - AIG nodes 140123
TO*TO+: 4897 (supp: 1623)
|to:4897|.
   |tr|=19404 |reached|=47164.
*** Trav time: 44.14 s (norm 48.56 s) ***
ring 34 - safe for bound 0
fp chkTime: 0.24 s (norm 0.26 s)
  Aig interpolant inner iteration 34: |from:14869| -> ternary to+: 1203
TO+IMG-cube: 602 (f:14869->13665)
FOUND 524(1 const) EQUIVALENCES - size 13665 -> 13137
computing interpolant in TO+
TO: 4305 (supp: 1623) - AIG nodes 141891
TO*TO+: 4907 (supp: 1623)
|to:4907|.
   |tr|=19404 |reached|=48938.
*** Trav time: 45.51 s (norm 50.06 s) ***
ring 35 - safe for bound 0
fp chkTime: 0.84 s (norm 0.93 s)
  Aig interpolant inner iteration 35: |from:14905| -> ternary to+: 1195
TO+IMG-cube: 598 (f:14905->13709)
FOUND 526(1 const) EQUIVALENCES - size 13709 -> 13179
computing interpolant in TO+
TO: 4302 (supp: 1623) - AIG nodes 143723
TO*TO+: 4900 (supp: 1623)
|to:4900|.
   |tr|=19404 |reached|=50775.
*** Trav time: 47.39 s (norm 52.13 s) ***
ring 36 - safe for bound 0
fp chkTime: 0.14 s (norm 0.15 s)
  Aig interpolant inner iteration 36: |from:14931| -> ternary to+: 1187
TO+IMG-cube: 594 (f:14931->13743)
FOUND 528(1 const) EQUIVALENCES - size 13743 -> 13211
computing interpolant in TO+
TO: 4312 (supp: 1623) - AIG nodes 145496
TO*TO+: 4906 (supp: 1623)
|to:4906|.
   |tr|=19404 |reached|=52559.
*** Trav time: 48.88 s (norm 53.77 s) ***
ring 37 - safe for bound 0
fp chkTime: 0.80 s (norm 0.88 s)
  Aig interpolant inner iteration 37: |from:14963| -> ternary to+: 1179
TO+IMG-cube: 590 (f:14963->13783)
FOUND 530(1 const) EQUIVALENCES - size 13783 -> 13249
computing interpolant in TO+
TO: 4316 (supp: 1623) - AIG nodes 147236
TO*TO+: 4906 (supp: 1623)
|to:4906|.
   |tr|=19404 |reached|=54303.
*** Trav time: 51.16 s (norm 56.28 s) ***
ring 38 - safe for bound 0
fp chkTime: 0.41 s (norm 0.45 s)
  Aig interpolant inner iteration 38: |from:14995| -> ternary to+: 1171
TO+IMG-cube: 586 (f:14995->13823)
FOUND 532(1 const) EQUIVALENCES - size 13823 -> 13287
computing interpolant in TO+
TO: 4317 (supp: 1623) - AIG nodes 149021
TO*TO+: 4903 (supp: 1623)
|to:4903|.
   |tr|=19404 |reached|=56090.
*** Trav time: 52.66 s (norm 57.92 s) ***
ring 39 - safe for bound 0
fp chkTime: 1.02 s (norm 1.13 s)
  Aig interpolant inner iteration 39: |from:15020| -> ternary to+: 1163
TO+IMG-cube: 582 (f:15020->13856)
FOUND 534(1 const) EQUIVALENCES - size 13856 -> 13318
computing interpolant in TO+
TO: 4323 (supp: 1623) - AIG nodes 150755
TO*TO+: 4905 (supp: 1623)
|to:4905|.
   |tr|=19404 |reached|=57837.
*** Trav time: 54.77 s (norm 60.25 s) ***
ring 40 - safe for bound 0
fp chkTime: 0.28 s (norm 0.31 s)
  Aig interpolant inner iteration 40: |from:15056| -> ternary to+: 1155
TO+IMG-cube: 578 (f:15056->13900)
FOUND 536(1 const) EQUIVALENCES - size 13900 -> 13360
computing interpolant in TO+
TO: 4321 (supp: 1623) - AIG nodes 152499
TO*TO+: 4899 (supp: 1623)
|to:4899|.
   |tr|=19404 |reached|=59578.
*** Trav time: 56.50 s (norm 62.15 s) ***
ring 41 - safe for bound 0
fp chkTime: 1.02 s (norm 1.12 s)
  Aig interpolant inner iteration 41: |from:15079| -> ternary to+: 1147
TO+IMG-cube: 574 (f:15079->13931)
FOUND 538(1 const) EQUIVALENCES - size 13931 -> 13389
computing interpolant in TO+
TO: 4327 (supp: 1623) - AIG nodes 154271
TO*TO+: 4901 (supp: 1623)
|to:4901|.
   |tr|=19404 |reached|=61364.
*** Trav time: 59.04 s (norm 64.94 s) ***
ring 42 - safe for bound 0
fp chkTime: 0.31 s (norm 0.34 s)
  Aig interpolant inner iteration 42: |from:15111| -> ternary to+: 1139
TO+IMG-cube: 570 (f:15111->13971)
FOUND 540(1 const) EQUIVALENCES - size 13971 -> 13427
computing interpolant in TO+
TO: 4332 (supp: 1623) - AIG nodes 156013
TO*TO+: 4902 (supp: 1623)
|to:4902|.
   |tr|=19404 |reached|=63107.
*** Trav time: 60.84 s (norm 66.93 s) ***
ring 43 - safe for bound 0
fp chkTime: 0.98 s (norm 1.08 s)
  Aig interpolant inner iteration 43: |from:15139| -> ternary to+: 1131
TO+IMG-cube: 566 (f:15139->14007)
FOUND 542(1 const) EQUIVALENCES - size 14007 -> 13461
computing interpolant in TO+
TO: 4339 (supp: 1623) - AIG nodes 157771
TO*TO+: 4905 (supp: 1623)
|to:4905|.
   |tr|=19404 |reached|=64870.
*** Trav time: 62.97 s (norm 69.26 s) ***
ring 44 - safe for bound 0
fp chkTime: 0.47 s (norm 0.52 s)
  Aig interpolant inner iteration 44: |from:15230| -> ternary to+: 1115
TO+IMG-cube: 558 (f:15230->14114)
FOUND 546(1 const) EQUIVALENCES - size 14114 -> 13564
computing interpolant in TO+
TO: 4344 (supp: 1623) - AIG nodes 159596
TO*TO+: 4902 (supp: 1623)
|to:4902|.
   |tr|=19404 |reached|=66711.
*** Trav time: 64.91 s (norm 71.40 s) ***
ring 45 - safe for bound 0
fp chkTime: 1.00 s (norm 1.10 s)
  Aig interpolant inner iteration 45: |from:15284| -> ternary to+: 1099
TO+IMG-cube: 550 (f:15284->14184)
FOUND 550(1 const) EQUIVALENCES - size 14184 -> 13630
computing interpolant in TO+
TO: 4355 (supp: 1623) - AIG nodes 161612
TO*TO+: 4905 (supp: 1623)
|to:4905|.
   |tr|=19404 |reached|=68725.
*** Trav time: 67.14 s (norm 73.86 s) ***
ring 46 - safe for bound 0
fp chkTime: 0.36 s (norm 0.40 s)
  Aig interpolant inner iteration 46: |from:15329| -> ternary to+: 1091
TO+IMG-cube: 546 (f:15329->14237)
FOUND 552(1 const) EQUIVALENCES - size 14237 -> 13681
computing interpolant in TO+
TO: 4360 (supp: 1623) - AIG nodes 163378
TO*TO+: 4906 (supp: 1623)
|to:4906|.
   |tr|=19404 |reached|=70485.
*** Trav time: 69.10 s (norm 76.01 s) ***
ring 47 - safe for bound 0
fp chkTime: 1.07 s (norm 1.18 s)
  Aig interpolant inner iteration 47: |from:15360| -> ternary to+: 1083
TO+IMG-cube: 542 (f:15360->14276)
FOUND 554(1 const) EQUIVALENCES - size 14276 -> 13718
computing interpolant in TO+
TO: 4362 (supp: 1623) - AIG nodes 165174
TO*TO+: 4904 (supp: 1623)
|to:4904|.
   |tr|=19404 |reached|=72282.
*** Trav time: 71.40 s (norm 78.54 s) ***
ring 48 - safe for bound 0
fp chkTime: 0.34 s (norm 0.37 s)
  Aig interpolant inner iteration 48: |from:15393| -> ternary to+: 1075
TO+IMG-cube: 538 (f:15393->14317)
FOUND 556(1 const) EQUIVALENCES - size 14317 -> 13757
computing interpolant in TO+
TO: 4360 (supp: 1623) - AIG nodes 166897
TO*TO+: 4898 (supp: 1623)
|to:4898|.
   |tr|=19404 |reached|=74020.
*** Trav time: 73.47 s (norm 80.82 s) ***
ring 49 - safe for bound 0
fp chkTime: 1.24 s (norm 1.37 s)
  Aig interpolant inner iteration 49: |from:15416| -> ternary to+: 1067
TO+IMG-cube: 534 (f:15416->14348)
FOUND 558(1 const) EQUIVALENCES - size 14348 -> 13786
computing interpolant in TO+
TO: 4366 (supp: 1623) - AIG nodes 168627
TO*TO+: 4900 (supp: 1623)
|to:4900|.
   |tr|=19404 |reached|=75762.
*** Trav time: 76.59 s (norm 84.25 s) ***
ring 50 - safe for bound 0
fp chkTime: 0.34 s (norm 0.37 s)
  Aig interpolant inner iteration 50: |from:15448| -> ternary to+: 1059
TO+IMG-cube: 530 (f:15448->14388)
FOUND 560(1 const) EQUIVALENCES - size 14388 -> 13824
computing interpolant in TO+
TO: 4376 (supp: 1623) - AIG nodes 170304
TO*TO+: 4906 (supp: 1623)
|to:4906|.
   |tr|=19404 |reached|=77442.
*** Trav time: 78.17 s (norm 85.99 s) ***
ring 51 - safe for bound 0
fp chkTime: 1.29 s (norm 1.42 s)
  Aig interpolant inner iteration 51: |from:15483| -> ternary to+: 1051
TO+IMG-cube: 526 (f:15483->14431)
FOUND 562(1 const) EQUIVALENCES - size 14431 -> 13865
computing interpolant in TO+
TO: 4378 (supp: 1623) - AIG nodes 172089
TO*TO+: 4904 (supp: 1623)
|to:4904|.
   |tr|=19404 |reached|=79220.
*** Trav time: 81.26 s (norm 89.39 s) ***
ring 52 - safe for bound 0
fp chkTime: 0.44 s (norm 0.48 s)
  Aig interpolant inner iteration 52: |from:15678| -> ternary to+: 995
TO+IMG-cube: 498 (f:15678->14682)
FOUND 576(1 const) EQUIVALENCES - size 14682 -> 14102
computing interpolant in TO+
TO: 4406 (supp: 1623) - AIG nodes 174092
TO*TO+: 4904 (supp: 1623)
|to:4904|.
   |tr|=19404 |reached|=81194.
*** Trav time: 83.42 s (norm 91.76 s) ***
ring 53 - safe for bound 0
fp chkTime: 1.76 s (norm 1.94 s)
  Aig interpolant inner iteration 53: |from:15873| -> ternary to+: 939
TO+IMG-cube: 470 (f:15873->14933)
FOUND 590(1 const) EQUIVALENCES - size 14933 -> 14339
computing interpolant in TO+
TO: 4434 (supp: 1623) - AIG nodes 175966
TO*TO+: 4904 (supp: 1623)
|to:4904|.
   |tr|=19404 |reached|=83038.
*** Trav time: 87.01 s (norm 95.71 s) ***
ring 54 - safe for bound 0
fp chkTime: 0.40 s (norm 0.44 s)
  Aig interpolant inner iteration 54: |from:16118| -> ternary to+: 915
TO+IMG-cube: 458 (f:16118->15202)
FOUND 596(1 const) EQUIVALENCES - size 15202 -> 14602
computing interpolant in TO+
TO: 4443 (supp: 1623) - AIG nodes 177907
TO*TO+: 4901 (supp: 1623)
|to:4901|.
   |tr|=19404 |reached|=84971.
*** Trav time: 89.31 s (norm 98.24 s) ***
ring 55 - safe for bound 0
fp chkTime: 1.53 s (norm 1.68 s)
  Aig interpolant inner iteration 55: |from:16195| -> ternary to+: 895
TO+IMG-cube: 448 (f:16195->15299)
FOUND 600(1 const) EQUIVALENCES - size 15299 -> 14695
computing interpolant in TO+
TO: 4451 (supp: 1623) - AIG nodes 179822
TO*TO+: 4899 (supp: 1623)
|to:4899|.
   |tr|=19404 |reached|=86887.
*** Trav time: 92.82 s (norm 102.11 s) ***
ring 56 - safe for bound 0
fp chkTime: 0.43 s (norm 0.47 s)
  Aig interpolant inner iteration 56: |from:17415| -> ternary to+: 739
TO+IMG-cube: 370 (f:17415->16675)
FOUND 639(1 const) EQUIVALENCES - size 16675 -> 16032
computing interpolant in TO+
TO: 4534 (supp: 1623) - AIG nodes 181803
TO*TO+: 4904 (supp: 1623)
|to:4904|.
   |tr|=19404 |reached|=88764.
*** Trav time: 95.51 s (norm 105.06 s) ***
ring 57 - safe for bound 0
fp chkTime: 2.01 s (norm 2.21 s)
  Aig interpolant inner iteration 57: |from:17969| -> ternary to+: 583
TO+IMG-cube: 292 (f:17969->17385)
FOUND 678(1 const) EQUIVALENCES - size 17385 -> 16703
computing interpolant in TO+
TO: 4606 (supp: 1623) - AIG nodes 183724
TO*TO+: 4898 (supp: 1623)
|to:4898|.
   |tr|=19404 |reached|=90564.
*** Trav time: 99.87 s (norm 109.86 s) ***
ring 58 - safe for bound 0
fp chkTime: 1.62 s (norm 1.79 s)
  Aig interpolant inner iteration 58: |from:18459| -> ternary to+: 579
TO+IMG-cube: 290 (f:18459->17879)
FOUND 679(1 const) EQUIVALENCES - size 17879 -> 17196
computing interpolant in TO+
TO: 4608 (supp: 1623) - AIG nodes 185227
TO*TO+: 4898 (supp: 1623)
|to:4898|.
   |tr|=19404 |reached|=92104.
*** Trav time: 103.40 s (norm 113.74 s) ***
ring 59 - safe for bound 0
fp chkTime: 2.11 s (norm 2.32 s)
  Aig interpolant inner iteration 59: |from:18477| -> ternary to+: 575
TO+IMG-cube: 288 (f:18477->17901)
FOUND 680(1 const) EQUIVALENCES - size 17901 -> 17217
computing interpolant in TO+
TO: 4615 (supp: 1623) - AIG nodes 186644
TO*TO+: 4903 (supp: 1623)
|to:4903|.
   |tr|=19404 |reached|=93545.
*** Trav time: 107.90 s (norm 118.69 s) ***
ring 60 - safe for bound 0
fp chkTime: 2.15 s (norm 2.36 s)
  Aig interpolant inner iteration 60: |from:18763| -> ternary to+: 567
TO+IMG-cube: 284 (f:18763->18195)
FOUND 682(1 const) EQUIVALENCES - size 18195 -> 17509
computing interpolant in TO+
TO: 4612 (supp: 1623) - AIG nodes 188080
TO*TO+: 4896 (supp: 1623)
|to:4896|.
   |tr|=19404 |reached|=94992.
*** Trav time: 111.82 s (norm 123.00 s) ***
ring 61 - safe for bound 0
fp chkTime: 3.26 s (norm 3.59 s)
  Aig interpolant inner iteration 61: |from:18784| -> ternary to+: 559
TO+IMG-cube: 280 (f:18784->18224)
FOUND 684(1 const) EQUIVALENCES - size 18224 -> 17536
computing interpolant in TO+
TO: 4614 (supp: 1623) - AIG nodes 189573
TO*TO+: 4894 (supp: 1623)
|to:4894|.
   |tr|=19404 |reached|=96505.
*** Trav time: 116.98 s (norm 128.68 s) ***
ring 62 - safe for bound 0
fp chkTime: 0.40 s (norm 0.44 s)
  Aig interpolant inner iteration 62: |from:18838| -> ternary to+: 547
TO+IMG-cube: 274 (f:18838->18290)
FOUND 689(1 const) EQUIVALENCES - size 18290 -> 17591
computing interpolant in TO+
TO: 4633 (supp: 1623) - AIG nodes 191196
TO*TO+: 4907 (supp: 1623)
|to:4907|.
   |tr|=19404 |reached|=98131.
*** Trav time: 119.19 s (norm 131.11 s) ***
ring 63 - safe for bound 0
fp chkTime: 0.45 s (norm 0.49 s)
  Aig interpolant inner iteration 63: |from:18898| -> ternary to+: 535
TO+IMG-cube: 268 (f:18898->18362)
FOUND 694(1 const) EQUIVALENCES - size 18362 -> 17664
computing interpolant in TO+
TO: 4646 (supp: 1623) - AIG nodes 192826
TO*TO+: 4914 (supp: 1623)
|to:4914|.
   |tr|=19404 |reached|=99741.
*** Trav time: 122.16 s (norm 134.37 s) ***
ring 64 - safe for bound 0
fp chkTime: 0.57 s (norm 0.63 s)
  Aig interpolant inner iteration 64: |from:20011| -> ternary to+: 287
TO+IMG-cube: 144 (f:20011->19723)
FOUND 756(1 const) EQUIVALENCES - size 19723 -> 18963
computing interpolant in TO+
TO: 4773 (supp: 1623) - AIG nodes 194554
TO*TO+: 4917 (supp: 1623)
|to:4917|.
   |tr|=19404 |reached|=101287.
*** Trav time: 125.66 s (norm 138.22 s) ***
ring 65 - safe for bound 0
fp chkTime: 0.27 s (norm 0.30 s)
  Aig interpolant inner iteration 65: |from:20882| -> ternary to+: 39
TO+IMG-cube: 20 (f:20882->20842)
FOUND 818(1 const) EQUIVALENCES - size 20842 -> 20020
computing interpolant in TO+
TO: 4896 (supp: 1623) - AIG nodes 196223
TO*TO+: 4916 (supp: 1623)
|to:4916|.
   |tr|=19404 |reached|=102783.
*** Trav time: 128.37 s (norm 141.21 s) ***
ring 66 - safe for bound 0
fp chkTime: 0.71 s (norm 0.78 s)
  Aig interpolant inner iteration 66: |from:22545| -> ternary to+: 27
TO+IMG-cube: 14 (f:22545->22517)
FOUND 819(1 const) EQUIVALENCES - size 22517 -> 21694
computing interpolant in TO+
TO: 4888 (supp: 1619) - AIG nodes 197600
TO*TO+: 4902 (supp: 1619)
|to:4902|.
   |tr|=19404 |reached|=104199.
*** Trav time: 132.23 s (norm 145.45 s) ***
ring 67 - safe for bound 0
fp chkTime: 4.16 s (norm 4.58 s)
  Aig interpolant inner iteration 67: |from:22577| -> ternary to+: 15
TO+IMG-cube: 8 (f:22577->22561)
FOUND 820(1 const) EQUIVALENCES - size 22561 -> 21737
computing interpolant in TO+
TO: 4884 (supp: 1615) - AIG nodes 198895
TO*TO+: 4892 (supp: 1615)
|to:4892|.
   |tr|=19404 |reached|=105519.
*** Trav time: 139.27 s (norm 153.20 s) ***
ring 68 - safe for bound 0
fp chkTime: 1.19 s (norm 1.31 s)
  Aig interpolant inner iteration 68: |from:22620| -> ternary to+: 9
TO+IMG-cube: 5 (f:22620->22610)
FOUND 819(1 const) EQUIVALENCES - size 22610 -> 21787
computing interpolant in TO+
TO: 4870 (supp: 1610) - AIG nodes 200210
TO*TO+: 4875 (supp: 1610)
|to:4875|.
   |tr|=19404 |reached|=106863.
*** Trav time: 144.36 s (norm 158.79 s) ***
ring 69 - safe for bound 0
fp chkTime: 3.79 s (norm 4.17 s)
  Aig interpolant inner iteration 69: |from:22631| -> ternary to+: 3
TO+IMG-cube: 2 (f:22631->22627)
FOUND 818(1 const) EQUIVALENCES - size 22627 -> 21805
computing interpolant in TO+
TO: 4859 (supp: 1605) - AIG nodes 201434
TO*TO+: 4859 (supp: 1605)
|to:4859|.
   |tr|=19404 |reached|=108098.
*** Trav time: 150.97 s (norm 166.06 s) ***
ring 70 - safe for bound 0
fp chkTime: 2.44 s (norm 2.69 s)
  Aig interpolant inner iteration 70: |from:22649| -> ternary to+: 3
TO+IMG-cube: 2 (f:22649->22645)
FOUND 813(1 const) EQUIVALENCES - size 22645 -> 21828
computing interpolant in TO+
TO: 4832 (supp: 1595) - AIG nodes 202792
TO*TO+: 4832 (supp: 1595)
|to:4832|.
   |tr|=19404 |reached|=109470.
*** Trav time: 156.34 s (norm 171.98 s) ***
ring 71 - safe for bound 0
fp chkTime: 4.01 s (norm 4.41 s)
  Aig interpolant inner iteration 71: |from:22632| -> ternary to+: 3
TO+IMG-cube: 2 (f:22632->22628)
FOUND 808(1 const) EQUIVALENCES - size 22628 -> 21816
computing interpolant in TO+
TO: 4799 (supp: 1585) - AIG nodes 203911
TO*TO+: 4799 (supp: 1585)
|to:4799|.
   |tr|=19404 |reached|=110628.
*** Trav time: 164.46 s (norm 180.90 s) ***
ring 72 - safe for bound 0
fp chkTime: 1.12 s (norm 1.23 s)
  Aig interpolant inner iteration 72: |from:22608| -> ternary to+: 3
TO+IMG-cube: 2 (f:22608->22604)
FOUND 682(1 const) EQUIVALENCES - size 22604 -> 21918
computing interpolant in TO+
TO: 4039 (supp: 1333) - AIG nodes 205110
TO*TO+: 4039 (supp: 1333)
|to:4039|.
   |tr|=19404 |reached|=111659.
*** Trav time: 168.59 s (norm 185.45 s) ***
ring 73 - safe for bound 0
fp chkTime: 3.26 s (norm 3.59 s)
  Aig interpolant inner iteration 73: |from:22101| -> ternary to+: 3
TO+IMG-cube: 2 (f:22101->22097)
FOUND 556(1 const) EQUIVALENCES - size 22097 -> 21537
computing interpolant in TO+
TO: 3285 (supp: 1081) - AIG nodes 205484
TO*TO+: 3285 (supp: 1081)
|to:3285|.
   |tr|=19404 |reached|=112537.
*** Trav time: 174.95 s (norm 192.45 s) ***
ring 74 - safe for bound 0
fp chkTime: 0.30 s (norm 0.32 s)
  Aig interpolant inner iteration 74: |from:21598| -> ternary to+: 3
TO+IMG-cube: 2 (f:21598->21594)
FOUND 475(1 const) EQUIVALENCES - size 21594 -> 21115
computing interpolant in TO+
TO: 2800 (supp: 919) - AIG nodes 205669
TO*TO+: 2800 (supp: 919)
|to:2800|.
   |tr|=19404 |reached|=113302.
*** Trav time: 177.92 s (norm 195.71 s) ***
ring 75 - safe for bound 0
fp chkTime: 1.44 s (norm 1.58 s)
  Aig interpolant inner iteration 75: |from:21274| -> ternary to+: 3
TO+IMG-cube: 2 (f:21274->21270)
FOUND 394(1 const) EQUIVALENCES - size 21270 -> 20872
computing interpolant in TO+
TO: 2316 (supp: 757) - AIG nodes 206015
TO*TO+: 2316 (supp: 757)
|to:2316|.
   |tr|=19404 |reached|=113984.
*** Trav time: 181.83 s (norm 200.02 s) ***
ring 76 - safe for bound 0
fp chkTime: 0.29 s (norm 0.32 s)
  Aig interpolant inner iteration 76: |from:20955| -> ternary to+: 3
TO+IMG-cube: 2 (f:20955->20951)
FOUND 254(0 const) EQUIVALENCES - size 20951 -> 20696
Inner loop REACHES back cone.

try ITP ref. # 1/16 - cone/constr 0 of size: 3 - ring: 76 (rl: 0)
ITP ref. chk[76] - cone sz: 2333 - fwd ring: 2316
ITP ref. chk[75] - cone sz: 2827 - fwd ring: 2800
ITP ref. chk[74] - cone sz: 3335 - fwd ring: 3285
RING CONSTR: [74]&3285
ITP ref. chk[73] - cone sz: 5619 - fwd ring: 4039
RING CONSTR: [73]&4039
ITP ref. chk[72] - cone sz: 6405 - fwd ring: 4799
RING CONSTR: [72]&4799
ITP ref. chk[71] - cone sz: 6490 - fwd ring: 4832
RING CONSTR: [72]&4799
ITP ref. chk[70] - cone sz: 9535 - fwd ring: 4859
RING CONSTR: [71]&4832
ITP ref. chk[69] - cone sz: 9620 - fwd ring: 4875
RING CONSTR: [70]&4859
ITP ref. chk[68] - cone sz: 9776 - fwd ring: 4892
RING CONSTR: [70]&4859
ITP ref. chk[67] - cone sz: 20093 - fwd ring: 4902
RING CONSTR: [69]&4875
ITP ref. chk[66] - cone sz: 20253 - fwd ring: 4916
refinement possible at level 66

Interpolant FINITE RUN: cone=3, care=0.
fp chkTime: 0.90 s (norm 1.00 s)
  Aig interpolant inner iteration 66: |from:22545| -> previous ring 67 - safe for bound 0
ring cone (e) - generated part[66/77] of size: 5536 - bound: 10
DYN ABSTR (M22) KEPT 18/790 vars (time: 0.01 s (norm 0.01 s))
ITP (|A|=4116,|B|=5537)
ITP time limit: 10000
Solver stats: 9635/10090 vars/clauses (elim v/cl:0/0)
Solver stats: 18194/77582/1731 dec./prop./confl.
Solver stats: time = 0.01 s (norm 0.01 s)
Solver Validation time = 0.00 s (norm 0.00 s) - prop:124236
Solver Replay time = 0.00 s (norm 0.00 s) - prop: 167785
computing interpolant from refutation proof of size 2008 (AIG nodes: 325964)
RES PROOF REMOVED 24 redundant  literals
RES PROOF RECYCL PIV. REMOVED 2338 resolutions
RESTRUCT PROOF REMOVED 33 redundant resolutions
RES PROOF PROCESSED: 858 A, 1351 B, 1275 resA, 1161 resB, 72 res (tot: 4717)
RES PROOF has 534 core and 4183 out of core nodes
RES PROOF compacted from 4717 to 534 nodes
RES PROOF SWAPPED 23 resolution vars
resB: 0
GET PROOF 209 A (0 resA) - 253 B (0 resB) - 72 res - 0 red
RES PROOF (noop) MOVED from (A:0+B:0) 0 B->A: 0 resA, 0 resB, 72 res, 0 redundant (red root: 0)
resB: 0
GET PROOF 209 A (0 resA) - 253 B (0 resB) - 72 res - 0 red
# A cl: 209/462
ITP proof core: (root: 464,0 + chain: 70 (res: 1449) - ref2: 42) / tot:536
ITP proof remapped roots: 21 - eq nodes: 19 - tot: 72
ROOT stats - zero: 190 - one: 253 - lit: 19 - clause: 0
ITP proof core: (root: 21,0 + chain: 51 (res: 138) - ref2: 29) / tot:72
ITP proof red Simpl (impl: 0): 0
ITP proof core: (root: 21,0 + chain: 51 (res: 138) - ref2: 29) / tot:72
ITP proof remapped roots: 28 - eq nodes: 0 - tot: 73
ROOT stats - zero: 0 - one: 0 - lit: 19 - clause: 0
ITP proof core: (root: 28,0 + chain: 45 (res: 127) - ref2: 26) / tot:73
ITP proof dupv: 0 [impl: 0] - implNodes: 0
ITP proof core: (root: 28,0 + chain: 45 (res: 127) - ref2: 26) / tot:73
ITP proof remapped roots: 30 - eq nodes: 1 - tot: 71
ROOT stats - zero: 0 - one: 0 - lit: 19 - clause: 7
ITP proof core: (root: 28,0 + chain: 41 (res: 114) - ref2: 23) / tot:71
ITP proof dupv: 0 - implNodesOdc: 4
ITP proof core: (root: 28,0 + chain: 41 (res: 110) - ref2: 23) / tot:71
ITP proof dupv: 0 [impl: 0] - implNodes: 0
STRUCT ODC[AND:7]: 101 -> 87
TOT NNF SIMPL: 87 -> (abcBal: 81) -> 81 (1 iterations)
RERUN PARTIAL ITP SIZE: 81 - 0 auxv used

Solver RERUN1 with partial itp time = 0.00 s (norm 0.00 s))
Solver RERUN1 stats: 9635/462 vars/clauses
RERUN1 proof has size size 85
Solver RERUN1 stats: 13352/14884/54 dec./prop./confl.

CHECK Solver Validation time = 0.00 s (norm 0.00 s))
RERUN Solver Replay time = 0.00 s (norm 0.00 s))
RERUN Solver res: 421 - resolvents: 109
# A cl: 113/293
ITP proof core: (root: 294,1 + chain: 73 (res: 626) - ref2: 34) / tot:382
ITP proof remapped roots: 14 - eq nodes: 37 - tot: 50
ROOT stats - zero: 101 - one: 179 - lit: 12 - clause: 0
ITP proof core: (root: 14,0 + chain: 36 (res: 121) - ref2: 18) / tot:50
ITP proof red Simpl (impl: 0): 0
ITP proof core: (root: 14,0 + chain: 36 (res: 121) - ref2: 18) / tot:50
ITP proof remapped roots: 17 - eq nodes: 17 - tot: 35
ROOT stats - zero: 0 - one: 0 - lit: 12 - clause: 0
ITP proof core: (root: 15,0 + chain: 18 (res: 97) - ref2: 10) / tot:35
ITP proof dupv: 0 [impl: 0] - implNodes: 0
ITP proof core: (root: 15,0 + chain: 18 (res: 97) - ref2: 10) / tot:35
ITP proof remapped roots: 17 - eq nodes: 0 - tot: 33
ROOT stats - zero: 0 - one: 0 - lit: 11 - clause: 2
ITP proof core: (root: 14,0 + chain: 16 (res: 93) - ref2: 8) / tot:33
ITP proof dupv: 0 - implNodesOdc: 56
ITP proof core: (root: 14,0 + chain: 16 (res: 37) - ref2: 8) / tot:33
ITP proof dupv: 0 [impl: 0] - implNodes: 0
STRUCT ODC[AND:5]: 37 -> 34
TOT NNF SIMPL: 34 -> (abcBal: 30) -> 31 (1 iterations)
RERUN PARTIAL ITP2 SIZE: 31

NNF PBA Solver time = 0.00 s (norm 0.00 s))
NNF PBA Solver stats: 13699/15060/47 dec./prop./confl.
NNF PBA Solver Validation time = 0.00 s (norm 0.00 s))
# AIG core -> gates: 21 / 36 (maxCut: 0)
NNF PBA size: 31 -> 16
# A cl: 209/462
interpolant OPT: 0 (0,0)
interpolant AUXV: 0 - AIG nodes 325989
itp stats: clause terms/a/o/ao -> 57/0/0/57 - A nodes: 0 (and->or): 32766
itp opt: 16 -> 16
3/3 (r:0) INDUCTIVE components found in TO+ (size: 16)
TO: 16 (supp: 5) - AIG nodes 325989
TO*TO+: 16 (supp: 5)
|to:16|.
|to&oldTo:4918|.
   |tr|=19404 |reached|=131014.
*** Trav time: 187.17 s (norm 205.88 s) ***
ring 67 - safe for bound 10
  Reusing SAME CONE ring
fp chkTime: 5.59 s (norm 6.15 s)
  Aig interpolant inner iteration 67: |from:22589| -> previous ring 68 - safe for bound 0
min/avg/max red id: 16/17/18
FOUND 2 const REDUNDANCIES
red size: 10 - F size 19 -> 19
ring cone (e) - generated part[67/78] of size: 5576 - bound: 10
DYN ABSTR (M22) KEPT 10/795 vars (time: 0.00 s (norm 0.00 s))
computing interpolant in TO+
ITP (|A|=4017,|B|=5586)
ITP time limit: 10000
Solver stats: 9593/9902 vars/clauses (elim v/cl:0/0)
Solver stats: 3384/28885/471 dec./prop./confl.
Solver stats: time = 0.00 s (norm 0.00 s)
Solver Validation time = 0.00 s (norm 0.00 s) - prop:44456
Solver Replay time = 0.00 s (norm 0.00 s) - prop: 55777
computing interpolant from refutation proof of size 644 (AIG nodes: 326074)
RES PROOF REMOVED 18 redundant  literals
RES PROOF RECYCL PIV. REMOVED 150 resolutions
RESTRUCT PROOF REMOVED 24 redundant resolutions
RES PROOF PROCESSED: 89 A, 1480 B, 2 resA, 1236 resB, 141 res (tot: 2948)
RES PROOF has 680 core and 2268 out of core nodes
RES PROOF compacted from 2948 to 679 nodes
RES PROOF SWAPPED 10 resolution vars
resB: 0
GET PROOF 89 A (0 resA) - 450 B (0 resB) - 140 res - 0 red
RES PROOF (noop) MOVED from (A:0+B:0) 0 B->A: 0 resA, 0 resB, 140 res, 0 redundant (red root: 0)
resB: 0
GET PROOF 89 A (0 resA) - 450 B (0 resB) - 140 res - 0 red
# A cl: 89/539
ITP proof core: (root: 539,2 + chain: 129 (res: 2236) - ref2: 72) / tot:681
ITP proof remapped roots: 20 - eq nodes: 43 - tot: 106
ROOT stats - zero: 71 - one: 448 - lit: 18 - clause: 0
ITP proof core: (root: 20,0 + chain: 86 (res: 271) - ref2: 47) / tot:106
ITP proof red Simpl (impl: 0): 0
ITP proof core: (root: 20,0 + chain: 86 (res: 271) - ref2: 47) / tot:106
ITP proof remapped roots: 23 - eq nodes: 3 - tot: 104
ROOT stats - zero: 0 - one: 0 - lit: 18 - clause: 0
ITP proof core: (root: 22,0 + chain: 81 (res: 256) - ref2: 44) / tot:104
ITP proof dupv: 0 [impl: 0] - implNodes: 0
ITP proof core: (root: 22,0 + chain: 81 (res: 256) - ref2: 44) / tot:104
ITP proof remapped roots: 23 - eq nodes: 0 - tot: 103
ROOT stats - zero: 0 - one: 0 - lit: 17 - clause: 3
ITP proof core: (root: 23,0 + chain: 80 (res: 254) - ref2: 44) / tot:103
ITP proof dupv: 0 - implNodesOdc: 21
ITP proof core: (root: 23,0 + chain: 80 (res: 233) - ref2: 44) / tot:103
ITP proof dupv: 0 [impl: 0] - implNodes: 0
STRUCT ODC[AND:17]: 169 -> 131
TOT NNF SIMPL: 131 -> (abcBal: 119) -> 115 (1 iterations)
RERUN PARTIAL ITP SIZE: 115 - 0 auxv used

Solver RERUN1 with partial itp time = 0.00 s (norm 0.00 s))
Solver RERUN1 stats: 9593/539 vars/clauses
RERUN1 proof has size size 194
Solver RERUN1 stats: 9471/13484/157 dec./prop./confl.

CHECK Solver Validation time = 0.00 s (norm 0.00 s))
RERUN Solver Replay time = 0.00 s (norm 0.00 s))
RERUN Solver res: 578 - resolvents: 180
# A cl: 87/357
ITP proof core: (root: 359,0 + chain: 93 (res: 1310) - ref2: 65) / tot:467
ITP proof remapped roots: 20 - eq nodes: 28 - tot: 85
ROOT stats - zero: 69 - one: 270 - lit: 18 - clause: 0
ITP proof core: (root: 20,0 + chain: 65 (res: 182) - ref2: 48) / tot:85
ITP proof red Simpl (impl: 0): 0
ITP proof core: (root: 20,0 + chain: 65 (res: 182) - ref2: 48) / tot:85
ITP proof remapped roots: 26 - eq nodes: 4 - tot: 85
ROOT stats - zero: 0 - one: 0 - lit: 18 - clause: 0
ITP proof core: (root: 25,0 + chain: 59 (res: 168) - ref2: 43) / tot:85
ITP proof dupv: 0 [impl: 0] - implNodes: 0
ITP proof core: (root: 25,0 + chain: 59 (res: 168) - ref2: 43) / tot:85
ITP proof remapped roots: 25 - eq nodes: 0 - tot: 84
ROOT stats - zero: 0 - one: 0 - lit: 17 - clause: 6
ITP proof core: (root: 25,0 + chain: 59 (res: 168) - ref2: 43) / tot:84
ITP proof dupv: 0 - implNodesOdc: 11
ITP proof core: (root: 25,0 + chain: 59 (res: 157) - ref2: 43) / tot:84
ITP proof dupv: 0 [impl: 0] - implNodes: 0
STRUCT ODC[AND:16]: 126 -> 97
TOT NNF SIMPL: 97 -> (abcBal: 81) -> 76 (1 iterations)
RERUN PARTIAL ITP2 SIZE: 76

NNF PBA Solver time = 0.00 s (norm 0.00 s))
NNF PBA Solver stats: 67/1407/51 dec./prop./confl.
NNF PBA Solver Validation time = 0.00 s (norm 0.00 s))
# AIG core -> gates: 50 / 86 (maxCut: 0)
NNF PBA size: 76 -> 45
# A cl: 89/539
interpolant OPT: 0 (0,0)
interpolant AUXV: 0 - AIG nodes 326114
itp stats: clause terms/a/o/ao -> 139/0/0/139 - A nodes: 0 (and->or): 32766
itp opt: 45 -> 45
5/7 (r:2) INDUCTIVE components found in TO+ (size: 37)
|to simplify: 45->37|.
TO: 37 (supp: 9) - AIG nodes 326105
TO*TO+: 47 (supp: 13)
|to:47|.
|to&oldTo:4935|.
   |tr|=19404 |reached|=132367.
*** Trav time: 195.56 s (norm 215.12 s) ***
ring 68 - safe for bound 10
  Reusing SAME CONE ring
fp chkTime: 6.66 s (norm 7.33 s)
  Aig interpolant inner iteration 68: |from:22653| -> previous ring 69 - safe for bound 0
FOUND 2(0 const) EQUIVALENCES - size 21820 -> 21818
min/avg/max red id: 23/27/31
FOUND 2 const REDUNDANCIES
red size: 11 - F size 45 -> 45
ring cone (e) - generated part[68/79] of size: 5617 - bound: 10
DYN ABSTR (M22) KEPT 22/797 vars (time: 0.01 s (norm 0.01 s))
computing interpolant in TO+
ITP (|A|=4213,|B|=5596)
ITP time limit: 10000
Solver stats: 9787/10365 vars/clauses (elim v/cl:0/0)
Solver stats: 15604/64130/1030 dec./prop./confl.
Solver stats: time = 0.01 s (norm 0.01 s)
Solver Validation time = 0.00 s (norm 0.00 s) - prop:90235
Solver Replay time = 0.00 s (norm 0.00 s) - prop: 110676
computing interpolant from refutation proof of size 1119 (AIG nodes: 326196)
RES PROOF REMOVED 24 redundant  literals
RES PROOF RECYCL PIV. REMOVED 480 resolutions
RESTRUCT PROOF REMOVED 46 redundant resolutions
RES PROOF PROCESSED: 937 A, 1531 B, 371 resA, 1337 resB, 129 res (tot: 4305)
RES PROOF has 897 core and 3408 out of core nodes
RES PROOF compacted from 4305 to 896 nodes
RES PROOF SWAPPED 22 resolution vars
resB: 0
GET PROOF 333 A (0 resA) - 435 B (0 resB) - 128 res - 0 red
RES PROOF (noop) MOVED from (A:0+B:0) 0 B->A: 0 resA, 0 resB, 128 res, 0 redundant (red root: 0)
resB: 0
GET PROOF 333 A (0 resA) - 435 B (0 resB) - 128 res - 0 red
# A cl: 333/768
ITP proof core: (root: 767,3 + chain: 112 (res: 2179) - ref2: 72) / tot:898
ITP proof remapped roots: 32 - eq nodes: 36 - tot: 108
ROOT stats - zero: 303 - one: 432 - lit: 30 - clause: 0
ITP proof core: (root: 32,0 + chain: 76 (res: 228) - ref2: 52) / tot:108
ITP proof red Simpl (impl: 0): 0
ITP proof core: (root: 32,0 + chain: 76 (res: 228) - ref2: 52) / tot:108
ITP proof remapped roots: 44 - eq nodes: 8 - tot: 103
ROOT stats - zero: 0 - one: 0 - lit: 30 - clause: 0
ITP proof core: (root: 39,0 + chain: 59 (res: 192) - ref2: 40) / tot:103
ITP proof dupv: 0 [impl: 0] - implNodes: 0
ITP proof core: (root: 39,0 + chain: 59 (res: 192) - ref2: 40) / tot:103
ITP proof remapped roots: 39 - eq nodes: 0 - tot: 98
ROOT stats - zero: 0 - one: 0 - lit: 25 - clause: 12
ITP proof core: (root: 38,0 + chain: 59 (res: 191) - ref2: 40) / tot:98
ITP proof dupv: 0 - implNodesOdc: 13
ITP proof core: (root: 38,0 + chain: 59 (res: 178) - ref2: 40) / tot:98
ITP proof dupv: 0 [impl: 0] - implNodes: 0
STRUCT ODC[AND:6]: 155 -> 149
TOT NNF SIMPL: 149 -> (abcBal: 117) -> 115 (1 iterations)
RERUN PARTIAL ITP SIZE: 115 - 0 auxv used

Solver RERUN1 with partial itp time = 0.00 s (norm 0.00 s))
Solver RERUN1 stats: 9787/768 vars/clauses
RERUN1 proof has size size 171
Solver RERUN1 stats: 13940/19050/171 dec./prop./confl.

CHECK Solver Validation time = 0.00 s (norm 0.00 s))
RERUN Solver Replay time = 0.00 s (norm 0.00 s))
RERUN Solver res: 562 - resolvents: 122
# A cl: 119/266
ITP proof core: (root: 266,2 + chain: 46 (res: 715) - ref2: 31) / tot:318
ITP proof remapped roots: 16 - eq nodes: 16 - tot: 46
ROOT stats - zero: 105 - one: 145 - lit: 14 - clause: 0
ITP proof core: (root: 16,0 + chain: 30 (res: 98) - ref2: 24) / tot:46
ITP proof red Simpl (impl: 0): 0
ITP proof core: (root: 16,0 + chain: 30 (res: 98) - ref2: 24) / tot:46
ITP proof remapped roots: 18 - eq nodes: 5 - tot: 43
ROOT stats - zero: 0 - one: 0 - lit: 14 - clause: 0
ITP proof core: (root: 18,0 + chain: 25 (res: 80) - ref2: 19) / tot:43
ITP proof dupv: 0 [impl: 0] - implNodes: 0
ITP proof core: (root: 18,0 + chain: 25 (res: 80) - ref2: 19) / tot:43
ITP proof remapped roots: 18 - eq nodes: 0 - tot: 43
ROOT stats - zero: 0 - one: 0 - lit: 14 - clause: 2
ITP proof core: (root: 18,0 + chain: 25 (res: 80) - ref2: 19) / tot:43
ITP proof dupv: 0 - implNodesOdc: 0
ITP proof core: (root: 18,0 + chain: 25 (res: 80) - ref2: 19) / tot:43
ITP proof dupv: 0 [impl: 0] - implNodes: 0
STRUCT ODC[AND:5]: 68 -> 68
TOT NNF SIMPL: 68 -> (abcBal: 58) -> 58 (1 iterations)
RERUN PARTIAL ITP2 SIZE: 58

NNF PBA Solver time = 0.00 s (norm 0.00 s))
NNF PBA Solver stats: 18364/20568/90 dec./prop./confl.
NNF PBA Solver Validation time = 0.00 s (norm 0.00 s))
# AIG core -> gates: 41 / 67 (maxCut: 0)
NNF PBA size: 58 -> 34
# A cl: 333/768
interpolant OPT: 0 (0,0)
interpolant AUXV: 0 - AIG nodes 326222
itp stats: clause terms/a/o/ao -> 84/0/0/84 - A nodes: 0 (and->or): 32766
itp opt: 34 -> 34
2/3 (r:1) INDUCTIVE components found in TO+ (size: 30)
|to simplify: 34->30|.
TO: 30 (supp: 7) - AIG nodes 326217
TO*TO+: 52 (supp: 15)
|to:52|.
|to&oldTo:4926|.
   |tr|=19404 |reached|=133732.
*** Trav time: 204.86 s (norm 225.35 s) ***
ring 69 - safe for bound 10
  Reusing SAME CONE ring
fp chkTime: 5.68 s (norm 6.24 s)
  Aig interpolant inner iteration 69: |from:22667| -> previous ring 70 - safe for bound 0
FOUND 4(0 const) EQUIVALENCES - size 21841 -> 21837
min/avg/max red id: 31/35/38
FOUND 3 const REDUNDANCIES
red size: 36 - F size 39 -> 39
ring cone (e) - generated part[69/80] of size: 5655 - bound: 10
DYN ABSTR (M22) KEPT 17/799 vars (time: 0.00 s (norm 0.00 s))
computing interpolant in TO+
ITP (|A|=3734,|B|=5628)
ITP time limit: 10000
Solver stats: 9345/9525 vars/clauses (elim v/cl:0/0)
Solver stats: 4421/32548/455 dec./prop./confl.
Solver stats: time = 0.00 s (norm 0.00 s)
Solver Validation time = 0.00 s (norm 0.00 s) - prop:50719
Solver Replay time = 0.00 s (norm 0.00 s) - prop: 63806
computing interpolant from refutation proof of size 541 (AIG nodes: 326281)
RES PROOF REMOVED 27 redundant  literals
RES PROOF RECYCL PIV. REMOVED 192 resolutions
RESTRUCT PROOF REMOVED 18 redundant resolutions
RES PROOF PROCESSED: 111 A, 1512 B, 2 resA, 1138 resB, 288 res (tot: 3051)
RES PROOF has 1001 core and 2050 out of core nodes
RES PROOF compacted from 3051 to 999 nodes
RES PROOF SWAPPED 2 resolution vars
resB: 0
GET PROOF 109 A (0 resA) - 604 B (0 resB) - 286 res - 0 red
RES PROOF (noop) MOVED from (A:0+B:0) 0 B->A: 0 resA, 0 resB, 286 res, 0 redundant (red root: 0)
resB: 0
GET PROOF 109 A (0 resA) - 604 B (0 resB) - 286 res - 0 red
# A cl: 109/713
ITP proof core: (root: 675,40 + chain: 207 (res: 2846) - ref2: 116) / tot:1001
ITP proof remapped roots: 18 - eq nodes: 87 - tot: 138
ROOT stats - zero: 88 - one: 569 - lit: 16 - clause: 0
ITP proof core: (root: 18,0 + chain: 120 (res: 333) - ref2: 72) / tot:138
ITP proof red Simpl (impl: 0): 0
ITP proof core: (root: 18,0 + chain: 120 (res: 333) - ref2: 72) / tot:138
ITP proof remapped roots: 23 - eq nodes: 13 - tot: 125
ROOT stats - zero: 0 - one: 0 - lit: 16 - clause: 0
ITP proof core: (root: 19,0 + chain: 102 (res: 292) - ref2: 64) / tot:125
ITP proof dupv: 0 [impl: 0] - implNodes: 0
ITP proof core: (root: 19,0 + chain: 102 (res: 292) - ref2: 64) / tot:125
ITP proof remapped roots: 20 - eq nodes: 4 - tot: 114
ROOT stats - zero: 0 - one: 0 - lit: 12 - clause: 5
ITP proof core: (root: 20,0 + chain: 94 (res: 283) - ref2: 58) / tot:114
ITP proof dupv: 0 - implNodesOdc: 60
ITP proof core: (root: 20,0 + chain: 94 (res: 223) - ref2: 58) / tot:114
ITP proof dupv: 0 [impl: 0] - implNodes: 0
STRUCT ODC[AND:10]: 142 -> 45
TOT NNF SIMPL: 45 -> (abcBal: 36) -> 35 (1 iterations)
RERUN PARTIAL ITP SIZE: 35 - 0 auxv used

Solver RERUN1 with partial itp time = 0.00 s (norm 0.00 s))
Solver RERUN1 stats: 9345/713 vars/clauses
RERUN1 proof has size size 287
Solver RERUN1 stats: 7529/14590/220 dec./prop./confl.

CHECK Solver Validation time = 0.00 s (norm 0.00 s))
RERUN Solver Replay time = 0.00 s (norm 0.00 s))
RERUN Solver res: 774 - resolvents: 240
# A cl: 63/345
ITP proof core: (root: 340,7 + chain: 66 (res: 935) - ref2: 35) / tot:431
ITP proof remapped roots: 12 - eq nodes: 24 - tot: 54
ROOT stats - zero: 53 - one: 275 - lit: 10 - clause: 0
ITP proof core: (root: 12,0 + chain: 42 (res: 134) - ref2: 20) / tot:54
ITP proof red Simpl (impl: 0): 0
ITP proof core: (root: 12,0 + chain: 42 (res: 134) - ref2: 20) / tot:54
ITP proof remapped roots: 13 - eq nodes: 1 - tot: 53
ROOT stats - zero: 0 - one: 0 - lit: 10 - clause: 0
ITP proof core: (root: 11,0 + chain: 40 (res: 129) - ref2: 19) / tot:53
ITP proof dupv: 0 [impl: 0] - implNodes: 0
ITP proof core: (root: 11,0 + chain: 40 (res: 129) - ref2: 19) / tot:53
ITP proof remapped roots: 11 - eq nodes: 0 - tot: 51
ROOT stats - zero: 0 - one: 0 - lit: 8 - clause: 1
ITP proof core: (root: 11,0 + chain: 40 (res: 129) - ref2: 19) / tot:51
ITP proof dupv: 0 - implNodesOdc: 10
ITP proof core: (root: 11,0 + chain: 40 (res: 119) - ref2: 19) / tot:51
ITP proof dupv: 0 [impl: 0] - implNodes: 0
STRUCT ODC[AND:7]: 39 -> 27
TOT NNF SIMPL: 27 -> (abcBal: 22) -> 22 (1 iterations)
RERUN PARTIAL ITP2 SIZE: 22

NNF PBA Solver time = 0.00 s (norm 0.00 s))
NNF PBA Solver stats: 9070/11446/103 dec./prop./confl.
NNF PBA Solver Validation time = 0.00 s (norm 0.00 s))
# AIG core -> gates: 24 / 24 (maxCut: 0)
NNF PBA size: 22 -> 22
# A cl: 109/713
interpolant OPT: 0 (0,0)
interpolant AUXV: 0 - AIG nodes 326293
itp stats: clause terms/a/o/ao -> 134/0/0/134 - A nodes: 0 (and->or): 32766
itp opt: 22 -> 22
3/4 (r:1) INDUCTIVE components found in TO+ (size: 17)
|to simplify: 22->17|.
TO: 17 (supp: 8) - AIG nodes 326286
TO*TO+: 59 (supp: 22)
|to:59|.
|to&oldTo:4915|.
   |tr|=19404 |reached|=134991.
*** Trav time: 214.35 s (norm 235.78 s) ***
ring 70 - safe for bound 10
  Reusing SAME CONE ring
FWD ITP fix-point at depth 70
BWD fix point at bound 0.
Lazy Pass at Depth 0.
-- TRAV Manager Quit.
Verification Result: PASS.
Result Written to File 6s366r.pdtrav.out.
-- FSM Manager Quit.
-- FSM Manager Quit.
Total used memory: 49.91 MBytes
Total Verification Time: 226.15 s (norm 248.77 s)
-- DDI Manager Quit.
Total Execution Time: 226.73 s (norm 249.40 s)
## PdTRAV End.
