[runlim] version:		1.8
[runlim] time limit:		311040000 seconds
[runlim] real time limit:	900 seconds
[runlim] space limit:		10240 MB
[runlim] argv[0]:		/mnt/c/Users/PAS/Desktop/papers/IGR_EXP/exp/pdt/bin/pdtrav
[runlim] argv[1]:		-strategy
[runlim] argv[2]:		igrhwmcc
[runlim] argv[3]:		-verbosity
[runlim] argv[4]:		4
[runlim] argv[5]:		/mnt/c/Users/PAS/Desktop/papers/IGR_EXP/exp/pdt/aig/zipcpu/pfcache16.aig
[runlim] start:			Fri Jul 15 16:49:04 2022
[runlim] main pid:		676

c ## Tool Version: PdTRAV 3.5.0
c ## DD Version: Cudd-2.5.0
c ## Compile Date: mar  3 nov 2020, 14.00.38, CET
c ## Command: /mnt/c/Users/PAS/Desktop/papers/IGR_EXP/exp/pdt/bin/pdtrav -strategy igrhwmcc -verbosity 4 /mnt/c/Users/PAS/Desktop/papers/IGR_EXP/exp/pdt/aig/zipcpu/pfcache16.aig 
## Running Date: Fri Jul 15 16:49:04 2022
## Hostname: DESKTOP-F9PN2KA
CPU time adjustment: 0.61 s (norm 0.61 s) - scale factor: 1.360000
-- DDI Manager Init.
-- FSM Manager Init.
-- FSM Loading.
(Loading File /mnt/c/Users/PAS/Desktop/papers/IGR_EXP/exp/pdt/aig/zipcpu/pfcache16.aig).
Property: !o0.
Design Statistics: 1141 Inputs / 1197 State Vars / 15666 AIG Gates
|Constraint|=162 nodes.
|Constraint|=162 nodes.
HEURISTIC selection [0] - FSM stats: L: 1199 - I: 1141 - Nodes: 15795
-- FSM Manager Init.

Running reductions...(phase 0)
Warning: l4676 has Constant Input with Different Init Value.
Warning: l3520 has Constant Input with Different Init Value.
Found 2 Peripheral Latches (2 1 s.) - 1196 Latches Remaining.
  Peripheral Latch Reduction; Delta Size: 15795 -> 12249.
Found 0 Peripheral Latches (0 1 s.) - 1196 Latches Remaining.
  Peripheral Latch Reduction; Delta Size: 12249 -> 12249.

Running reductions...(phase 1)
HEURISTIC selection [1] - FSM stats: L: 1197 - I: 1141 - Nodes: 12249
HEURISTIC selection [1] - 2 peripheral latches found
HEURISTIC selection [1] - 3 relational latch candidates found
HEURISTIC selection [1] - 2 disj components in property
HEURISTIC strategy selection: CPU


Running reductions...(phase 2)
Custom Reduction: Delta size 12249 (num = 1197).
Constraint: AND[15].
custom reduction DONE - delta size 12248 (num: 1197).
-- FSM Manager Init.

Running reductions...(phase 3)
COI Reduction Performed: Kept 309 State Vars out of 1197.
Original Delta: Size=12248; #Partitions=1197.
Reduced Delta: Size=2547; #Partitions=309.
Original Delta: Size=2547; #Partitions=309.
  SEQ equiv found(39 <- 179): l2362 <- l3082.
Found 1 seq EQ - Reduced DELTA - size: 2546 - components: 309
Original Delta: Size=2546; #Partitions=308.
Ternary Simulation: (129)(127)(123)(45)(27)(15)(11)(3)(0)(0)(0)Original Delta: Size=2546; #Partitions=308.

Ternary Simulation Performed: 11 iterations in 0.00 s; |R|=247.
COI Reduction Performed: Kept 308 State Vars out of 308.
Original Delta: Size=2546; #Partitions=308.
Reduced Delta: Size=2546; #Partitions=308.

Running reductions...(phase 4)
Delta: 306 -> 306
Lambda: 2 -> 2
latches: 306 -> 306
inputs: 238 -> 231
|Constraint|=77 nodes.
HEURISTIC selection [1] - FSM stats: L: 308 - I: 77 - Nodes: 2319
HEURISTIC selection [1] - 2 peripheral latches found
HEURISTIC selection [1] - 3 relational latch candidates found
HEURISTIC selection [1] - 2 disj components in property
HEURISTIC strategy selection: CPU

Total run time for reductions: 0.7

Circuit AIG stats: 77 inp / 308 state vars / 2319 AIG gates
-- TRAV Manager Init.
INITIALIZING THREADED ENGINES (stacksize = 67108864)
INITIALIZING 1 ENGINES: IGR
-- FSM Manager Init.

Running IGR ...
CREATED Thread (676 - 611b28c0)
-- MC Manager Init.
-- TRAV Manager Init.
-- TR Manager Init.
IGR setup: 1fg
STEP: -1.
lazyRate: 1.000000 - itpOpt: 0 - optLevel: 1.
Using bwd cone at bound 0 (cone(aux): 3(0) - care: 0).
{COI: 1} curr NODE ID: 111721, baig Nodes: 38766.
 BMC (AIG size: 0/3/3) Full Cone (Aux): 3(0))
Interpolant FINITE RUN: cone=3, care=0.
fp chkTime: 0.01 s (norm 0.01 s)
  Aig interpolant inner iteration 0: |from:1756| -> ternary to+: 199
TO+IMG-cube: 100 (f:1756->1556)
FOUND 27(0 const) EQUIVALENCES - size 1556 -> 1448
computing interpolant in TO+
TO: 361 (supp: 154) - AIG nodes 40114
TO*TO+: 461 (supp: 154)
|to:461|.
   |tr|=1754 |reached|=461.
*** Trav time: 0.11 s (norm 0.11 s) ***
ring 1 - safe for bound 0
fp chkTime: 0.00 s (norm 0.00 s)
  Aig interpolant inner iteration 1: |from:2436| -> ternary to+: 129
TO+IMG-cube: 66 (f:2436->2302)
RECHECKED 61(35 const) EQUIVALENCES (ac: 27)
FOUND 5(0 const) EQUIVALENCES - size 2302 -> 2287
FOUND 1(0 const) EQUIVALENCES - size 2287 -> 2284
ADDITIONAL (not rechecked) EQ FOUND
computing interpolant in TO+
TO: 158 (supp: 75) - AIG nodes 41352
TO*TO+: 224 (supp: 75)
|to:224|.
   |tr|=3871 |reached|=596.
*** Trav time: 0.27 s (norm 0.27 s) ***
ring 2 - safe for bound 0
fp chkTime: 0.00 s (norm 0.00 s)
  Aig interpolant inner iteration 2: |from:2277| -> ternary to+: 127
TO+IMG-cube: 66 (f:2277->2141)
min/avg/max red id: 15/18/22
FOUND 2 const REDUNDANCIES
red size: 13 - F size 23 -> 23
RECHECKED 4(0 const) EQUIVALENCES (ac: 2)
FOUND 2(0 const) EQUIVALENCES - size 14 -> 5
RECHECKED 4(0 const) EQUIVALENCES (ac: 2)
FOUND 3(0 const) EQUIVALENCES - size 2135 -> 2126
computing interpolant in TO+
TO: 157 (supp: 75) - AIG nodes 41223
TO*TO+: 223 (supp: 75)
|to:223|.
   |tr|=3871 |reached|=631.
*** Trav time: 0.44 s (norm 0.44 s) ***
ring 3 - safe for bound 0
fp chkTime: 0.00 s (norm 0.00 s)
  Aig interpolant inner iteration 3: |from:2277| -> ternary to+: 127
TO+IMG-cube: 64 (f:2277->2149)
min/avg/max red id: 20/21/23
FOUND 3 const REDUNDANCIES
red size: 14 - F size 24 -> 24
RECHECKED 3(0 const) EQUIVALENCES (ac: 2)
FOUND 3(0 const) EQUIVALENCES - size 16 -> 3
RECHECKED 4(2 const) EQUIVALENCES (ac: 2)
FOUND 3(1 const) EQUIVALENCES - size 2142 -> 2130
computing interpolant in TO+
TO: 155 (supp: 74) - AIG nodes 41299
TO*TO+: 219 (supp: 74)
|to:219|.
   |tr|=3871 |reached|=686.
*** Trav time: 0.52 s (norm 0.52 s) ***
ring 4 - safe for bound 0
fp chkTime: 0.00 s (norm 0.00 s)
  Aig interpolant inner iteration 4: |from:2284| -> ternary to+: 123
TO+IMG-cube: 62 (f:2284->2160)
min/avg/max red id: 15/19/23
FOUND 5 const REDUNDANCIES
red size: 21 - F size 24 -> 24
RECHECKED 5(0 const) EQUIVALENCES (ac: 3)
FOUND 5(0 const) EQUIVALENCES - size 25 -> 3
RECHECKED 3(3 const) EQUIVALENCES (ac: 1)
FOUND 2(1 const) EQUIVALENCES - size 2145 -> 2138
computing interpolant in TO+
TO: 157 (supp: 74) - AIG nodes 41423
TO*TO+: 219 (supp: 74)
|to:219|.
   |tr|=3871 |reached|=761.
*** Trav time: 0.61 s (norm 0.61 s) ***
ring 5 - safe for bound 0
fp chkTime: 0.01 s (norm 0.01 s)
  Aig interpolant inner iteration 5: |from:3012| -> ternary to+: 45
TO+IMG-cube: 23 (f:3012->2966)
min/avg/max red id: 62/62/62
FOUND 1 const REDUNDANCIES
red size: 5 - F size 66 -> 66
RECHECKED 1(0 const) EQUIVALENCES (ac: 1)
RECHECKED 46(40 const) EQUIVALENCES (ac: 5)
FOUND 6(1 const) EQUIVALENCES - size 2966 -> 2957
computing interpolant in TO+
TO: 83 (supp: 37) - AIG nodes 41331
TO*TO+: 106 (supp: 37)
|to:106|.
   |tr|=3871 |reached|=829.
*** Trav time: 1.00 s (norm 0.73 s) ***
ring 6 - safe for bound 0
fp chkTime: 0.01 s (norm 0.01 s)
  Aig interpolant inner iteration 6: |from:3250| -> ternary to+: 27
TO+IMG-cube: 14 (f:3250->3222)
min/avg/max red id: 23/29/33
FOUND 6 const REDUNDANCIES
red size: 12 - F size 36 -> 36
RECHECKED 3(0 const) EQUIVALENCES (ac: 3)
FOUND 3(0 const) EQUIVALENCES - size 17 -> 0
RECHECKED 12(10 const) EQUIVALENCES (ac: 3)
FOUND 2(2 const) EQUIVALENCES - size 3219 -> 3211
computing interpolant in TO+
TO: 49 (supp: 22) - AIG nodes 41160
TO*TO+: 63 (supp: 22)
|to:63|.
   |tr|=3871 |reached|=864.
*** Trav time: 1.15 s (norm 0.88 s) ***
ring 7 - safe for bound 0
fp chkTime: 0.01 s (norm 0.01 s)
  Aig interpolant inner iteration 7: |from:3303| -> ternary to+: 19
TO+IMG-cube: 10 (f:3303->3283)
min/avg/max red id: 13/15/18
FOUND 3 const REDUNDANCIES
red size: 9 - F size 19 -> 19
RECHECKED 2(0 const) EQUIVALENCES (ac: 2)
FOUND 2(0 const) EQUIVALENCES - size 11 -> 0
RECHECKED 7(6 const) EQUIVALENCES (ac: 2)
FOUND 2(2 const) EQUIVALENCES - size 3281 -> 3273
computing interpolant in TO+
TO: 35 (supp: 16) - AIG nodes 41146
TO*TO+: 45 (supp: 16)
|to:45|.
   |tr|=3871 |reached|=882.
*** Trav time: 1.32 s (norm 1.05 s) ***
ring 8 - safe for bound 0
fp chkTime: 0.01 s (norm 0.01 s)
  Aig interpolant inner iteration 8: |from:3321| -> ternary to+: 17
TO+IMG-cube: 9 (f:3321->3303)
RECHECKED 5(3 const) EQUIVALENCES (ac: 3)
FOUND 3(2 const) EQUIVALENCES - size 3303 -> 3294
computing interpolant in TO+
TO: 27 (supp: 13) - AIG nodes 40857
TO*TO+: 36 (supp: 13)
|to:36|.
   |tr|=3871 |reached|=896.
*** Trav time: 1.48 s (norm 1.21 s) ***
ring 9 - safe for bound 0
fp chkTime: 0.01 s (norm 0.01 s)
  Aig interpolant inner iteration 9: |from:3351| -> ternary to+: 9
TO+IMG-cube: 5 (f:3351->3341)
RECHECKED 7(6 const) EQUIVALENCES (ac: 2)
FOUND 1(1 const) EQUIVALENCES - size 3341 -> 3337
computing interpolant in TO+
TO: 11 (supp: 6) - AIG nodes 40875
TO*TO+: 16 (supp: 6)
|to:16|.
   |tr|=3871 |reached|=904.
*** Trav time: 1.63 s (norm 1.36 s) ***
ring 10 - safe for bound 0
fp chkTime: 0.01 s (norm 0.01 s)
  Aig interpolant inner iteration 10: |from:3845| -> ternary to+: 3
TO+IMG-cube: 2 (f:3845->3841)
RECHECKED 4(4 const) EQUIVALENCES (ac: 1)
FOUND 1(1 const) EQUIVALENCES - size 3841 -> 3837
computing interpolant in TO+
TO: 5 (supp: 3) - AIG nodes 40826
TO*TO+: 5 (supp: 3)
|to:5|.
   |tr|=3871 |reached|=907.
*** Trav time: 2.08 s (norm 1.55 s) ***
ring 11 - safe for bound 0
fp chkTime: 0.01 s (norm 0.01 s)
  Aig interpolant inner iteration 11: |from:3866| -> ternary to+: 1
TO+IMG-cube: 1 (f:3866->3864)
RECHECKED 2(2 const) EQUIVALENCES (ac: 1)
FOUND 1(1 const) EQUIVALENCES - size 3864 -> 3860
computing interpolant in TO+
TO: 3 (supp: 2) - AIG nodes 40507
TO*TO+: 3 (supp: 2)
|to:3|.
   |tr|=3871 |reached|=909.
*** Trav time: 2.28 s (norm 1.75 s) ***
ring 12 - safe for bound 0
fp chkTime: 0.02 s (norm 0.02 s)
  Aig interpolant inner iteration 12: |from:3871| -> RECHECKED 2(2 const) EQUIVALENCES (ac: 1)
FOUND 1(1 const) EQUIVALENCES - size 3871 -> 3867
computing interpolant in TO+
ITP (|A|=3407,|B|=1)
ITP time limit: 10000
Solver stats: 3407/3384 vars/clauses
Solver stats: 2099/3586/2(2) dec./prop./confl.(small)
Solver stored decisions: 0
Solver stats: time = 0.00 s (norm 0.00 s)
Inner loop REACHES back cone.

try ITP ref. # 1/16 - cone/constr 0 of size: 3 - ring: 12 (rl: 0)
ITP ref. chk[12] - cone sz: 85 - fwd ring: 3
ANDING WITH RING 12 - size: 3
ITP ref. chk[11] - cone sz: 308 - fwd ring: 5
ANDING WITH RING 12 - size: 3
ITP ref. chk[10] - cone sz: 1187 - fwd ring: 16
ANDING WITH RING 12 - size: 3
ITP ref. chk[9] - cone sz: 2306 - fwd ring: 36
ANDING WITH RING 12 - size: 3
ITP ref. chk[8] - cone sz: 3388 - fwd ring: 45
ANDING WITH RING 12 - size: 3
ITP ref. chk[8] - cone sz: 5393 - fwd ring: 45
refinement possible at level 8

Interpolant FINITE RUN: cone=3, care=0.
fp chkTime: 0.01 s (norm 0.01 s)
  Aig interpolant inner iteration 8: |from:3321| -> previous ring 9 - safe for bound 0
ring cone (e) - generated part[8/14] of size: 4279
computing interpolant in TO+
ITP (|A|=2825,|B|=4256)
ITP time limit: 10000
Solver stats: 6844/8817 vars/clauses (elim v/cl:0/0)
Solver stats: 7128/17451/90 dec./prop./confl.
Solver stats: time = 0.00 s (norm 0.00 s)
Solver Validation time = 0.00 s (norm 0.00 s))
Solver Replay time = 0.00 s (norm 0.00 s))
computing interpolant from refutation proof of size 90 (AIG nodes: 48480)
# A cl: 36/238
ITP proof core: (root: 182,58 + chain: 84 (res: 1015) - ref2: 52) / tot:385
ITP proof remapped roots: 12 - eq nodes: 59 - tot: 37
ROOT stats - zero: 26 - one: 144 - lit: 10 - clause: 0
ITP proof core: (root: 12,0 + chain: 25 (res: 65) - ref2: 20) / tot:37
ITP proof red Simpl (impl: 0): 0
ITP proof core: (root: 12,0 + chain: 25 (res: 65) - ref2: 20) / tot:37
bdd merge: 9
ITP proof remapped roots: 15 - eq nodes: 10 - tot: 27
ROOT stats - zero: 0 - one: 0 - lit: 10 - clause: 0
ITP proof core: (root: 13,0 + chain: 8 (res: 19) - ref2: 6) / tot:24
ITP proof dupv: 0 [impl: 0] - implNodes: 0
ITP proof core: (root: 13,0 + chain: 8 (res: 19) - ref2: 6) / tot:24
ITP proof remapped roots: 13 - eq nodes: 0 - tot: 20
ROOT stats - zero: 0 - one: 0 - lit: 9 - clause: 2
ITP proof core: (root: 13,0 + chain: 7 (res: 18) - ref2: 5) / tot:20
ITP proof dupv: 0 - implNodesOdc: 2
ITP proof core: (root: 13,0 + chain: 7 (res: 16) - ref2: 5) / tot:20
ITP proof dupv: 0 [impl: 0] - implNodes: 0
interpolant OPT: 0 (0,0)
interpolant AUXV: 0 - AIG nodes 48494
itp stats: clause terms/a/o/ao -> 7/0/0/7 - A nodes: 7 (and->or): 0
itp opt: 22 -> 22
TO: 22 (supp: 8) - AIG nodes 48494
TO*TO+: 49 (supp: 20)
|to:49|.
   |tr|=3871 |reached|=911.
*** Trav time: 3.03 s (norm 2.24 s) ***
ring 9 - safe for bound 5
  Reusing SAME CONE ring
fp chkTime: 0.01 s (norm 0.01 s)
  Aig interpolant inner iteration 9: |from:3366| -> previous ring 10 - safe for bound 0
min/avg/max red id: 28/28/28
FOUND 1 const REDUNDANCIES
red size: 21 - F size 29 -> 29
ring cone (e) - generated part[9/15] of size: 4756
RECHECKED 6(5 const) EQUIVALENCES (ac: 2)
computing interpolant in TO+
ITP (|A|=2878,|B|=4756)
ITP time limit: 10000
Solver stats: 7338/9529 vars/clauses (elim v/cl:0/0)
Solver stats: 11863/85854/563 dec./prop./confl.
Solver stats: time = 0.01 s (norm 0.01 s)
Solver Validation time = 0.00 s (norm 0.00 s))
Solver Replay time = 0.00 s (norm 0.00 s))
computing interpolant from refutation proof of size 604 (AIG nodes: 49559)
# A cl: 95/1965
ITP proof core: (root: 1908,59 + chain: 518 (res: 6207) - ref2: 397) / tot:2598
ITP proof remapped roots: 20 - eq nodes: 450 - tot: 88
ROOT stats - zero: 77 - one: 1811 - lit: 18 - clause: 0
ITP proof core: (root: 20,0 + chain: 68 (res: 197) - ref2: 56) / tot:88
ITP proof red Simpl (impl: 0): 0
ITP proof core: (root: 20,0 + chain: 68 (res: 197) - ref2: 56) / tot:88
ITP proof remapped roots: 25 - eq nodes: 34 - tot: 57
ROOT stats - zero: 0 - one: 0 - lit: 18 - clause: 0
ITP proof core: (root: 22,0 + chain: 32 (res: 109) - ref2: 24) / tot:57
ITP proof dupv: 0 [impl: 0] - implNodes: 0
ITP proof core: (root: 22,0 + chain: 32 (res: 109) - ref2: 24) / tot:57
ITP proof remapped roots: 22 - eq nodes: 0 - tot: 54
ROOT stats - zero: 0 - one: 0 - lit: 15 - clause: 5
ITP proof core: (root: 22,0 + chain: 32 (res: 109) - ref2: 24) / tot:54
ITP proof dupv: 0 - implNodesOdc: 20
ITP proof core: (root: 22,0 + chain: 32 (res: 89) - ref2: 24) / tot:54
ITP proof dupv: 0 [impl: 0] - implNodes: 0
interpolant OPT: 0 (0,0)
interpolant AUXV: 0 - AIG nodes 49646
itp stats: clause terms/a/o/ao -> 32/0/0/32 - A nodes: 32 (and->or): 0
itp opt: 108 -> 108
TO: 108 (supp: 16) - AIG nodes 49645
TO*TO+: 128 (supp: 24)
|to:128|.
   |tr|=3871 |reached|=1011.
*** Trav time: 3.27 s (norm 2.47 s) ***
ring 10 - safe for bound 5
  Reusing SAME CONE ring
fp chkTime: 0.01 s (norm 0.01 s)
  Aig interpolant inner iteration 10: |from:3944| -> previous ring 11 - safe for bound 0
min/avg/max red id: 23/57/88
FOUND 8 const REDUNDANCIES
red size: 54 - F size 103 -> 103
ring cone (e) - generated part[10/16] of size: 4779
RECHECKED 3(3 const) EQUIVALENCES (ac: 1)
computing interpolant in TO+
ITP (|A|=3449,|B|=4798)
ITP time limit: 10000
Solver stats: 7947/10295 vars/clauses (elim v/cl:0/0)
Solver stats: 19405/42016/116 dec./prop./confl.
Solver stats: time = 0.00 s (norm 0.00 s)
Inner loop REACHES back cone.

try ITP ref. # 2/16 - cone/constr 0 of size: 3 - ring: 16 (rl: 0)
ITP ref. chk[10] - cone sz: 8840 - fwd ring: 128
ANDING WITH RING 10 - size: 128
ITP ref. chk[9] - cone sz: 10441 - fwd ring: 49
ANDING WITH RING 10 - size: 128
ITP ref. chk[9] - cone sz: 12456 - fwd ring: 49
refinement possible at level 9

Interpolant FINITE RUN: cone=3, care=0.
fp chkTime: 0.00 s (norm 0.00 s)
  Aig interpolant inner iteration 9: |from:3366| -> previous ring 10 - safe for bound 5
min/avg/max red id: 28/28/28
FOUND 1 const REDUNDANCIES
red size: 21 - F size 29 -> 29
ring cone (e) - generated part[9/18] of size: 10707
computing interpolant in TO+
ITP (|A|=2878,|B|=10707)
ITP time limit: 10000
Solver stats: 13289/17809 vars/clauses (elim v/cl:0/0)
Solver stats: 27207/235215/1058 dec./prop./confl.
Solver stats: time = 0.03 s (norm 0.03 s)
Solver Validation time = 0.00 s (norm 0.00 s))
Solver Replay time = 0.00 s (norm 0.00 s))
computing interpolant from refutation proof of size 1130 (AIG nodes: 60570)
# A cl: 101/2350
ITP proof core: (root: 2263,89 + chain: 731 (res: 11659) - ref2: 485) / tot:3235
ITP proof remapped roots: 22 - eq nodes: 601 - tot: 152
ROOT stats - zero: 81 - one: 2160 - lit: 20 - clause: 0
ITP proof core: (root: 22,0 + chain: 130 (res: 466) - ref2: 90) / tot:152
ITP proof red Simpl (impl: 0): 0
ITP proof core: (root: 22,0 + chain: 130 (res: 466) - ref2: 90) / tot:152
ITP proof remapped roots: 36 - eq nodes: 6 - tot: 157
ROOT stats - zero: 0 - one: 0 - lit: 20 - clause: 0
ITP proof core: (root: 34,0 + chain: 121 (res: 428) - ref2: 84) / tot:157
ITP proof dupv: 0 [impl: 0] - implNodes: 0
ITP proof core: (root: 34,0 + chain: 121 (res: 428) - ref2: 84) / tot:157
ITP proof remapped roots: 34 - eq nodes: 0 - tot: 155
ROOT stats - zero: 0 - one: 0 - lit: 18 - clause: 14
ITP proof core: (root: 34,0 + chain: 121 (res: 428) - ref2: 84) / tot:155
ITP proof dupv: 0 - implNodesOdc: 14
ITP proof core: (root: 34,0 + chain: 121 (res: 414) - ref2: 84) / tot:155
ITP proof dupv: 0 [impl: 0] - implNodes: 0
interpolant OPT: 0 (0,0)
interpolant AUXV: 0 - AIG nodes 60919
itp stats: clause terms/a/o/ao -> 121/0/0/121 - A nodes: 121 (and->or): 0
itp opt: 374 -> 374
TO: 374 (supp: 16) - AIG nodes 60918
TO*TO+: 395 (supp: 24)
|to:395|.
2/15 (r:13) INDUCTIVE components found in TO+ (size: 87)
|to&oldTo:465|.
   |tr|=3871 |reached|=1345.
*** Trav time: 4.43 s (norm 3.37 s) ***
ring 10 - safe for bound 8
  Reusing SAME CONE ring
fp chkTime: 0.01 s (norm 0.01 s)
  Aig interpolant inner iteration 10: |from:4277| -> previous ring 11 - safe for bound 0
min/avg/max red id: 32/174/346
FOUND 17 const REDUNDANCIES
red size: 91 - F size 422 -> 422
ring cone (e) - generated part[10/19] of size: 10732
RECHECKED 3(3 const) EQUIVALENCES (ac: 1)
computing interpolant in TO+
ITP (|A|=3764,|B|=10769)
ITP time limit: 10000
Solver stats: 14231/19118 vars/clauses (elim v/cl:0/0)
Solver stats: 30350/197307/703 dec./prop./confl.
Solver stats: time = 0.02 s (norm 0.02 s)
Solver Validation time = 0.00 s (norm 0.00 s))
Solver Replay time = 0.00 s (norm 0.00 s))
computing interpolant from refutation proof of size 711 (AIG nodes: 62189)
# A cl: 154/2419
ITP proof core: (root: 2303,118 + chain: 730 (res: 8341) - ref2: 501) / tot:3465
ITP proof remapped roots: 18 - eq nodes: 646 - tot: 102
ROOT stats - zero: 107 - one: 2178 - lit: 16 - clause: 0
ITP proof core: (root: 18,0 + chain: 84 (res: 188) - ref2: 54) / tot:102
ITP proof red Simpl (impl: 0): 0
ITP proof core: (root: 18,0 + chain: 84 (res: 188) - ref2: 54) / tot:102
ITP proof remapped roots: 26 - eq nodes: 5 - tot: 99
ROOT stats - zero: 0 - one: 0 - lit: 16 - clause: 0
ITP proof core: (root: 21,0 + chain: 73 (res: 154) - ref2: 47) / tot:99
ITP proof dupv: 0 [impl: 0] - implNodes: 0
ITP proof core: (root: 21,0 + chain: 73 (res: 154) - ref2: 47) / tot:99
ITP proof remapped roots: 22 - eq nodes: 0 - tot: 93
ROOT stats - zero: 0 - one: 0 - lit: 12 - clause: 7
ITP proof core: (root: 19,0 + chain: 71 (res: 149) - ref2: 45) / tot:93
ITP proof dupv: 0 - implNodesOdc: 29
ITP proof core: (root: 19,0 + chain: 71 (res: 120) - ref2: 45) / tot:93
ITP proof dupv: 0 [impl: 0] - implNodes: 0
interpolant OPT: 0 (0,0)
interpolant AUXV: 0 - AIG nodes 62254
itp stats: clause terms/a/o/ao -> 71/0/0/71 - A nodes: 71 (and->or): 0
itp opt: 78 -> 78
TO: 78 (supp: 12) - AIG nodes 62250
TO*TO+: 129 (supp: 21)
|to:129|.
   |tr|=3871 |reached|=1441.
*** Trav time: 5.00 s (norm 3.68 s) ***
ring 11 - safe for bound 8
  Reusing SAME CONE ring
fp chkTime: 0.01 s (norm 0.01 s)
  Aig interpolant inner iteration 11: |from:3972| -> previous ring 12 - safe for bound 0
min/avg/max red id: 30/50/98
FOUND 8 const REDUNDANCIES
red size: 66 - F size 100 -> 100
ring cone (e) - generated part[11/20] of size: 10730
RECHECKED 1(1 const) EQUIVALENCES (ac: 1)
computing interpolant in TO+
ITP (|A|=3471,|B|=10749)
ITP time limit: 10000
Solver stats: 13920/18583 vars/clauses (elim v/cl:0/0)
Solver stats: 22551/215961/945 dec./prop./confl.
Solver stats: time = 0.02 s (norm 0.02 s)
Solver Validation time = 0.00 s (norm 0.00 s))
Solver Replay time = 0.00 s (norm 0.00 s))
computing interpolant from refutation proof of size 1478 (AIG nodes: 61683)
# A cl: 162/2644
ITP proof core: (root: 2553,93 + chain: 841 (res: 11522) - ref2: 509) / tot:3706
ITP proof remapped roots: 26 - eq nodes: 603 - tot: 264
ROOT stats - zero: 138 - one: 2389 - lit: 24 - clause: 0
ITP proof core: (root: 26,0 + chain: 238 (res: 669) - ref2: 191) / tot:264
ITP proof red Simpl (impl: 0): 0
ITP proof core: (root: 26,0 + chain: 238 (res: 669) - ref2: 191) / tot:264
ITP proof remapped roots: 40 - eq nodes: 60 - tot: 211
ROOT stats - zero: 0 - one: 0 - lit: 24 - clause: 0
ITP proof core: (root: 38,0 + chain: 171 (res: 521) - ref2: 137) / tot:211
ITP proof dupv: 0 [impl: 0] - implNodes: 0
ITP proof core: (root: 38,0 + chain: 171 (res: 521) - ref2: 137) / tot:211
ITP proof remapped roots: 39 - eq nodes: 0 - tot: 208
ROOT stats - zero: 0 - one: 0 - lit: 23 - clause: 13
ITP proof core: (root: 39,0 + chain: 169 (res: 519) - ref2: 136) / tot:208
ITP proof dupv: 0 - implNodesOdc: 92
ITP proof core: (root: 39,0 + chain: 169 (res: 427) - ref2: 136) / tot:208
ITP proof dupv: 0 [impl: 0] - implNodes: 0
interpolant OPT: 0 (0,0)
interpolant AUXV: 0 - AIG nodes 61906
itp stats: clause terms/a/o/ao -> 169/0/0/169 - A nodes: 169 (and->or): 0
itp opt: 258 -> 258
TO: 258 (supp: 18) - AIG nodes 61902
TO*TO+: 283 (supp: 22)
|to:283|.
   |tr|=3871 |reached|=1686.
*** Trav time: 5.33 s (norm 4.00 s) ***
ring 12 - safe for bound 8
  Reusing SAME CONE ring
fp chkTime: 0.01 s (norm 0.01 s)
  Aig interpolant inner iteration 12: |from:4124| -> min/avg/max red id: 39/112/230
FOUND 10 const REDUNDANCIES
red size: 65 - F size 241 -> 241
ring cone (e) - generated part[12/21] of size: 10730
RECHECKED 2(2 const) EQUIVALENCES (ac: 1)
FOUND 1(1 const) EQUIVALENCES - size 4124 -> 4120
computing interpolant in TO+
ITP (|A|=3619,|B|=10770)
ITP time limit: 10000
Solver stats: 14089/18879 vars/clauses (elim v/cl:0/0)
Solver stats: 50329/310887/1111 dec./prop./confl.
Solver stats: time = 0.03 s (norm 0.03 s)
Inner loop REACHES back cone.

try ITP ref. # 3/16 - cone/constr 0 of size: 3 - ring: 21 (rl: 0)
ITP ref. chk[12] - cone sz: 14929 - fwd ring: 283
ANDING WITH RING 12 - size: 283
ITP ref. chk[11] - cone sz: 17192 - fwd ring: 129
ANDING WITH RING 12 - size: 283
ITP ref. chk[10] - cone sz: 19148 - fwd ring: 465[runlim] sample:		9.3 time, 10.6 real, 165.7 MB

ANDING WITH RING 12 - size: 283
ITP ref. chk[9] - cone sz: 20649 - fwd ring: 49
ANDING WITH RING 12 - size: 283
ITP ref. chk[9] - cone sz: 22662 - fwd ring: 49
refinement possible at level 9

Interpolant FINITE RUN: cone=3, care=0.
fp chkTime: 0.01 s (norm 0.01 s)
  Aig interpolant inner iteration 9: |from:3366| -> previous ring 10 - safe for bound 8
min/avg/max red id: 28/28/28
FOUND 1 const REDUNDANCIES
red size: 21 - F size 29 -> 29
ring cone (e) - generated part[9/23] of size: 20623
computing interpolant in TO+
ITP (|A|=2878,|B|=20623)
ITP time limit: 10000
Solver stats: 23203/31608 vars/clauses (elim v/cl:0/0)
Solver stats: 74057/542630/1526 dec./prop./confl.
Solver stats: time = 0.06 s (norm 0.06 s)
Solver Validation time = 0.00 s (norm 0.00 s))
Solver Replay time = 0.00 s (norm 0.00 s))
computing interpolant from refutation proof of size 1598 (AIG nodes: 81533)
# A cl: 122/3077
ITP proof core: (root: 2938,141 + chain: 968 (res: 14448) - ref2: 662) / tot:4288
ITP proof remapped roots: 26 - eq nodes: 853 - tot: 141
ROOT stats - zero: 98 - one: 2814 - lit: 24 - clause: 0
ITP proof core: (root: 26,0 + chain: 115 (res: 404) - ref2: 72) / tot:141
ITP proof red Simpl (impl: 0): 0
ITP proof core: (root: 26,0 + chain: 115 (res: 404) - ref2: 72) / tot:141
ITP proof remapped roots: 41 - eq nodes: 4 - tot: 143
ROOT stats - zero: 0 - one: 0 - lit: 24 - clause: 0
ITP proof core: (root: 38,0 + chain: 102 (res: 375) - ref2: 63) / tot:143
ITP proof dupv: 0 [impl: 0] - implNodes: 0
ITP proof core: (root: 38,0 + chain: 102 (res: 375) - ref2: 63) / tot:143
ITP proof remapped roots: 40 - eq nodes: 0 - tot: 140
ROOT stats - zero: 0 - one: 0 - lit: 23 - clause: 13
ITP proof core: (root: 36,0 + chain: 100 (res: 371) - ref2: 63) / tot:140
ITP proof dupv: 0 - implNodesOdc: 1
ITP proof core: (root: 36,0 + chain: 100 (res: 370) - ref2: 63) / tot:140
ITP proof dupv: 0 [impl: 0] - implNodes: 0
interpolant OPT: 0 (0,0)
interpolant AUXV: 0 - AIG nodes 81798
itp stats: clause terms/a/o/ao -> 100/0/0/100 - A nodes: 100 (and->or): 0
itp opt: 305 -> 305
TO: 305 (supp: 17) - AIG nodes 81797
TO*TO+: 327 (supp: 25)
|to:327|.
10/51 (r:41) INDUCTIVE components found in TO+ (size: 209)
|to&oldTo:510|.
   |tr|=3871 |reached|=1390.
*** Trav time: 8.63 s (norm 6.51 s) ***
ring 10 - safe for bound 13
  Reusing SAME CONE ring
fp chkTime: 0.02 s (norm 0.02 s)
  Aig interpolant inner iteration 10: |from:4321| -> previous ring 11 - safe for bound 8
min/avg/max red id: 25/210/415
FOUND 28 const REDUNDANCIES
red size: 124 - F size 428 -> 428
ring cone (e) - generated part[10/24] of size: 20649
RECHECKED 3(3 const) EQUIVALENCES (ac: 1)
computing interpolant in TO+
ITP (|A|=3769,|B|=20703)
ITP time limit: 10000
Solver stats: 24172/32975 vars/clauses (elim v/cl:0/0)
Solver stats: 67230/605434/1733 dec./prop./confl.
Solver stats: time = 0.07 s (norm 0.07 s)
Solver Validation time = 0.01 s (norm 0.01 s))
Solver Replay time = 0.00 s (norm 0.00 s))
computing interpolant from refutation proof of size 1759 (AIG nodes: 83010)
# A cl: 191/3474
ITP proof core: (root: 3326,150 + chain: 1260 (res: 19112) - ref2: 767) / tot:4998
ITP proof remapped roots: 27 - eq nodes: 1006 - tot: 281
ROOT stats - zero: 151 - one: 3148 - lit: 25 - clause: 0
ITP proof core: (root: 27,0 + chain: 254 (res: 929) - ref2: 182) / tot:281
ITP proof red Simpl (impl: 0): 0
ITP proof core: (root: 27,0 + chain: 254 (res: 929) - ref2: 182) / tot:281
ITP proof remapped roots: 42 - eq nodes: 13 - tot: 269
ROOT stats - zero: 0 - one: 0 - lit: 25 - clause: 0
ITP proof core: (root: 35,0 + chain: 227 (res: 878) - ref2: 172) / tot:269
ITP proof dupv: 0 [impl: 0] - implNodes: 0
ITP proof core: (root: 35,0 + chain: 227 (res: 878) - ref2: 172) / tot:269
ITP proof remapped roots: 41 - eq nodes: 0 - tot: 263
ROOT stats - zero: 0 - one: 0 - lit: 20 - clause: 13
ITP proof core: (root: 38,0 + chain: 222 (res: 845) - ref2: 171) / tot:263
ITP proof dupv: 0 - implNodesOdc: 241
ITP proof core: (root: 38,0 + chain: 222 (res: 604) - ref2: 171) / tot:263
ITP proof dupv: 0 [impl: 0] - implNodes: 0
interpolant OPT: 0 (0,0)
interpolant AUXV: 0 - AIG nodes 83288
itp stats: clause terms/a/o/ao -> 222/0/0/222 - A nodes: 222 (and->or): 0
itp opt: 315 -> 315
TO: 315 (supp: 18) - AIG nodes 83282
TO*TO+: 380 (supp: 25)
|to:380|.
1/24 (r:23) INDUCTIVE components found in TO+ (size: 9)
|to&oldTo:384|.
   |tr|=3871 |reached|=1729.
*** Trav time: 9.36 s (norm 6.98 s) ***
ring 11 - safe for bound 13
  Reusing SAME CONE ring
fp chkTime: 0.02 s (norm 0.02 s)
  Aig interpolant inner iteration 11: |from:4223| -> previous ring 12 - safe for bound 8
min/avg/max red id: 23/73/133
FOUND 14 const REDUNDANCIES
red size: 55 - F size 153 -> 153
ring cone (e) - generated part[11/25] of size: 20651
RECHECKED 1(1 const) EQUIVALENCES (ac: 1)
computing interpolant in TO+
ITP (|A|=3520,|B|=20677)
ITP time limit: 10000
Solver stats: 23895/32522 vars/clauses (elim v/cl:0/0)
Solver stats: 52258/602837/1861 dec./prop./confl.
Solver stats: time = 0.08 s (norm 0.08 s)
Solver Validation time = 0.00 s (norm 0.00 s))
Solver Replay time = 0.00 s (norm 0.00 s))
computing interpolant from refutation proof of size 2906 (AIG nodes: 82818)
# A cl: 182/3381
ITP proof core: (root: 3243,140 + chain: 1013 (res: 12766) - ref2: 646) / tot:4631
ITP proof remapped roots: 24 - eq nodes: 851 - tot: 186
ROOT stats - zero: 158 - one: 3061 - lit: 22 - clause: 0
ITP proof core: (root: 24,0 + chain: 162 (res: 589) - ref2: 110) / tot:186
ITP proof red Simpl (impl: 0): 0
ITP proof core: (root: 24,0 + chain: 162 (res: 589) - ref2: 110) / tot:186
ITP proof remapped roots: 40 - eq nodes: 15 - tot: 182
ROOT stats - zero: 0 - one: 0 - lit: 22 - clause: 0
ITP proof core: (root: 36,0 + chain: 142 (res: 533) - ref2: 94) / tot:182
ITP proof dupv: 0 [impl: 0] - implNodes: 0
ITP proof core: (root: 36,0 + chain: 142 (res: 533) - ref2: 94) / tot:182
ITP proof remapped roots: 40 - eq nodes: 0 - tot: 180
ROOT stats - zero: 0 - one: 0 - lit: 20 - clause: 14
ITP proof core: (root: 40,0 + chain: 140 (res: 523) - ref2: 92) / tot:180
ITP proof dupv: 0 - implNodesOdc: 124
ITP proof core: (root: 40,0 + chain: 140 (res: 399) - ref2: 92) / tot:180
ITP proof dupv: 0 [impl: 0] - implNodes: 0
interpolant OPT: 0 (0,0)
interpolant AUXV: 0 - AIG nodes 82975
itp stats: clause terms/a/o/ao -> 140/0/0/140 - A nodes: 140 (and->or): 0
itp opt: 197 -> 197
TO: 197 (supp: 19) - AIG nodes 82971
TO*TO+: 227 (supp: 22)
|to:227|.
11/29 (r:18) INDUCTIVE components found in TO+ (size: 179)
|to&oldTo:378|.
   |tr|=3871 |reached|=2059.
*** Trav time: 10.06 s (norm 7.41 s) ***
ring 12 - safe for bound 13
  Reusing SAME CONE ring
fp chkTime: 0.02 s (norm 0.02 s)
  Aig interpolant inner iteration 12: |from:4217| -> min/avg/max red id: 27/150/316
FOUND 13 const REDUNDANCIES
red size: 104 - F size 335 -> 335
ring cone (e) - generated part[12/26] of size: 20650
RECHECKED 2(2 const) EQUIVALENCES (ac: 1)
FOUND 1(1 const) EQUIVALENCES - size 4217 -> 4213
computing interpolant in TO+
ITP (|A|=3711,|B|=20715)
ITP time limit: 10000
Solver stats: 24126/32889 vars/clauses (elim v/cl:0/0)
Solver stats: 75262/786002/2254 dec./prop./confl.
Solver stats: time = 0.10 s (norm 0.10 s)
Solver Validation time = 0.00 s (norm 0.00 s))
Solver Replay time = 0.01 s (norm 0.01 s))
computing interpolant from refutation proof of size 2626 (AIG nodes: 82840)
# A cl: 183/4480
ITP proof core: (root: 4316,166 + chain: 1399 (res: 18998) - ref2: 918) / tot:6101
ITP proof remapped roots: 24 - eq nodes: 1206 - tot: 217
ROOT stats - zero: 154 - one: 4138 - lit: 22 - clause: 0
ITP proof core: (root: 24,0 + chain: 193 (res: 618) - ref2: 141) / tot:217
ITP proof red Simpl (impl: 0): 0
ITP proof core: (root: 24,0 + chain: 193 (res: 618) - ref2: 141) / tot:217
ITP proof remapped roots: 42 - eq nodes: 52 - tot: 166
ROOT stats - zero: 0 - one: 0 - lit: 22 - clause: 0
ITP proof core: (root: 39,0 + chain: 124 (res: 488) - ref2: 85) / tot:166
ITP proof dupv: 0 [impl: 0] - implNodes: 0
ITP proof core: (root: 39,0 + chain: 124 (res: 488) - ref2: 85) / tot:166
ITP proof remapped roots: 43 - eq nodes: 0 - tot: 164
ROOT stats - zero: 0 - one: 0 - lit: 19 - clause: 18
ITP proof core: (root: 41,0 + chain: 121 (res: 479) - ref2: 82) / tot:164
ITP proof dupv: 0 - implNodesOdc: 195
ITP proof core: (root: 41,0 + chain: 121 (res: 284) - ref2: 82) / tot:164
ITP proof dupv: 0 [impl: 0] - implNodes: 0
interpolant OPT: 0 (0,0)
interpolant AUXV: 0 - AIG nodes 82965
itp stats: clause terms/a/o/ao -> 121/0/0/121 - A nodes: 121 (and->or): 0
itp opt: 166 -> 166
TO: 166 (supp: 17) - AIG nodes 82959
TO*TO+: 236 (supp: 21)
|to:236|.
   |tr|=3871 |reached|=2241.
*** Trav time: 10.57 s (norm 7.92 s) ***
ring 13 - safe for bound 13
  Reusing SAME CONE ring
fp chkTime: 0.02 s (norm 0.02 s)
  Aig interpolant inner iteration 13: |from:4084| -> min/avg/max red id: 71/106/163
FOUND 7 const REDUNDANCIES
red size: 48 - F size 182 -> 182
part cone - taking part[13/27] of size: 20650
RECHECKED 1(1 const) EQUIVALENCES (ac: 1)
FOUND 1(1 const) EQUIVALENCES - size 4084 -> 4080
computing interpolant in TO+
ITP (|A|=3567,|B|=20668)
ITP time limit: 10000
Solver stats: 23935/32538 vars/clauses (elim v/cl:0/0)
Solver stats: 78140/592362/1613 dec./prop./confl.
Solver stats: time = 0.09 s (norm 0.09 s)
Solver Validation time = 0.00 s (norm 0.00 s))
Solver Replay time = 0.00 s (norm 0.00 s))
computing interpolant from refutation proof of size 1618 (AIG nodes: 82873)
# A cl: 178/3242
ITP proof core: (root: 3076,168 + chain: 1014 (res: 13195) - ref2: 612) / tot:4474
ITP proof remapped roots: 25 - eq nodes: 913 - tot: 126
ROOT stats - zero: 152 - one: 2899 - lit: 23 - clause: 0
ITP proof core: (root: 25,0 + chain: 101 (res: 277) - ref2: 62) / tot:126
ITP proof red Simpl (impl: 0): 0
ITP proof core: (root: 25,0 + chain: 101 (res: 277) - ref2: 62) / tot:126
ITP proof remapped roots: 39 - eq nodes: 13 - tot: 123
ROOT stats - zero: 0 - one: 0 - lit: 23 - clause: 0
ITP proof core: (root: 35,0 + chain: 84 (res: 223) - ref2: 51) / tot:123
ITP proof dupv: 0 [impl: 0] - implNodes: 0
ITP proof core: (root: 35,0 + chain: 84 (res: 223) - ref2: 51) / tot:123
ITP proof remapped roots: 39 - eq nodes: 0 - tot: 119
ROOT stats - zero: 0 - one: 0 - lit: 21 - clause: 12
ITP proof core: (root: 34,0 + chain: 80 (res: 212) - ref2: 49) / tot:119
ITP proof dupv: 0 - implNodesOdc: 20
ITP proof core: (root: 34,0 + chain: 80 (res: 192) - ref2: 49) / tot:119
ITP proof dupv: 0 [impl: 0] - implNodes: 0
interpolant OPT: 0 (0,0)
interpolant AUXV: 0 - AIG nodes 82976
itp stats: clause terms/a/o/ao -> 80/0/0/80 - A nodes: 80 (and->or): 0
itp opt: 139 -> 139
TO: 139 (supp: 17) - AIG nodes 82972
TO*TO+: 163 (supp: 20)
|to:163|.
   |tr|=3871 |reached|=2358.
*** Trav time: 11.25 s (norm 8.33 s) ***
ring 14 - safe for bound 13
  Reusing SAME CONE ring
fp chkTime: 0.02 s (norm 0.02 s)
  Aig interpolant inner iteration 14: |from:4012| -> min/avg/max red id: 29/88/119
FOUND 14 const REDUNDANCIES
red size: 66 - F size 120 -> 120
part cone - taking part[14/28] of size: 20650
RECHECKED 1(1 const) EQUIVALENCES (ac: 1)
FOUND 1(1 const) EQUIVALENCES - size 4012 -> 4008
computing interpolant in TO+
ITP (|A|=3506,|B|=20676)
ITP time limit: 10000
Solver stats: 23882/32470 vars/clauses (elim v/cl:0/0)
Solver stats: 42800/455081/1372 dec./prop./confl.
Solver stats: time = 0.05 s (norm 0.05 s)
Solver Validation time = 0.00 s (norm 0.00 s))
Solver Replay time = 0.00 s (norm 0.00 s))
computing interpolant from refutation proof of size 1627 (AIG nodes: 82937)
# A cl: 102/3246
ITP proof core: (root: 3103,145 + chain: 1034 (res: 14798) - ref2: 626) / tot:4470
ITP proof remapped roots: 17 - eq nodes: 924 - tot: 127
ROOT stats - zero: 87 - one: 2999 - lit: 15 - clause: 0
ITP proof core: (root: 17,0 + chain: 110 (res: 315) - ref2: 73) / tot:127
ITP proof red Simpl (impl: 0): 0
ITP proof core: (root: 17,0 + chain: 110 (res: 315) - ref2: 73) / tot:127
ITP proof remapped roots: 25 - eq nodes: 41 - tot: 85
ROOT stats - zero: 0 - one: 0 - lit: 15 - clause: 0
ITP proof core: (root: 19,0 + chain: 60 (res: 173) - ref2: 44) / tot:85
ITP proof dupv: 0 [impl: 0] - implNodes: 0
ITP proof core: (root: 19,0 + chain: 60 (res: 173) - ref2: 44) / tot:85
ITP proof remapped roots: 19 - eq nodes: 0 - tot: 76
ROOT stats - zero: 0 - one: 0 - lit: 9 - clause: 8
ITP proof core: (root: 17,0 + chain: 57 (res: 160) - ref2: 43) / tot:76
ITP proof dupv: 0 - implNodesOdc: 61
ITP proof core: (root: 17,0 + chain: 57 (res: 99) - ref2: 43) / tot:76
ITP proof dupv: 0 [impl: 0] - implNodes: 0
interpolant OPT: 0 (0,0)
interpolant AUXV: 0 - AIG nodes 82990
itp stats: clause terms/a/o/ao -> 57/0/0/57 - A nodes: 57 (and->or): 0
itp opt: 77 -> 77
TO: 77 (supp: 13) - AIG nodes 82985
TO*TO+: 113 (supp: 20)
|to:113|.
   |tr|=3871 |reached|=2431.
*** Trav time: 11.67 s (norm 8.76 s) ***
ring 15 - safe for bound 13
  Reusing SAME CONE ring
FWD ITP fix-point at depth 15
BWD fix point at bound 0.
Lazy Pass at Depth 0.
THRD: IGR - peak AIG: 89665
Invariant verification TERMINATED with 0 [IGR]

Thread IGR activated
-- FSM Manager Quit.

Invariant verification completed by engine: IGR
Verification result (PASS) written to file pfcache16.pdtrav.out
-- FSM Manager Quit.
-- FSM Manager Quit.
-- FSM Manager Quit.
-- TRAV Manager Quit.
Total used memory: 37.85 MBytes
Total Verification Time: 9.9
Total Execution Time: 14.20 s (norm 10.49 s)
## PdTRAV End.
[runlim] end:			Fri Jul 15 16:49:20 2022
[runlim] status:		ok
[runlim] result:		0
[runlim] children:		0
[runlim] real:			16.22 seconds
[runlim] time:			14.84 seconds
[runlim] space:			172.6 MB
[runlim] samples:		156
